Error: Cannot find module 'dotenv'
Require stack:
- /home/miracle/Downloads/i222676_C_Lab2/Lab2/BookingService/server.js
    at Module._resolveFilename (node:internal/modules/cjs/loader:1140:15)
    at Hook._require.Module.require (/usr/lib/node_modules/pm2/node_modules/require-in-the-middle/index.js:81:25)
    at require (node:internal/modules/helpers:177:18)
    at Object.<anonymous> (/home/miracle/Downloads/i222676_C_Lab2/Lab2/BookingService/server.js:4:16)
    at Module._compile (node:internal/modules/cjs/loader:1364:14)
    at Module._extensions..js (node:internal/modules/cjs/loader:1422:10)
    at Module.load (node:internal/modules/cjs/loader:1203:32)
    at Module._load (node:internal/modules/cjs/loader:1019:12)
    at Object.<anonymous> (/usr/lib/node_modules/pm2/lib/ProcessContainerFork.js:33:23)
    at Module._compile (node:internal/modules/cjs/loader:1364:14) {
  code: 'MODULE_NOT_FOUND',
  requireStack: [
    '/home/miracle/Downloads/i222676_C_Lab2/Lab2/BookingService/server.js'
  ]
}
Error: Cannot find module 'dotenv'
Require stack:
- /home/miracle/Downloads/i222676_C_Lab2/Lab2/BookingService/server.js
    at Module._resolveFilename (node:internal/modules/cjs/loader:1140:15)
    at Hook._require.Module.require (/usr/lib/node_modules/pm2/node_modules/require-in-the-middle/index.js:81:25)
    at require (node:internal/modules/helpers:177:18)
    at Object.<anonymous> (/home/miracle/Downloads/i222676_C_Lab2/Lab2/BookingService/server.js:4:16)
    at Module._compile (node:internal/modules/cjs/loader:1364:14)
    at Module._extensions..js (node:internal/modules/cjs/loader:1422:10)
    at Module.load (node:internal/modules/cjs/loader:1203:32)
    at Module._load (node:internal/modules/cjs/loader:1019:12)
    at Object.<anonymous> (/usr/lib/node_modules/pm2/lib/ProcessContainerFork.js:33:23)
    at Module._compile (node:internal/modules/cjs/loader:1364:14) {
  code: 'MODULE_NOT_FOUND',
  requireStack: [
    '/home/miracle/Downloads/i222676_C_Lab2/Lab2/BookingService/server.js'
  ]
}
Error: Cannot find module 'dotenv'
Require stack:
- /home/miracle/Downloads/i222676_C_Lab2/Lab2/BookingService/server.js
    at Module._resolveFilename (node:internal/modules/cjs/loader:1140:15)
    at Hook._require.Module.require (/usr/lib/node_modules/pm2/node_modules/require-in-the-middle/index.js:81:25)
    at require (node:internal/modules/helpers:177:18)
    at Object.<anonymous> (/home/miracle/Downloads/i222676_C_Lab2/Lab2/BookingService/server.js:4:16)
    at Module._compile (node:internal/modules/cjs/loader:1364:14)
    at Module._extensions..js (node:internal/modules/cjs/loader:1422:10)
    at Module.load (node:internal/modules/cjs/loader:1203:32)
    at Module._load (node:internal/modules/cjs/loader:1019:12)
    at Object.<anonymous> (/usr/lib/node_modules/pm2/lib/ProcessContainerFork.js:33:23)
    at Module._compile (node:internal/modules/cjs/loader:1364:14) {
  code: 'MODULE_NOT_FOUND',
  requireStack: [
    '/home/miracle/Downloads/i222676_C_Lab2/Lab2/BookingService/server.js'
  ]
}
Error: Cannot find module 'dotenv'
Require stack:
- /home/miracle/Downloads/i222676_C_Lab2/Lab2/BookingService/server.js
    at Module._resolveFilename (node:internal/modules/cjs/loader:1140:15)
    at Hook._require.Module.require (/usr/lib/node_modules/pm2/node_modules/require-in-the-middle/index.js:81:25)
    at require (node:internal/modules/helpers:177:18)
    at Object.<anonymous> (/home/miracle/Downloads/i222676_C_Lab2/Lab2/BookingService/server.js:4:16)
    at Module._compile (node:internal/modules/cjs/loader:1364:14)
    at Module._extensions..js (node:internal/modules/cjs/loader:1422:10)
    at Module.load (node:internal/modules/cjs/loader:1203:32)
    at Module._load (node:internal/modules/cjs/loader:1019:12)
    at Object.<anonymous> (/usr/lib/node_modules/pm2/lib/ProcessContainerFork.js:33:23)
    at Module._compile (node:internal/modules/cjs/loader:1364:14) {
  code: 'MODULE_NOT_FOUND',
  requireStack: [
    '/home/miracle/Downloads/i222676_C_Lab2/Lab2/BookingService/server.js'
  ]
}
Error: Cannot find module 'dotenv'
Require stack:
- /home/miracle/Downloads/i222676_C_Lab2/Lab2/BookingService/server.js
    at Module._resolveFilename (node:internal/modules/cjs/loader:1140:15)
    at Hook._require.Module.require (/usr/lib/node_modules/pm2/node_modules/require-in-the-middle/index.js:81:25)
    at require (node:internal/modules/helpers:177:18)
    at Object.<anonymous> (/home/miracle/Downloads/i222676_C_Lab2/Lab2/BookingService/server.js:4:16)
    at Module._compile (node:internal/modules/cjs/loader:1364:14)
    at Module._extensions..js (node:internal/modules/cjs/loader:1422:10)
    at Module.load (node:internal/modules/cjs/loader:1203:32)
    at Module._load (node:internal/modules/cjs/loader:1019:12)
    at Object.<anonymous> (/usr/lib/node_modules/pm2/lib/ProcessContainerFork.js:33:23)
    at Module._compile (node:internal/modules/cjs/loader:1364:14) {
  code: 'MODULE_NOT_FOUND',
  requireStack: [
    '/home/miracle/Downloads/i222676_C_Lab2/Lab2/BookingService/server.js'
  ]
}
Error: Cannot find module 'dotenv'
Require stack:
- /home/miracle/Downloads/i222676_C_Lab2/Lab2/BookingService/server.js
    at Module._resolveFilename (node:internal/modules/cjs/loader:1140:15)
    at Hook._require.Module.require (/usr/lib/node_modules/pm2/node_modules/require-in-the-middle/index.js:81:25)
    at require (node:internal/modules/helpers:177:18)
    at Object.<anonymous> (/home/miracle/Downloads/i222676_C_Lab2/Lab2/BookingService/server.js:4:16)
    at Module._compile (node:internal/modules/cjs/loader:1364:14)
    at Module._extensions..js (node:internal/modules/cjs/loader:1422:10)
    at Module.load (node:internal/modules/cjs/loader:1203:32)
    at Module._load (node:internal/modules/cjs/loader:1019:12)
    at Object.<anonymous> (/usr/lib/node_modules/pm2/lib/ProcessContainerFork.js:33:23)
    at Module._compile (node:internal/modules/cjs/loader:1364:14) {
  code: 'MODULE_NOT_FOUND',
  requireStack: [
    '/home/miracle/Downloads/i222676_C_Lab2/Lab2/BookingService/server.js'
  ]
}
Error: Cannot find module 'dotenv'
Require stack:
- /home/miracle/Downloads/i222676_C_Lab2/Lab2/BookingService/server.js
    at Module._resolveFilename (node:internal/modules/cjs/loader:1140:15)
    at Hook._require.Module.require (/usr/lib/node_modules/pm2/node_modules/require-in-the-middle/index.js:81:25)
    at require (node:internal/modules/helpers:177:18)
    at Object.<anonymous> (/home/miracle/Downloads/i222676_C_Lab2/Lab2/BookingService/server.js:4:16)
    at Module._compile (node:internal/modules/cjs/loader:1364:14)
    at Module._extensions..js (node:internal/modules/cjs/loader:1422:10)
    at Module.load (node:internal/modules/cjs/loader:1203:32)
    at Module._load (node:internal/modules/cjs/loader:1019:12)
    at Object.<anonymous> (/usr/lib/node_modules/pm2/lib/ProcessContainerFork.js:33:23)
    at Module._compile (node:internal/modules/cjs/loader:1364:14) {
  code: 'MODULE_NOT_FOUND',
  requireStack: [
    '/home/miracle/Downloads/i222676_C_Lab2/Lab2/BookingService/server.js'
  ]
}
Error: Cannot find module 'dotenv'
Require stack:
- /home/miracle/Downloads/i222676_C_Lab2/Lab2/BookingService/server.js
    at Module._resolveFilename (node:internal/modules/cjs/loader:1140:15)
    at Hook._require.Module.require (/usr/lib/node_modules/pm2/node_modules/require-in-the-middle/index.js:81:25)
    at require (node:internal/modules/helpers:177:18)
    at Object.<anonymous> (/home/miracle/Downloads/i222676_C_Lab2/Lab2/BookingService/server.js:4:16)
    at Module._compile (node:internal/modules/cjs/loader:1364:14)
    at Module._extensions..js (node:internal/modules/cjs/loader:1422:10)
    at Module.load (node:internal/modules/cjs/loader:1203:32)
    at Module._load (node:internal/modules/cjs/loader:1019:12)
    at Object.<anonymous> (/usr/lib/node_modules/pm2/lib/ProcessContainerFork.js:33:23)
    at Module._compile (node:internal/modules/cjs/loader:1364:14) {
  code: 'MODULE_NOT_FOUND',
  requireStack: [
    '/home/miracle/Downloads/i222676_C_Lab2/Lab2/BookingService/server.js'
  ]
}
Error: Cannot find module 'dotenv'
Require stack:
- /home/miracle/Downloads/i222676_C_Lab2/Lab2/BookingService/server.js
    at Module._resolveFilename (node:internal/modules/cjs/loader:1140:15)
    at Hook._require.Module.require (/usr/lib/node_modules/pm2/node_modules/require-in-the-middle/index.js:81:25)
    at require (node:internal/modules/helpers:177:18)
    at Object.<anonymous> (/home/miracle/Downloads/i222676_C_Lab2/Lab2/BookingService/server.js:4:16)
    at Module._compile (node:internal/modules/cjs/loader:1364:14)
    at Module._extensions..js (node:internal/modules/cjs/loader:1422:10)
    at Module.load (node:internal/modules/cjs/loader:1203:32)
    at Module._load (node:internal/modules/cjs/loader:1019:12)
    at Object.<anonymous> (/usr/lib/node_modules/pm2/lib/ProcessContainerFork.js:33:23)
    at Module._compile (node:internal/modules/cjs/loader:1364:14) {
  code: 'MODULE_NOT_FOUND',
  requireStack: [
    '/home/miracle/Downloads/i222676_C_Lab2/Lab2/BookingService/server.js'
  ]
}
Error: Cannot find module 'dotenv'
Require stack:
- /home/miracle/Downloads/i222676_C_Lab2/Lab2/BookingService/server.js
    at Module._resolveFilename (node:internal/modules/cjs/loader:1140:15)
    at Hook._require.Module.require (/usr/lib/node_modules/pm2/node_modules/require-in-the-middle/index.js:81:25)
    at require (node:internal/modules/helpers:177:18)
    at Object.<anonymous> (/home/miracle/Downloads/i222676_C_Lab2/Lab2/BookingService/server.js:4:16)
    at Module._compile (node:internal/modules/cjs/loader:1364:14)
    at Module._extensions..js (node:internal/modules/cjs/loader:1422:10)
    at Module.load (node:internal/modules/cjs/loader:1203:32)
    at Module._load (node:internal/modules/cjs/loader:1019:12)
    at Object.<anonymous> (/usr/lib/node_modules/pm2/lib/ProcessContainerFork.js:33:23)
    at Module._compile (node:internal/modules/cjs/loader:1364:14) {
  code: 'MODULE_NOT_FOUND',
  requireStack: [
    '/home/miracle/Downloads/i222676_C_Lab2/Lab2/BookingService/server.js'
  ]
}
Error: Cannot find module 'dotenv'
Require stack:
- /home/miracle/Downloads/i222676_C_Lab2/Lab2/BookingService/server.js
    at Module._resolveFilename (node:internal/modules/cjs/loader:1140:15)
    at Hook._require.Module.require (/usr/lib/node_modules/pm2/node_modules/require-in-the-middle/index.js:81:25)
    at require (node:internal/modules/helpers:177:18)
    at Object.<anonymous> (/home/miracle/Downloads/i222676_C_Lab2/Lab2/BookingService/server.js:4:16)
    at Module._compile (node:internal/modules/cjs/loader:1364:14)
    at Module._extensions..js (node:internal/modules/cjs/loader:1422:10)
    at Module.load (node:internal/modules/cjs/loader:1203:32)
    at Module._load (node:internal/modules/cjs/loader:1019:12)
    at Object.<anonymous> (/usr/lib/node_modules/pm2/lib/ProcessContainerFork.js:33:23)
    at Module._compile (node:internal/modules/cjs/loader:1364:14) {
  code: 'MODULE_NOT_FOUND',
  requireStack: [
    '/home/miracle/Downloads/i222676_C_Lab2/Lab2/BookingService/server.js'
  ]
}
Error: Cannot find module 'dotenv'
Require stack:
- /home/miracle/Downloads/i222676_C_Lab2/Lab2/BookingService/server.js
    at Module._resolveFilename (node:internal/modules/cjs/loader:1140:15)
    at Hook._require.Module.require (/usr/lib/node_modules/pm2/node_modules/require-in-the-middle/index.js:81:25)
    at require (node:internal/modules/helpers:177:18)
    at Object.<anonymous> (/home/miracle/Downloads/i222676_C_Lab2/Lab2/BookingService/server.js:4:16)
    at Module._compile (node:internal/modules/cjs/loader:1364:14)
    at Module._extensions..js (node:internal/modules/cjs/loader:1422:10)
    at Module.load (node:internal/modules/cjs/loader:1203:32)
    at Module._load (node:internal/modules/cjs/loader:1019:12)
    at Object.<anonymous> (/usr/lib/node_modules/pm2/lib/ProcessContainerFork.js:33:23)
    at Module._compile (node:internal/modules/cjs/loader:1364:14) {
  code: 'MODULE_NOT_FOUND',
  requireStack: [
    '/home/miracle/Downloads/i222676_C_Lab2/Lab2/BookingService/server.js'
  ]
}
Error: Cannot find module 'dotenv'
Require stack:
- /home/miracle/Downloads/i222676_C_Lab2/Lab2/BookingService/server.js
    at Module._resolveFilename (node:internal/modules/cjs/loader:1140:15)
    at Hook._require.Module.require (/usr/lib/node_modules/pm2/node_modules/require-in-the-middle/index.js:81:25)
    at require (node:internal/modules/helpers:177:18)
    at Object.<anonymous> (/home/miracle/Downloads/i222676_C_Lab2/Lab2/BookingService/server.js:4:16)
    at Module._compile (node:internal/modules/cjs/loader:1364:14)
    at Module._extensions..js (node:internal/modules/cjs/loader:1422:10)
    at Module.load (node:internal/modules/cjs/loader:1203:32)
    at Module._load (node:internal/modules/cjs/loader:1019:12)
    at Object.<anonymous> (/usr/lib/node_modules/pm2/lib/ProcessContainerFork.js:33:23)
    at Module._compile (node:internal/modules/cjs/loader:1364:14) {
  code: 'MODULE_NOT_FOUND',
  requireStack: [
    '/home/miracle/Downloads/i222676_C_Lab2/Lab2/BookingService/server.js'
  ]
}
Error: Cannot find module 'dotenv'
Require stack:
- /home/miracle/Downloads/i222676_C_Lab2/Lab2/BookingService/server.js
    at Module._resolveFilename (node:internal/modules/cjs/loader:1140:15)
    at Hook._require.Module.require (/usr/lib/node_modules/pm2/node_modules/require-in-the-middle/index.js:81:25)
    at require (node:internal/modules/helpers:177:18)
    at Object.<anonymous> (/home/miracle/Downloads/i222676_C_Lab2/Lab2/BookingService/server.js:4:16)
    at Module._compile (node:internal/modules/cjs/loader:1364:14)
    at Module._extensions..js (node:internal/modules/cjs/loader:1422:10)
    at Module.load (node:internal/modules/cjs/loader:1203:32)
    at Module._load (node:internal/modules/cjs/loader:1019:12)
    at Object.<anonymous> (/usr/lib/node_modules/pm2/lib/ProcessContainerFork.js:33:23)
    at Module._compile (node:internal/modules/cjs/loader:1364:14) {
  code: 'MODULE_NOT_FOUND',
  requireStack: [
    '/home/miracle/Downloads/i222676_C_Lab2/Lab2/BookingService/server.js'
  ]
}
Error: Cannot find module 'dotenv'
Require stack:
- /home/miracle/Downloads/i222676_C_Lab2/Lab2/BookingService/server.js
    at Module._resolveFilename (node:internal/modules/cjs/loader:1140:15)
    at Hook._require.Module.require (/usr/lib/node_modules/pm2/node_modules/require-in-the-middle/index.js:81:25)
    at require (node:internal/modules/helpers:177:18)
    at Object.<anonymous> (/home/miracle/Downloads/i222676_C_Lab2/Lab2/BookingService/server.js:4:16)
    at Module._compile (node:internal/modules/cjs/loader:1364:14)
    at Module._extensions..js (node:internal/modules/cjs/loader:1422:10)
    at Module.load (node:internal/modules/cjs/loader:1203:32)
    at Module._load (node:internal/modules/cjs/loader:1019:12)
    at Object.<anonymous> (/usr/lib/node_modules/pm2/lib/ProcessContainerFork.js:33:23)
    at Module._compile (node:internal/modules/cjs/loader:1364:14) {
  code: 'MODULE_NOT_FOUND',
  requireStack: [
    '/home/miracle/Downloads/i222676_C_Lab2/Lab2/BookingService/server.js'
  ]
}
Error: Cannot find module 'dotenv'
Require stack:
- /home/miracle/Downloads/i222676_C_Lab2/Lab2/BookingService/server.js
    at Module._resolveFilename (node:internal/modules/cjs/loader:1140:15)
    at Hook._require.Module.require (/usr/lib/node_modules/pm2/node_modules/require-in-the-middle/index.js:81:25)
    at require (node:internal/modules/helpers:177:18)
    at Object.<anonymous> (/home/miracle/Downloads/i222676_C_Lab2/Lab2/BookingService/server.js:4:16)
    at Module._compile (node:internal/modules/cjs/loader:1364:14)
    at Module._extensions..js (node:internal/modules/cjs/loader:1422:10)
    at Module.load (node:internal/modules/cjs/loader:1203:32)
    at Module._load (node:internal/modules/cjs/loader:1019:12)
    at Object.<anonymous> (/usr/lib/node_modules/pm2/lib/ProcessContainerFork.js:33:23)
    at Module._compile (node:internal/modules/cjs/loader:1364:14) {
  code: 'MODULE_NOT_FOUND',
  requireStack: [
    '/home/miracle/Downloads/i222676_C_Lab2/Lab2/BookingService/server.js'
  ]
}
Error: Cannot find module 'dotenv'
Require stack:
- /home/miracle/Downloads/i222676_C_Lab2/Lab2/BookingService/server.js
    at Module._resolveFilename (node:internal/modules/cjs/loader:1140:15)
    at Hook._require.Module.require (/usr/lib/node_modules/pm2/node_modules/require-in-the-middle/index.js:81:25)
    at require (node:internal/modules/helpers:177:18)
    at Object.<anonymous> (/home/miracle/Downloads/i222676_C_Lab2/Lab2/BookingService/server.js:4:16)
    at Module._compile (node:internal/modules/cjs/loader:1364:14)
    at Module._extensions..js (node:internal/modules/cjs/loader:1422:10)
    at Module.load (node:internal/modules/cjs/loader:1203:32)
    at Module._load (node:internal/modules/cjs/loader:1019:12)
    at Object.<anonymous> (/usr/lib/node_modules/pm2/lib/ProcessContainerFork.js:33:23)
    at Module._compile (node:internal/modules/cjs/loader:1364:14) {
  code: 'MODULE_NOT_FOUND',
  requireStack: [
    '/home/miracle/Downloads/i222676_C_Lab2/Lab2/BookingService/server.js'
  ]
}
Error: Cannot find module 'dotenv'
Require stack:
- /home/miracle/Downloads/i222676_C_Lab2/Lab2/BookingService/server.js
    at Module._resolveFilename (node:internal/modules/cjs/loader:1140:15)
    at Hook._require.Module.require (/usr/lib/node_modules/pm2/node_modules/require-in-the-middle/index.js:81:25)
    at require (node:internal/modules/helpers:177:18)
    at Object.<anonymous> (/home/miracle/Downloads/i222676_C_Lab2/Lab2/BookingService/server.js:4:16)
    at Module._compile (node:internal/modules/cjs/loader:1364:14)
    at Module._extensions..js (node:internal/modules/cjs/loader:1422:10)
    at Module.load (node:internal/modules/cjs/loader:1203:32)
    at Module._load (node:internal/modules/cjs/loader:1019:12)
    at Object.<anonymous> (/usr/lib/node_modules/pm2/lib/ProcessContainerFork.js:33:23)
    at Module._compile (node:internal/modules/cjs/loader:1364:14) {
  code: 'MODULE_NOT_FOUND',
  requireStack: [
    '/home/miracle/Downloads/i222676_C_Lab2/Lab2/BookingService/server.js'
  ]
}
Error: listen EADDRINUSE: address already in use :::8081
    at Server.setupListenHandle [as _listen2] (node:net:1817:16)
    at listenInCluster (node:net:1865:12)
    at Server.listen (node:net:1953:7)
    at Function.listen (/home/miracle/Downloads/i222676_C_Lab2/Lab2/CarService/node_modules/express/lib/application.js:635:24)
    at Object.<anonymous> (/home/miracle/Downloads/i222676_C_Lab2/Lab2/CarService/server.js:70:5)
    at Module._compile (node:internal/modules/cjs/loader:1364:14)
    at Module._extensions..js (node:internal/modules/cjs/loader:1422:10)
    at Module.load (node:internal/modules/cjs/loader:1203:32)
    at Module._load (node:internal/modules/cjs/loader:1019:12)
    at Object.<anonymous> (/usr/lib/node_modules/pm2/lib/ProcessContainerFork.js:33:23) {
  code: 'EADDRINUSE',
  errno: -98,
  syscall: 'listen',
  address: '::',
  port: 8081
}
Error: listen EADDRINUSE: address already in use :::8081
    at Server.setupListenHandle [as _listen2] (node:net:1817:16)
    at listenInCluster (node:net:1865:12)
    at Server.listen (node:net:1953:7)
    at Function.listen (/home/miracle/Downloads/i222676_C_Lab2/Lab2/CarService/node_modules/express/lib/application.js:635:24)
    at Object.<anonymous> (/home/miracle/Downloads/i222676_C_Lab2/Lab2/CarService/server.js:70:5)
    at Module._compile (node:internal/modules/cjs/loader:1364:14)
    at Module._extensions..js (node:internal/modules/cjs/loader:1422:10)
    at Module.load (node:internal/modules/cjs/loader:1203:32)
    at Module._load (node:internal/modules/cjs/loader:1019:12)
    at Object.<anonymous> (/usr/lib/node_modules/pm2/lib/ProcessContainerFork.js:33:23) {
  code: 'EADDRINUSE',
  errno: -98,
  syscall: 'listen',
  address: '::',
  port: 8081
}
Error: listen EADDRINUSE: address already in use :::8081
    at Server.setupListenHandle [as _listen2] (node:net:1817:16)
    at listenInCluster (node:net:1865:12)
    at Server.listen (node:net:1953:7)
    at Function.listen (/home/miracle/Downloads/i222676_C_Lab2/Lab2/CarService/node_modules/express/lib/application.js:635:24)
    at Object.<anonymous> (/home/miracle/Downloads/i222676_C_Lab2/Lab2/CarService/server.js:70:5)
    at Module._compile (node:internal/modules/cjs/loader:1364:14)
    at Module._extensions..js (node:internal/modules/cjs/loader:1422:10)
    at Module.load (node:internal/modules/cjs/loader:1203:32)
    at Module._load (node:internal/modules/cjs/loader:1019:12)
    at Object.<anonymous> (/usr/lib/node_modules/pm2/lib/ProcessContainerFork.js:33:23) {
  code: 'EADDRINUSE',
  errno: -98,
  syscall: 'listen',
  address: '::',
  port: 8081
}
Error: listen EADDRINUSE: address already in use :::8081
    at Server.setupListenHandle [as _listen2] (node:net:1817:16)
    at listenInCluster (node:net:1865:12)
    at Server.listen (node:net:1953:7)
    at Function.listen (/home/miracle/Downloads/i222676_C_Lab2/Lab2/CarService/node_modules/express/lib/application.js:635:24)
    at Object.<anonymous> (/home/miracle/Downloads/i222676_C_Lab2/Lab2/CarService/server.js:70:5)
    at Module._compile (node:internal/modules/cjs/loader:1364:14)
    at Module._extensions..js (node:internal/modules/cjs/loader:1422:10)
    at Module.load (node:internal/modules/cjs/loader:1203:32)
    at Module._load (node:internal/modules/cjs/loader:1019:12)
    at Object.<anonymous> (/usr/lib/node_modules/pm2/lib/ProcessContainerFork.js:33:23) {
  code: 'EADDRINUSE',
  errno: -98,
  syscall: 'listen',
  address: '::',
  port: 8081
}
Error: listen EADDRINUSE: address already in use :::8081
    at Server.setupListenHandle [as _listen2] (node:net:1817:16)
    at listenInCluster (node:net:1865:12)
    at Server.listen (node:net:1953:7)
    at Function.listen (/home/miracle/Downloads/i222676_C_Lab2/Lab2/CarService/node_modules/express/lib/application.js:635:24)
    at Object.<anonymous> (/home/miracle/Downloads/i222676_C_Lab2/Lab2/CarService/server.js:70:5)
    at Module._compile (node:internal/modules/cjs/loader:1364:14)
    at Module._extensions..js (node:internal/modules/cjs/loader:1422:10)
    at Module.load (node:internal/modules/cjs/loader:1203:32)
    at Module._load (node:internal/modules/cjs/loader:1019:12)
    at Object.<anonymous> (/usr/lib/node_modules/pm2/lib/ProcessContainerFork.js:33:23) {
  code: 'EADDRINUSE',
  errno: -98,
  syscall: 'listen',
  address: '::',
  port: 8081
}
Error: listen EADDRINUSE: address already in use :::8081
    at Server.setupListenHandle [as _listen2] (node:net:1817:16)
    at listenInCluster (node:net:1865:12)
    at Server.listen (node:net:1953:7)
    at Function.listen (/home/miracle/Downloads/i222676_C_Lab2/Lab2/CarService/node_modules/express/lib/application.js:635:24)
    at Object.<anonymous> (/home/miracle/Downloads/i222676_C_Lab2/Lab2/CarService/server.js:70:5)
    at Module._compile (node:internal/modules/cjs/loader:1364:14)
    at Module._extensions..js (node:internal/modules/cjs/loader:1422:10)
    at Module.load (node:internal/modules/cjs/loader:1203:32)
    at Module._load (node:internal/modules/cjs/loader:1019:12)
    at Object.<anonymous> (/usr/lib/node_modules/pm2/lib/ProcessContainerFork.js:33:23) {
  code: 'EADDRINUSE',
  errno: -98,
  syscall: 'listen',
  address: '::',
  port: 8081
}
Error: listen EADDRINUSE: address already in use :::8081
    at Server.setupListenHandle [as _listen2] (node:net:1817:16)
    at listenInCluster (node:net:1865:12)
    at Server.listen (node:net:1953:7)
    at Function.listen (/home/miracle/Downloads/i222676_C_Lab2/Lab2/CarService/node_modules/express/lib/application.js:635:24)
    at Object.<anonymous> (/home/miracle/Downloads/i222676_C_Lab2/Lab2/CarService/server.js:70:5)
    at Module._compile (node:internal/modules/cjs/loader:1364:14)
    at Module._extensions..js (node:internal/modules/cjs/loader:1422:10)
    at Module.load (node:internal/modules/cjs/loader:1203:32)
    at Module._load (node:internal/modules/cjs/loader:1019:12)
    at Object.<anonymous> (/usr/lib/node_modules/pm2/lib/ProcessContainerFork.js:33:23) {
  code: 'EADDRINUSE',
  errno: -98,
  syscall: 'listen',
  address: '::',
  port: 8081
}
Error: listen EADDRINUSE: address already in use :::8081
    at Server.setupListenHandle [as _listen2] (node:net:1817:16)
    at listenInCluster (node:net:1865:12)
    at Server.listen (node:net:1953:7)
    at Function.listen (/home/miracle/Downloads/i222676_C_Lab2/Lab2/CarService/node_modules/express/lib/application.js:635:24)
    at Object.<anonymous> (/home/miracle/Downloads/i222676_C_Lab2/Lab2/CarService/server.js:70:5)
    at Module._compile (node:internal/modules/cjs/loader:1364:14)
    at Module._extensions..js (node:internal/modules/cjs/loader:1422:10)
    at Module.load (node:internal/modules/cjs/loader:1203:32)
    at Module._load (node:internal/modules/cjs/loader:1019:12)
    at Object.<anonymous> (/usr/lib/node_modules/pm2/lib/ProcessContainerFork.js:33:23) {
  code: 'EADDRINUSE',
  errno: -98,
  syscall: 'listen',
  address: '::',
  port: 8081
}
Error: listen EADDRINUSE: address already in use :::8081
    at Server.setupListenHandle [as _listen2] (node:net:1817:16)
    at listenInCluster (node:net:1865:12)
    at Server.listen (node:net:1953:7)
    at Function.listen (/home/miracle/Downloads/i222676_C_Lab2/Lab2/CarService/node_modules/express/lib/application.js:635:24)
    at Object.<anonymous> (/home/miracle/Downloads/i222676_C_Lab2/Lab2/CarService/server.js:70:5)
    at Module._compile (node:internal/modules/cjs/loader:1364:14)
    at Module._extensions..js (node:internal/modules/cjs/loader:1422:10)
    at Module.load (node:internal/modules/cjs/loader:1203:32)
    at Module._load (node:internal/modules/cjs/loader:1019:12)
    at Object.<anonymous> (/usr/lib/node_modules/pm2/lib/ProcessContainerFork.js:33:23) {
  code: 'EADDRINUSE',
  errno: -98,
  syscall: 'listen',
  address: '::',
  port: 8081
}
Error: listen EADDRINUSE: address already in use :::8081
    at Server.setupListenHandle [as _listen2] (node:net:1817:16)
    at listenInCluster (node:net:1865:12)
    at Server.listen (node:net:1953:7)
    at Function.listen (/home/miracle/Downloads/i222676_C_Lab2/Lab2/CarService/node_modules/express/lib/application.js:635:24)
    at Object.<anonymous> (/home/miracle/Downloads/i222676_C_Lab2/Lab2/CarService/server.js:70:5)
    at Module._compile (node:internal/modules/cjs/loader:1364:14)
    at Module._extensions..js (node:internal/modules/cjs/loader:1422:10)
    at Module.load (node:internal/modules/cjs/loader:1203:32)
    at Module._load (node:internal/modules/cjs/loader:1019:12)
    at Object.<anonymous> (/usr/lib/node_modules/pm2/lib/ProcessContainerFork.js:33:23) {
  code: 'EADDRINUSE',
  errno: -98,
  syscall: 'listen',
  address: '::',
  port: 8081
}
Error: listen EADDRINUSE: address already in use :::8081
    at Server.setupListenHandle [as _listen2] (node:net:1817:16)
    at listenInCluster (node:net:1865:12)
    at Server.listen (node:net:1953:7)
    at Function.listen (/home/miracle/Downloads/i222676_C_Lab2/Lab2/CarService/node_modules/express/lib/application.js:635:24)
    at Object.<anonymous> (/home/miracle/Downloads/i222676_C_Lab2/Lab2/CarService/server.js:70:5)
    at Module._compile (node:internal/modules/cjs/loader:1364:14)
    at Module._extensions..js (node:internal/modules/cjs/loader:1422:10)
    at Module.load (node:internal/modules/cjs/loader:1203:32)
    at Module._load (node:internal/modules/cjs/loader:1019:12)
    at Object.<anonymous> (/usr/lib/node_modules/pm2/lib/ProcessContainerFork.js:33:23) {
  code: 'EADDRINUSE',
  errno: -98,
  syscall: 'listen',
  address: '::',
  port: 8081
}
Error: listen EADDRINUSE: address already in use :::8081
    at Server.setupListenHandle [as _listen2] (node:net:1817:16)
    at listenInCluster (node:net:1865:12)
    at Server.listen (node:net:1953:7)
    at Function.listen (/home/miracle/Downloads/i222676_C_Lab2/Lab2/CarService/node_modules/express/lib/application.js:635:24)
    at Object.<anonymous> (/home/miracle/Downloads/i222676_C_Lab2/Lab2/CarService/server.js:70:5)
    at Module._compile (node:internal/modules/cjs/loader:1364:14)
    at Module._extensions..js (node:internal/modules/cjs/loader:1422:10)
    at Module.load (node:internal/modules/cjs/loader:1203:32)
    at Module._load (node:internal/modules/cjs/loader:1019:12)
    at Object.<anonymous> (/usr/lib/node_modules/pm2/lib/ProcessContainerFork.js:33:23) {
  code: 'EADDRINUSE',
  errno: -98,
  syscall: 'listen',
  address: '::',
  port: 8081
}
Error: listen EADDRINUSE: address already in use :::8081
    at Server.setupListenHandle [as _listen2] (node:net:1817:16)
    at listenInCluster (node:net:1865:12)
    at Server.listen (node:net:1953:7)
    at Function.listen (/home/miracle/Downloads/i222676_C_Lab2/Lab2/CarService/node_modules/express/lib/application.js:635:24)
    at Object.<anonymous> (/home/miracle/Downloads/i222676_C_Lab2/Lab2/CarService/server.js:70:5)
    at Module._compile (node:internal/modules/cjs/loader:1364:14)
    at Module._extensions..js (node:internal/modules/cjs/loader:1422:10)
    at Module.load (node:internal/modules/cjs/loader:1203:32)
    at Module._load (node:internal/modules/cjs/loader:1019:12)
    at Object.<anonymous> (/usr/lib/node_modules/pm2/lib/ProcessContainerFork.js:33:23) {
  code: 'EADDRINUSE',
  errno: -98,
  syscall: 'listen',
  address: '::',
  port: 8081
}
Error: listen EADDRINUSE: address already in use :::8081
    at Server.setupListenHandle [as _listen2] (node:net:1817:16)
    at listenInCluster (node:net:1865:12)
    at Server.listen (node:net:1953:7)
    at Function.listen (/home/miracle/Downloads/i222676_C_Lab2/Lab2/CarService/node_modules/express/lib/application.js:635:24)
    at Object.<anonymous> (/home/miracle/Downloads/i222676_C_Lab2/Lab2/CarService/server.js:70:5)
    at Module._compile (node:internal/modules/cjs/loader:1364:14)
    at Module._extensions..js (node:internal/modules/cjs/loader:1422:10)
    at Module.load (node:internal/modules/cjs/loader:1203:32)
    at Module._load (node:internal/modules/cjs/loader:1019:12)
    at Object.<anonymous> (/usr/lib/node_modules/pm2/lib/ProcessContainerFork.js:33:23) {
  code: 'EADDRINUSE',
  errno: -98,
  syscall: 'listen',
  address: '::',
  port: 8081
}
Error: listen EADDRINUSE: address already in use :::8081
    at Server.setupListenHandle [as _listen2] (node:net:1817:16)
    at listenInCluster (node:net:1865:12)
    at Server.listen (node:net:1953:7)
    at Function.listen (/home/miracle/Downloads/i222676_C_Lab2/Lab2/CarService/node_modules/express/lib/application.js:635:24)
    at Object.<anonymous> (/home/miracle/Downloads/i222676_C_Lab2/Lab2/CarService/server.js:70:5)
    at Module._compile (node:internal/modules/cjs/loader:1364:14)
    at Module._extensions..js (node:internal/modules/cjs/loader:1422:10)
    at Module.load (node:internal/modules/cjs/loader:1203:32)
    at Module._load (node:internal/modules/cjs/loader:1019:12)
    at Object.<anonymous> (/usr/lib/node_modules/pm2/lib/ProcessContainerFork.js:33:23) {
  code: 'EADDRINUSE',
  errno: -98,
  syscall: 'listen',
  address: '::',
  port: 8081
}
Error: listen EADDRINUSE: address already in use :::8081
    at Server.setupListenHandle [as _listen2] (node:net:1817:16)
    at listenInCluster (node:net:1865:12)
    at Server.listen (node:net:1953:7)
    at Function.listen (/home/miracle/Downloads/i222676_C_Lab2/Lab2/CarService/node_modules/express/lib/application.js:635:24)
    at Object.<anonymous> (/home/miracle/Downloads/i222676_C_Lab2/Lab2/CarService/server.js:70:5)
    at Module._compile (node:internal/modules/cjs/loader:1364:14)
    at Module._extensions..js (node:internal/modules/cjs/loader:1422:10)
    at Module.load (node:internal/modules/cjs/loader:1203:32)
    at Module._load (node:internal/modules/cjs/loader:1019:12)
    at Object.<anonymous> (/usr/lib/node_modules/pm2/lib/ProcessContainerFork.js:33:23) {
  code: 'EADDRINUSE',
  errno: -98,
  syscall: 'listen',
  address: '::',
  port: 8081
}
