Car Service running on port 8081
MongooseError: The `uri` parameter to `openUri()` must be a string, got "undefined". Make sure the first parameter to `mongoose.connect()` or `mongoose.createConnection()` is a string.
    at NativeConnection.createClient (/home/miracle/Downloads/i222676_C_Lab2/Lab2/CarService/node_modules/mongoose/lib/drivers/node-mongodb-native/connection.js:225:11)
    at NativeConnection.openUri (/home/miracle/Downloads/i222676_C_Lab2/Lab2/CarService/node_modules/mongoose/lib/connection.js:1016:34)
    at Mongoose.connect (/home/miracle/Downloads/i222676_C_Lab2/Lab2/CarService/node_modules/mongoose/lib/mongoose.js:446:15)
    at Object.<anonymous> (/home/miracle/Downloads/i222676_C_Lab2/Lab2/CarService/server.js:10:10)
    at Module._compile (node:internal/modules/cjs/loader:1364:14)
    at Module._extensions..js (node:internal/modules/cjs/loader:1422:10)
    at Module.load (node:internal/modules/cjs/loader:1203:32)
    at Module._load (node:internal/modules/cjs/loader:1019:12)
    at Object.<anonymous> (/usr/lib/node_modules/pm2/lib/ProcessContainerFork.js:33:23)
    at Module._compile (node:internal/modules/cjs/loader:1364:14)
User Service running on port 8082
MongooseError: The `uri` parameter to `openUri()` must be a string, got "undefined". Make sure the first parameter to `mongoose.connect()` or `mongoose.createConnection()` is a string.
    at NativeConnection.createClient (/home/miracle/Downloads/i222676_C_Lab2/Lab2/UserService/node_modules/mongoose/lib/drivers/node-mongodb-native/connection.js:225:11)
    at NativeConnection.openUri (/home/miracle/Downloads/i222676_C_Lab2/Lab2/UserService/node_modules/mongoose/lib/connection.js:1016:34)
    at Mongoose.connect (/home/miracle/Downloads/i222676_C_Lab2/Lab2/UserService/node_modules/mongoose/lib/mongoose.js:446:15)
    at Object.<anonymous> (/home/miracle/Downloads/i222676_C_Lab2/Lab2/UserService/server.js:10:10)
    at Module._compile (node:internal/modules/cjs/loader:1364:14)
    at Module._extensions..js (node:internal/modules/cjs/loader:1422:10)
    at Module.load (node:internal/modules/cjs/loader:1203:32)
    at Module._load (node:internal/modules/cjs/loader:1019:12)
    at Object.<anonymous> (/usr/lib/node_modules/pm2/lib/ProcessContainerFork.js:33:23)
    at Module._compile (node:internal/modules/cjs/loader:1364:14)
