0 verbose cli /usr/bin/node /usr/bin/npm
1 info using npm@10.8.2
2 info using node@v18.20.6
3 silly config load:file:/usr/lib/node_modules/npm/npmrc
4 silly config load:file:/home/miracle/.npmrc
5 silly config load:file:/usr/etc/npmrc
6 verbose title npm install pm2
7 verbose argv "install" "--global" "pm2"
8 verbose logfile logs-max:10 dir:/home/miracle/.npm/_logs/2025-02-27T03_59_55_546Z-
9 verbose logfile /home/miracle/.npm/_logs/2025-02-27T03_59_55_546Z-debug-0.log
10 silly packumentCache heap:2197815296 maxSize:549453824 maxEntrySize:274726912
11 silly logfile start cleaning logs, removing 1 files
12 silly logfile done cleaning log files
13 silly idealTree buildDeps
14 silly fetch manifest pm2@*
15 silly packumentCache full:https://registry.npmjs.org/pm2 cache-miss
16 http fetch GET 200 https://registry.npmjs.org/pm2 21ms (cache hit)
17 silly packumentCache full:https://registry.npmjs.org/pm2 set size:1010922 disposed:false
18 silly placeDep ROOT pm2@5.4.3 OK for:  want: *
19 silly fetch manifest async@~3.2.0
20 silly packumentCache full:https://registry.npmjs.org/async cache-miss
21 silly fetch manifest chalk@3.0.0
22 silly packumentCache full:https://registry.npmjs.org/chalk cache-miss
23 silly fetch manifest dayjs@~1.11.5
24 silly packumentCache full:https://registry.npmjs.org/dayjs cache-miss
25 http fetch GET 200 https://registry.npmjs.org/async 15ms (cache hit)
26 silly packumentCache full:https://registry.npmjs.org/async set size:230496 disposed:false
27 silly fetch manifest debug@^4.3.1
28 silly packumentCache full:https://registry.npmjs.org/debug cache-miss
29 http fetch GET 200 https://registry.npmjs.org/chalk 22ms (cache hit)
30 silly packumentCache full:https://registry.npmjs.org/chalk set size:122561 disposed:false
31 silly fetch manifest croner@~4.1.92
32 silly packumentCache full:https://registry.npmjs.org/croner cache-miss
33 http fetch GET 200 https://registry.npmjs.org/dayjs 27ms (cache hit)
34 silly packumentCache full:https://registry.npmjs.org/dayjs set size:463143 disposed:false
35 silly fetch manifest fclone@1.0.11
36 silly packumentCache full:https://registry.npmjs.org/fclone cache-miss
37 http fetch GET 200 https://registry.npmjs.org/debug 25ms (cache hit)
38 silly packumentCache full:https://registry.npmjs.org/debug set size:191220 disposed:false
39 silly fetch manifest mkdirp@1.0.4
40 silly packumentCache full:https://registry.npmjs.org/mkdirp cache-miss
41 http fetch GET 200 https://registry.npmjs.org/fclone 15ms (cache hit)
42 silly packumentCache full:https://registry.npmjs.org/fclone set size:19653 disposed:false
43 silly fetch manifest needle@2.4.0
44 silly packumentCache full:https://registry.npmjs.org/needle cache-miss
45 http fetch GET 200 https://registry.npmjs.org/croner 28ms (cache hit)
46 silly packumentCache full:https://registry.npmjs.org/croner set size:692123 disposed:false
47 silly fetch manifest semver@^7.2
48 silly packumentCache full:https://registry.npmjs.org/semver cache-miss
49 http fetch GET 200 https://registry.npmjs.org/needle 26ms (cache hit)
50 silly packumentCache full:https://registry.npmjs.org/needle set size:227370 disposed:false
51 silly fetch manifest vizion@~2.2.1
52 silly packumentCache full:https://registry.npmjs.org/vizion cache-miss
53 http fetch GET 200 https://registry.npmjs.org/semver 19ms (cache hit)
54 silly packumentCache full:https://registry.npmjs.org/semver set size:221512 disposed:false
55 silly fetch manifest @pm2/io@~6.0.1
56 silly packumentCache full:https://registry.npmjs.org/@pm2%2fio cache-miss
57 http fetch GET 200 https://registry.npmjs.org/mkdirp 46ms (cache hit)
58 silly packumentCache full:https://registry.npmjs.org/mkdirp set size:116455 disposed:false
59 silly fetch manifest blessed@0.1.81
60 silly packumentCache full:https://registry.npmjs.org/blessed cache-miss
61 http fetch GET 200 https://registry.npmjs.org/vizion 20ms (cache hit)
62 silly packumentCache full:https://registry.npmjs.org/vizion set size:64651 disposed:false
63 silly fetch manifest js-yaml@~4.1.0
64 silly packumentCache full:https://registry.npmjs.org/js-yaml cache-miss
65 http fetch GET 200 https://registry.npmjs.org/@pm2%2fio 14ms (cache hit)
66 silly packumentCache full:https://registry.npmjs.org/@pm2%2fio set size:523015 disposed:false
67 silly fetch manifest chokidar@^3.5.3
68 silly packumentCache full:https://registry.npmjs.org/chokidar cache-miss
69 http fetch GET 200 https://registry.npmjs.org/blessed 18ms (cache hit)
70 silly packumentCache full:https://registry.npmjs.org/blessed set size:167906 disposed:false
71 silly fetch manifest enquirer@2.3.6
72 silly packumentCache full:https://registry.npmjs.org/enquirer cache-miss
73 http fetch GET 200 https://registry.npmjs.org/enquirer 10ms (cache hit)
74 silly packumentCache full:https://registry.npmjs.org/enquirer set size:203040 disposed:false
75 silly fetch manifest pidusage@~3.0
76 silly packumentCache full:https://registry.npmjs.org/pidusage cache-miss
77 http fetch GET 200 https://registry.npmjs.org/chokidar 21ms (cache hit)
78 silly packumentCache full:https://registry.npmjs.org/chokidar set size:253451 disposed:false
79 silly fetch manifest pm2-axon@~4.0.1
80 silly packumentCache full:https://registry.npmjs.org/pm2-axon cache-miss
81 http fetch GET 200 https://registry.npmjs.org/js-yaml 36ms (cache hit)
82 silly packumentCache full:https://registry.npmjs.org/js-yaml set size:145975 disposed:false
83 silly fetch manifest promptly@^2
84 silly packumentCache full:https://registry.npmjs.org/promptly cache-miss
85 http fetch GET 200 https://registry.npmjs.org/promptly 6ms (cache hit)
86 silly packumentCache full:https://registry.npmjs.org/promptly set size:37330 disposed:false
87 silly fetch manifest commander@2.15.1
88 silly packumentCache full:https://registry.npmjs.org/commander cache-miss
89 http fetch GET 200 https://registry.npmjs.org/pm2-axon 13ms (cache hit)
90 silly packumentCache full:https://registry.npmjs.org/pm2-axon set size:44221 disposed:false
91 silly fetch manifest @pm2/agent@~2.0.0
92 silly packumentCache full:https://registry.npmjs.org/@pm2%2fagent cache-miss
93 http fetch GET 200 https://registry.npmjs.org/pidusage 25ms (cache hit)
94 silly packumentCache full:https://registry.npmjs.org/pidusage set size:108904 disposed:false
95 silly fetch manifest pm2-deploy@~1.0.2
96 silly packumentCache full:https://registry.npmjs.org/pm2-deploy cache-miss
97 http fetch GET 200 https://registry.npmjs.org/@pm2%2fagent 29ms (cache hit)
98 silly packumentCache full:https://registry.npmjs.org/@pm2%2fagent set size:110996 disposed:false
99 silly fetch manifest sprintf-js@1.1.2
100 silly packumentCache full:https://registry.npmjs.org/sprintf-js cache-miss
101 http fetch GET 200 https://registry.npmjs.org/pm2-deploy 30ms (cache hit)
102 silly packumentCache full:https://registry.npmjs.org/pm2-deploy set size:43526 disposed:false
103 silly fetch manifest @pm2/js-api@~0.8.0
104 silly packumentCache full:https://registry.npmjs.org/@pm2%2fjs-api cache-miss
105 http fetch GET 200 https://registry.npmjs.org/commander 48ms (cache hit)
106 silly packumentCache full:https://registry.npmjs.org/commander set size:336656 disposed:false
107 silly fetch manifest cli-tableau@^2.0.0
108 silly packumentCache full:https://registry.npmjs.org/cli-tableau cache-miss
109 http fetch GET 200 https://registry.npmjs.org/sprintf-js 31ms (cache hit)
110 silly packumentCache full:https://registry.npmjs.org/sprintf-js set size:20495 disposed:false
111 silly fetch manifest pm2-axon-rpc@~0.7.1
112 silly packumentCache full:https://registry.npmjs.org/pm2-axon-rpc cache-miss
113 http fetch GET 200 https://registry.npmjs.org/cli-tableau 16ms (cache hit)
114 silly packumentCache full:https://registry.npmjs.org/cli-tableau set size:9593 disposed:false
115 silly fetch manifest eventemitter2@5.0.1
116 silly packumentCache full:https://registry.npmjs.org/eventemitter2 cache-miss
117 http fetch GET 200 https://registry.npmjs.org/@pm2%2fjs-api 34ms (cache hit)
118 silly packumentCache full:https://registry.npmjs.org/@pm2%2fjs-api set size:219753 disposed:false
119 silly fetch manifest pm2-multimeter@^0.1.2
120 silly packumentCache full:https://registry.npmjs.org/pm2-multimeter cache-miss
121 http fetch GET 200 https://registry.npmjs.org/eventemitter2 22ms (cache hit)
122 silly packumentCache full:https://registry.npmjs.org/eventemitter2 set size:172525 disposed:false
123 silly fetch manifest source-map-support@0.5.21
124 silly packumentCache full:https://registry.npmjs.org/source-map-support cache-miss
125 http fetch GET 200 https://registry.npmjs.org/pm2-multimeter 26ms (cache hit)
126 silly packumentCache full:https://registry.npmjs.org/pm2-multimeter set size:7686 disposed:false
127 silly fetch manifest @pm2/pm2-version-check@latest
128 silly packumentCache full:https://registry.npmjs.org/@pm2%2fpm2-version-check cache-miss
129 http fetch GET 200 https://registry.npmjs.org/pm2-axon-rpc 43ms (cache hit)
130 silly packumentCache full:https://registry.npmjs.org/pm2-axon-rpc set size:41743 disposed:false
131 silly fetch manifest pm2-sysmonit@^1.2.8
132 silly packumentCache full:https://registry.npmjs.org/pm2-sysmonit cache-miss
133 http fetch GET 200 https://registry.npmjs.org/@pm2%2fpm2-version-check 19ms (cache hit)
134 silly packumentCache full:https://registry.npmjs.org/@pm2%2fpm2-version-check set size:11335 disposed:false
135 http fetch GET 200 https://registry.npmjs.org/pm2-sysmonit 15ms (cache hit)
136 silly packumentCache full:https://registry.npmjs.org/pm2-sysmonit set size:42261 disposed:false
137 http fetch GET 200 https://registry.npmjs.org/source-map-support 29ms (cache hit)
138 silly packumentCache full:https://registry.npmjs.org/source-map-support set size:125488 disposed:false
139 silly placeDep node_modules/pm2 @pm2/agent@2.0.4 OK for: pm2@5.4.3 want: ~2.0.0
140 silly placeDep node_modules/pm2 @pm2/io@6.0.1 OK for: pm2@5.4.3 want: ~6.0.1
141 silly placeDep node_modules/pm2 @pm2/js-api@0.8.0 OK for: pm2@5.4.3 want: ~0.8.0
142 silly placeDep node_modules/pm2 @pm2/pm2-version-check@1.0.4 OK for: pm2@5.4.3 want: latest
143 silly placeDep node_modules/pm2 async@3.2.6 OK for: pm2@5.4.3 want: ~3.2.0
144 silly placeDep node_modules/pm2 blessed@0.1.81 OK for: pm2@5.4.3 want: 0.1.81
145 silly placeDep node_modules/pm2 chalk@3.0.0 OK for: pm2@5.4.3 want: 3.0.0
146 silly placeDep node_modules/pm2 chokidar@3.6.0 OK for: pm2@5.4.3 want: ^3.5.3
147 silly placeDep node_modules/pm2 cli-tableau@2.0.1 OK for: pm2@5.4.3 want: ^2.0.0
148 silly placeDep node_modules/pm2 commander@2.15.1 OK for: pm2@5.4.3 want: 2.15.1
149 silly placeDep node_modules/pm2 croner@4.1.97 OK for: pm2@5.4.3 want: ~4.1.92
150 silly placeDep node_modules/pm2 dayjs@1.11.13 OK for: pm2@5.4.3 want: ~1.11.5
151 silly placeDep node_modules/pm2 debug@4.4.0 OK for: pm2@5.4.3 want: ^4.3.1
152 silly placeDep node_modules/pm2 enquirer@2.3.6 OK for: pm2@5.4.3 want: 2.3.6
153 silly placeDep node_modules/pm2 eventemitter2@5.0.1 OK for: pm2@5.4.3 want: 5.0.1
154 silly placeDep node_modules/pm2 fclone@1.0.11 OK for: pm2@5.4.3 want: 1.0.11
155 silly placeDep node_modules/pm2 js-yaml@4.1.0 OK for: pm2@5.4.3 want: ~4.1.0
156 silly placeDep node_modules/pm2 mkdirp@1.0.4 OK for: pm2@5.4.3 want: 1.0.4
157 silly placeDep node_modules/pm2 needle@2.4.0 OK for: pm2@5.4.3 want: 2.4.0
158 silly placeDep node_modules/pm2 pidusage@3.0.2 OK for: pm2@5.4.3 want: ~3.0
159 silly placeDep node_modules/pm2 pm2-axon@4.0.1 OK for: pm2@5.4.3 want: ~4.0.1
160 silly placeDep node_modules/pm2 pm2-axon-rpc@0.7.1 OK for: pm2@5.4.3 want: ~0.7.1
161 silly placeDep node_modules/pm2 pm2-deploy@1.0.2 OK for: pm2@5.4.3 want: ~1.0.2
162 silly placeDep node_modules/pm2 pm2-multimeter@0.1.2 OK for: pm2@5.4.3 want: ^0.1.2
163 silly placeDep node_modules/pm2 pm2-sysmonit@1.2.8 OK for: pm2@5.4.3 want: ^1.2.8
164 silly placeDep node_modules/pm2 promptly@2.2.0 OK for: pm2@5.4.3 want: ^2
165 silly placeDep node_modules/pm2 semver@7.7.1 OK for: pm2@5.4.3 want: ^7.2
166 silly placeDep node_modules/pm2 source-map-support@0.5.21 OK for: pm2@5.4.3 want: 0.5.21
167 silly placeDep node_modules/pm2 sprintf-js@1.1.2 OK for: pm2@5.4.3 want: 1.1.2
168 silly placeDep node_modules/pm2 vizion@2.2.1 OK for: pm2@5.4.3 want: ~2.2.1
169 silly fetch manifest ws@~7.5.10
170 silly packumentCache full:https://registry.npmjs.org/ws cache-miss
171 silly fetch manifest chalk@~3.0.0
172 silly packumentCache full:https://registry.npmjs.org/chalk cache-hit
173 silly fetch manifest dayjs@~1.8.24
174 silly packumentCache full:https://registry.npmjs.org/dayjs cache-hit
175 silly fetch manifest debug@~4.3.1
176 silly packumentCache full:https://registry.npmjs.org/debug cache-hit
177 silly fetch manifest fclone@~1.0.11
178 silly packumentCache full:https://registry.npmjs.org/fclone cache-hit
179 silly fetch manifest semver@~7.5.0
180 silly packumentCache full:https://registry.npmjs.org/semver cache-hit
181 silly fetch manifest nssocket@0.6.0
182 silly packumentCache full:https://registry.npmjs.org/nssocket cache-miss
183 silly fetch manifest proxy-agent@~6.3.0
184 silly packumentCache full:https://registry.npmjs.org/proxy-agent cache-miss
185 http fetch GET 200 https://registry.npmjs.org/nssocket 17ms (cache hit)
186 silly packumentCache full:https://registry.npmjs.org/nssocket set size:36528 disposed:false
187 silly fetch manifest pm2-axon-rpc@~0.7.0
188 silly packumentCache full:https://registry.npmjs.org/pm2-axon-rpc cache-hit
189 silly fetch manifest eventemitter2@~5.0.1
190 silly packumentCache full:https://registry.npmjs.org/eventemitter2 cache-hit
191 silly fetch manifest fast-json-patch@^3.0.0-1
192 silly packumentCache full:https://registry.npmjs.org/fast-json-patch cache-miss
193 http fetch GET 200 https://registry.npmjs.org/proxy-agent 23ms (cache hit)
194 silly packumentCache full:https://registry.npmjs.org/proxy-agent set size:70579 disposed:false
195 silly fetch manifest async@~2.6.1
196 silly packumentCache full:https://registry.npmjs.org/async cache-hit
197 silly fetch manifest tslib@1.9.3
198 silly packumentCache full:https://registry.npmjs.org/tslib cache-miss
199 http fetch GET 200 https://registry.npmjs.org/ws 50ms (cache hit)
200 silly packumentCache full:https://registry.npmjs.org/ws set size:406002 disposed:false
201 silly fetch manifest semver@~7.5.4
202 silly packumentCache full:https://registry.npmjs.org/semver cache-hit
203 silly fetch manifest shimmer@^1.2.0
204 silly packumentCache full:https://registry.npmjs.org/shimmer cache-miss
205 http fetch GET 200 https://registry.npmjs.org/shimmer 12ms (cache hit)
206 silly packumentCache full:https://registry.npmjs.org/shimmer set size:22336 disposed:false
207 silly fetch manifest signal-exit@^3.0.3
208 silly packumentCache full:https://registry.npmjs.org/signal-exit cache-miss
209 http fetch GET 200 https://registry.npmjs.org/tslib 29ms (cache hit)
210 silly packumentCache full:https://registry.npmjs.org/tslib set size:108872 disposed:false
211 silly fetch manifest eventemitter2@^6.3.1
212 silly packumentCache full:https://registry.npmjs.org/eventemitter2 cache-hit
213 silly fetch manifest require-in-the-middle@^5.0.0
214 silly packumentCache full:https://registry.npmjs.org/require-in-the-middle cache-miss
215 http fetch GET 200 https://registry.npmjs.org/fast-json-patch 42ms (cache hit)
216 silly packumentCache full:https://registry.npmjs.org/fast-json-patch set size:129532 disposed:false
217 silly fetch manifest async@^2.6.3
218 silly packumentCache full:https://registry.npmjs.org/async cache-hit
219 silly fetch manifest extrareqp2@^1.0.0
220 silly packumentCache full:https://registry.npmjs.org/extrareqp2 cache-miss
221 http fetch GET 200 https://registry.npmjs.org/require-in-the-middle 12ms (cache hit)
222 silly packumentCache full:https://registry.npmjs.org/require-in-the-middle set size:82940 disposed:false
223 silly fetch manifest ws@^7.0.0
224 silly packumentCache full:https://registry.npmjs.org/ws cache-hit
225 silly fetch manifest ansi-styles@^4.1.0
226 silly packumentCache full:https://registry.npmjs.org/ansi-styles cache-miss
227 http fetch GET 200 https://registry.npmjs.org/extrareqp2 16ms (cache hit)
228 silly packumentCache full:https://registry.npmjs.org/extrareqp2 set size:33058 disposed:false
229 silly fetch manifest supports-color@^7.1.0
230 silly packumentCache full:https://registry.npmjs.org/supports-color cache-miss
231 http fetch GET 200 https://registry.npmjs.org/signal-exit 30ms (cache hit)
232 silly packumentCache full:https://registry.npmjs.org/signal-exit set size:53489 disposed:false
233 silly fetch manifest braces@~3.0.2
234 silly packumentCache full:https://registry.npmjs.org/braces cache-miss
235 http fetch GET 200 https://registry.npmjs.org/ansi-styles 20ms (cache hit)
236 silly packumentCache full:https://registry.npmjs.org/ansi-styles set size:66356 disposed:false
237 silly fetch manifest is-glob@~4.0.1
238 silly packumentCache full:https://registry.npmjs.org/is-glob cache-miss
239 http fetch GET 200 https://registry.npmjs.org/supports-color 18ms (cache hit)
240 silly packumentCache full:https://registry.npmjs.org/supports-color set size:115466 disposed:false
241 silly fetch manifest anymatch@~3.1.2
242 silly packumentCache full:https://registry.npmjs.org/anymatch cache-miss
243 http fetch GET 200 https://registry.npmjs.org/braces 15ms (cache hit)
244 silly packumentCache full:https://registry.npmjs.org/braces set size:114529 disposed:false
245 silly fetch manifest readdirp@~3.6.0
246 silly packumentCache full:https://registry.npmjs.org/readdirp cache-miss
247 http fetch GET 200 https://registry.npmjs.org/is-glob 20ms (cache hit)
248 silly packumentCache full:https://registry.npmjs.org/is-glob set size:40530 disposed:false
249 silly fetch manifest glob-parent@~5.1.2
250 silly packumentCache full:https://registry.npmjs.org/glob-parent cache-miss
251 http fetch GET 200 https://registry.npmjs.org/anymatch 19ms (cache hit)
252 silly packumentCache full:https://registry.npmjs.org/anymatch set size:42974 disposed:false
253 silly fetch manifest is-binary-path@~2.1.0
254 silly packumentCache full:https://registry.npmjs.org/is-binary-path cache-miss
255 http fetch GET 200 https://registry.npmjs.org/readdirp 17ms (cache hit)
256 silly packumentCache full:https://registry.npmjs.org/readdirp set size:105089 disposed:false
257 silly fetch manifest normalize-path@~3.0.0
258 silly packumentCache full:https://registry.npmjs.org/normalize-path cache-miss
259 http fetch GET 200 https://registry.npmjs.org/normalize-path 6ms (cache hit)
260 silly packumentCache full:https://registry.npmjs.org/normalize-path set size:28713 disposed:false
261 silly fetch manifest fsevents@~2.3.2
262 silly packumentCache full:https://registry.npmjs.org/fsevents cache-miss
263 http fetch GET 200 https://registry.npmjs.org/glob-parent 17ms (cache hit)
264 silly packumentCache full:https://registry.npmjs.org/glob-parent set size:42445 disposed:false
265 silly fetch manifest ms@^2.1.3
266 silly packumentCache full:https://registry.npmjs.org/ms cache-miss
267 http fetch GET 200 https://registry.npmjs.org/is-binary-path 17ms (cache hit)
268 silly packumentCache full:https://registry.npmjs.org/is-binary-path set size:13475 disposed:false
269 silly fetch manifest ansi-colors@^4.1.1
270 silly packumentCache full:https://registry.npmjs.org/ansi-colors cache-miss
271 http fetch GET 200 https://registry.npmjs.org/ansi-colors 6ms (cache hit)
272 silly packumentCache full:https://registry.npmjs.org/ansi-colors set size:110876 disposed:false
273 silly fetch manifest argparse@^2.0.1
274 silly packumentCache full:https://registry.npmjs.org/argparse cache-miss
275 http fetch GET 200 https://registry.npmjs.org/ms 13ms (cache hit)
276 silly packumentCache full:https://registry.npmjs.org/ms set size:84883 disposed:false
277 silly fetch manifest debug@^3.2.6
278 silly packumentCache full:https://registry.npmjs.org/debug cache-hit
279 silly fetch manifest iconv-lite@^0.4.4
280 silly packumentCache full:https://registry.npmjs.org/iconv-lite cache-miss
281 http fetch GET 200 https://registry.npmjs.org/fsevents 21ms (cache hit)
282 silly packumentCache full:https://registry.npmjs.org/fsevents set size:182472 disposed:false
283 silly fetch manifest sax@^1.2.4
284 silly packumentCache full:https://registry.npmjs.org/sax cache-miss
285 http fetch GET 200 https://registry.npmjs.org/argparse 45ms (cache hit)
286 silly packumentCache full:https://registry.npmjs.org/argparse set size:49266 disposed:false
287 silly fetch manifest safe-buffer@^5.2.1
288 silly packumentCache full:https://registry.npmjs.org/safe-buffer cache-miss
289 http fetch GET 200 https://registry.npmjs.org/iconv-lite 46ms (cache hit)
290 silly packumentCache full:https://registry.npmjs.org/iconv-lite set size:115994 disposed:false
291 silly fetch manifest amp@~0.3.1
292 silly packumentCache full:https://registry.npmjs.org/amp cache-miss
293 http fetch GET 200 https://registry.npmjs.org/sax 45ms (cache hit)
294 silly packumentCache full:https://registry.npmjs.org/sax set size:82736 disposed:false
295 silly fetch manifest amp-message@~0.1.1
296 silly packumentCache full:https://registry.npmjs.org/amp-message cache-miss
297 http fetch GET 200 https://registry.npmjs.org/safe-buffer 15ms (cache hit)
298 silly packumentCache full:https://registry.npmjs.org/safe-buffer set size:41183 disposed:false
299 silly fetch manifest escape-string-regexp@^4.0.0
300 silly packumentCache full:https://registry.npmjs.org/escape-string-regexp cache-miss
301 http fetch GET 200 https://registry.npmjs.org/amp 13ms (cache hit)
302 silly packumentCache full:https://registry.npmjs.org/amp set size:6794 disposed:false
303 silly fetch manifest run-series@^1.1.8
304 silly packumentCache full:https://registry.npmjs.org/run-series cache-miss
305 http fetch GET 200 https://registry.npmjs.org/amp-message 11ms (cache hit)
306 silly packumentCache full:https://registry.npmjs.org/amp-message set size:6704 disposed:false
307 silly fetch manifest tv4@^1.3.0
308 silly packumentCache full:https://registry.npmjs.org/tv4 cache-miss
309 http fetch GET 200 https://registry.npmjs.org/tv4 6ms (cache hit)
310 silly packumentCache full:https://registry.npmjs.org/tv4 set size:84480 disposed:false
311 silly fetch manifest charm@~0.1.1
312 silly packumentCache full:https://registry.npmjs.org/charm cache-miss
313 http fetch GET 200 https://registry.npmjs.org/run-series 12ms (cache hit)
314 silly packumentCache full:https://registry.npmjs.org/run-series set size:35375 disposed:false
315 silly fetch manifest pidusage@^2.0.21
316 silly packumentCache full:https://registry.npmjs.org/pidusage cache-hit
317 silly fetch manifest systeminformation@^5.7
318 silly packumentCache full:https://registry.npmjs.org/systeminformation cache-miss
319 http fetch GET 200 https://registry.npmjs.org/escape-string-regexp 19ms (cache hit)
320 silly packumentCache full:https://registry.npmjs.org/escape-string-regexp set size:22244 disposed:false
321 silly fetch manifest tx2@~1.0.4
322 silly packumentCache full:https://registry.npmjs.org/tx2 cache-miss
323 http fetch GET 200 https://registry.npmjs.org/charm 13ms (cache hit)
324 silly packumentCache full:https://registry.npmjs.org/charm set size:27884 disposed:false
325 silly fetch manifest read@^1.0.4
326 silly packumentCache full:https://registry.npmjs.org/read cache-miss
327 http fetch GET 200 https://registry.npmjs.org/tx2 9ms (cache hit)
328 silly packumentCache full:https://registry.npmjs.org/tx2 set size:7551 disposed:false
329 silly fetch manifest buffer-from@^1.0.0
330 silly packumentCache full:https://registry.npmjs.org/buffer-from cache-miss
331 http fetch GET 200 https://registry.npmjs.org/systeminformation 20ms (cache hit)
332 silly packumentCache full:https://registry.npmjs.org/systeminformation set size:2187787 disposed:false
333 silly fetch manifest source-map@^0.6.0
334 silly packumentCache full:https://registry.npmjs.org/source-map cache-miss
335 http fetch GET 200 https://registry.npmjs.org/source-map 10ms (cache hit)
336 silly packumentCache full:https://registry.npmjs.org/source-map set size:243251 disposed:false
337 silly fetch manifest git-node-fs@^1.0.0
338 silly packumentCache full:https://registry.npmjs.org/git-node-fs cache-miss
339 http fetch GET 200 https://registry.npmjs.org/read 48ms (cache hit)
340 silly packumentCache full:https://registry.npmjs.org/read set size:35004 disposed:false
341 silly fetch manifest ini@^1.3.5
342 silly packumentCache full:https://registry.npmjs.org/ini cache-miss
343 http fetch GET 200 https://registry.npmjs.org/buffer-from 47ms (cache hit)
344 silly packumentCache full:https://registry.npmjs.org/buffer-from set size:15463 disposed:false
345 silly fetch manifest js-git@^0.7.8
346 silly packumentCache full:https://registry.npmjs.org/js-git cache-miss
347 http fetch GET 200 https://registry.npmjs.org/git-node-fs 11ms (cache hit)
348 silly packumentCache full:https://registry.npmjs.org/git-node-fs set size:5780 disposed:false
349 http fetch GET 200 https://registry.npmjs.org/ini 9ms (cache hit)
350 silly packumentCache full:https://registry.npmjs.org/ini set size:54643 disposed:false
351 http fetch GET 200 https://registry.npmjs.org/js-git 9ms (cache hit)
352 silly packumentCache full:https://registry.npmjs.org/js-git set size:47312 disposed:false
353 silly fetch manifest bufferutil@^4.0.1
354 silly packumentCache full:https://registry.npmjs.org/bufferutil cache-miss
355 http fetch GET 200 https://registry.npmjs.org/bufferutil 4ms (cache hit)
356 silly packumentCache full:https://registry.npmjs.org/bufferutil set size:51033 disposed:false
357 silly fetch manifest utf-8-validate@^5.0.2
358 silly packumentCache full:https://registry.npmjs.org/utf-8-validate cache-miss
359 http fetch GET 200 https://registry.npmjs.org/utf-8-validate 4ms (cache hit)
360 silly packumentCache full:https://registry.npmjs.org/utf-8-validate set size:75205 disposed:false
361 silly placeDep node_modules/pm2/node_modules/@pm2/agent dayjs@1.8.36 OK for: @pm2/agent@2.0.4 want: ~1.8.24
362 silly placeDep node_modules/pm2/node_modules/@pm2/agent debug@4.3.7 OK for: @pm2/agent@2.0.4 want: ~4.3.1
363 silly placeDep node_modules/pm2 fast-json-patch@3.1.1 OK for: @pm2/agent@2.0.4 want: ^3.0.0-1
364 silly placeDep node_modules/pm2 nssocket@0.6.0 OK for: @pm2/agent@2.0.4 want: 0.6.0
365 silly placeDep node_modules/pm2 proxy-agent@6.3.1 OK for: @pm2/agent@2.0.4 want: ~6.3.0
366 silly placeDep node_modules/pm2/node_modules/@pm2/agent semver@7.5.4 OK for: @pm2/agent@2.0.4 want: ~7.5.0
367 silly placeDep node_modules/pm2 ws@7.5.10 OK for: @pm2/agent@2.0.4 want: ~7.5.10
368 silly fetch manifest eventemitter2@~0.4.14
369 silly packumentCache full:https://registry.npmjs.org/eventemitter2 cache-hit
370 silly fetch manifest lazy@~1.0.11
371 silly packumentCache full:https://registry.npmjs.org/lazy cache-miss
372 silly fetch manifest lru-cache@^7.14.1
373 silly packumentCache full:https://registry.npmjs.org/lru-cache cache-miss
374 silly fetch manifest agent-base@^7.0.2
375 silly packumentCache full:https://registry.npmjs.org/agent-base cache-miss
376 http fetch GET 200 https://registry.npmjs.org/lazy 17ms (cache hit)
377 silly packumentCache full:https://registry.npmjs.org/lazy set size:10570 disposed:false
378 silly fetch manifest proxy-from-env@^1.1.0
379 silly packumentCache full:https://registry.npmjs.org/proxy-from-env cache-miss
380 http fetch GET 200 https://registry.npmjs.org/lru-cache 18ms (cache hit)
381 silly packumentCache full:https://registry.npmjs.org/lru-cache set size:387720 disposed:false
382 silly fetch manifest pac-proxy-agent@^7.0.1
383 silly packumentCache full:https://registry.npmjs.org/pac-proxy-agent cache-miss
384 http fetch GET 200 https://registry.npmjs.org/agent-base 25ms (cache hit)
385 silly packumentCache full:https://registry.npmjs.org/agent-base set size:65276 disposed:false
386 silly fetch manifest http-proxy-agent@^7.0.0
387 silly packumentCache full:https://registry.npmjs.org/http-proxy-agent cache-miss
388 http fetch GET 200 https://registry.npmjs.org/proxy-from-env 18ms (cache hit)
389 silly packumentCache full:https://registry.npmjs.org/proxy-from-env set size:15831 disposed:false
390 silly fetch manifest https-proxy-agent@^7.0.2
391 silly packumentCache full:https://registry.npmjs.org/https-proxy-agent cache-miss
392 http fetch GET 200 https://registry.npmjs.org/pac-proxy-agent 12ms (cache hit)
393 silly packumentCache full:https://registry.npmjs.org/pac-proxy-agent set size:59229 disposed:false
394 silly fetch manifest socks-proxy-agent@^8.0.2
395 silly packumentCache full:https://registry.npmjs.org/socks-proxy-agent cache-miss
396 http fetch GET 200 https://registry.npmjs.org/http-proxy-agent 12ms (cache hit)
397 silly packumentCache full:https://registry.npmjs.org/http-proxy-agent set size:50096 disposed:false
398 silly fetch manifest lru-cache@^6.0.0
399 silly packumentCache full:https://registry.npmjs.org/lru-cache cache-hit
400 http fetch GET 200 https://registry.npmjs.org/https-proxy-agent 13ms (cache hit)
401 silly packumentCache full:https://registry.npmjs.org/https-proxy-agent set size:76222 disposed:false
402 http fetch GET 200 https://registry.npmjs.org/socks-proxy-agent 12ms (cache hit)
403 silly packumentCache full:https://registry.npmjs.org/socks-proxy-agent set size:96838 disposed:false
404 silly placeDep node_modules/pm2/node_modules/@pm2/io async@2.6.4 OK for: @pm2/io@6.0.1 want: ~2.6.1
405 silly placeDep node_modules/pm2/node_modules/@pm2/io debug@4.3.7 OK for: @pm2/io@6.0.1 want: ~4.3.1
406 silly placeDep node_modules/pm2/node_modules/@pm2/io eventemitter2@6.4.9 OK for: @pm2/io@6.0.1 want: ^6.3.1
407 silly placeDep node_modules/pm2 require-in-the-middle@5.2.0 OK for: @pm2/io@6.0.1 want: ^5.0.0
408 silly placeDep node_modules/pm2/node_modules/@pm2/io semver@7.5.4 OK for: @pm2/io@6.0.1 want: ~7.5.4
409 silly placeDep node_modules/pm2 shimmer@1.2.1 OK for: @pm2/io@6.0.1 want: ^1.2.0
410 silly placeDep node_modules/pm2 signal-exit@3.0.7 OK for: @pm2/io@6.0.1 want: ^3.0.3
411 silly placeDep node_modules/pm2 tslib@1.9.3 OK for: @pm2/io@6.0.1 want: 1.9.3
412 silly fetch manifest lodash@^4.17.14
413 silly packumentCache full:https://registry.npmjs.org/lodash cache-miss
414 silly fetch manifest resolve@^1.22.1
415 silly packumentCache full:https://registry.npmjs.org/resolve cache-miss
416 silly fetch manifest module-details-from-path@^1.0.3
417 silly packumentCache full:https://registry.npmjs.org/module-details-from-path cache-miss
418 http fetch GET 200 https://registry.npmjs.org/module-details-from-path 11ms (cache hit)
419 silly packumentCache full:https://registry.npmjs.org/module-details-from-path set size:9060 disposed:false
420 http fetch GET 200 https://registry.npmjs.org/resolve 15ms (cache hit)
421 silly packumentCache full:https://registry.npmjs.org/resolve set size:243806 disposed:false
422 http fetch GET 200 https://registry.npmjs.org/lodash 22ms (cache hit)
423 silly packumentCache full:https://registry.npmjs.org/lodash set size:242370 disposed:false
424 silly placeDep node_modules/pm2/node_modules/@pm2/js-api async@2.6.4 OK for: @pm2/js-api@0.8.0 want: ^2.6.3
425 silly placeDep node_modules/pm2/node_modules/@pm2/js-api debug@4.3.7 OK for: @pm2/js-api@0.8.0 want: ~4.3.1
426 silly placeDep node_modules/pm2/node_modules/@pm2/js-api eventemitter2@6.4.9 OK for: @pm2/js-api@0.8.0 want: ^6.3.1
427 silly placeDep node_modules/pm2 extrareqp2@1.0.0 OK for: @pm2/js-api@0.8.0 want: ^1.0.0
428 silly fetch manifest follow-redirects@^1.14.0
429 silly packumentCache full:https://registry.npmjs.org/follow-redirects cache-miss
430 http fetch GET 200 https://registry.npmjs.org/follow-redirects 11ms (cache hit)
431 silly packumentCache full:https://registry.npmjs.org/follow-redirects set size:182478 disposed:false
432 silly placeDep node_modules/pm2 ansi-styles@4.3.0 OK for: chalk@3.0.0 want: ^4.1.0
433 silly placeDep node_modules/pm2 supports-color@7.2.0 OK for: chalk@3.0.0 want: ^7.1.0
434 silly fetch manifest color-convert@^2.0.1
435 silly packumentCache full:https://registry.npmjs.org/color-convert cache-miss
436 silly fetch manifest has-flag@^4.0.0
437 silly packumentCache full:https://registry.npmjs.org/has-flag cache-miss
438 http fetch GET 200 https://registry.npmjs.org/has-flag 13ms (cache hit)
439 silly packumentCache full:https://registry.npmjs.org/has-flag set size:15180 disposed:false
440 http fetch GET 200 https://registry.npmjs.org/color-convert 19ms (cache hit)
441 silly packumentCache full:https://registry.npmjs.org/color-convert set size:66477 disposed:false
442 silly placeDep node_modules/pm2 color-convert@2.0.1 OK for: ansi-styles@4.3.0 want: ^2.0.1
443 silly fetch manifest color-name@~1.1.4
444 silly packumentCache full:https://registry.npmjs.org/color-name cache-miss
445 http fetch GET 200 https://registry.npmjs.org/color-name 6ms (cache hit)
446 silly packumentCache full:https://registry.npmjs.org/color-name set size:16325 disposed:false
447 silly placeDep node_modules/pm2 anymatch@3.1.3 OK for: chokidar@3.6.0 want: ~3.1.2
448 silly placeDep node_modules/pm2 braces@3.0.3 OK for: chokidar@3.6.0 want: ~3.0.2
449 silly placeDep node_modules/pm2 fsevents@2.3.3 OK for: chokidar@3.6.0 want: ~2.3.2
450 silly placeDep node_modules/pm2 glob-parent@5.1.2 OK for: chokidar@3.6.0 want: ~5.1.2
451 silly placeDep node_modules/pm2 is-binary-path@2.1.0 OK for: chokidar@3.6.0 want: ~2.1.0
452 silly placeDep node_modules/pm2 is-glob@4.0.3 OK for: chokidar@3.6.0 want: ~4.0.1
453 silly placeDep node_modules/pm2 normalize-path@3.0.0 OK for: chokidar@3.6.0 want: ~3.0.0
454 silly placeDep node_modules/pm2 readdirp@3.6.0 OK for: chokidar@3.6.0 want: ~3.6.0
455 silly fetch manifest picomatch@^2.0.4
456 silly packumentCache full:https://registry.npmjs.org/picomatch cache-miss
457 silly fetch manifest normalize-path@^3.0.0
458 silly packumentCache full:https://registry.npmjs.org/normalize-path cache-hit
459 silly fetch manifest fill-range@^7.1.1
460 silly packumentCache full:https://registry.npmjs.org/fill-range cache-miss
461 silly fetch manifest is-glob@^4.0.1
462 silly packumentCache full:https://registry.npmjs.org/is-glob cache-hit
463 silly fetch manifest binary-extensions@^2.0.0
464 silly packumentCache full:https://registry.npmjs.org/binary-extensions cache-miss
465 http fetch GET 200 https://registry.npmjs.org/binary-extensions 23ms (cache hit)
466 silly packumentCache full:https://registry.npmjs.org/binary-extensions set size:49673 disposed:false
467 silly fetch manifest is-extglob@^2.1.1
468 silly packumentCache full:https://registry.npmjs.org/is-extglob cache-miss
469 http fetch GET 200 https://registry.npmjs.org/fill-range 33ms (cache hit)
470 silly packumentCache full:https://registry.npmjs.org/fill-range set size:90212 disposed:false
471 silly fetch manifest picomatch@^2.2.1
472 silly packumentCache full:https://registry.npmjs.org/picomatch cache-miss
473 http fetch GET 200 https://registry.npmjs.org/picomatch 43ms (cache hit)
474 silly packumentCache full:https://registry.npmjs.org/picomatch set size:116191 disposed:false
475 http fetch GET 200 https://registry.npmjs.org/picomatch 14ms (cache hit)
476 silly packumentCache full:https://registry.npmjs.org/picomatch set size:116191 disposed:false
477 silly packumentCache full:https://registry.npmjs.org/picomatch dispose
478 http fetch GET 200 https://registry.npmjs.org/is-extglob 27ms (cache hit)
479 silly packumentCache full:https://registry.npmjs.org/is-extglob set size:11766 disposed:false
480 silly placeDep node_modules/pm2 picomatch@2.3.1 OK for: anymatch@3.1.3 want: ^2.0.4
481 silly placeDep node_modules/pm2 fill-range@7.1.1 OK for: braces@3.0.3 want: ^7.1.1
482 silly fetch manifest to-regex-range@^5.0.1
483 silly packumentCache full:https://registry.npmjs.org/to-regex-range cache-miss
484 http fetch GET 200 https://registry.npmjs.org/to-regex-range 6ms (cache hit)
485 silly packumentCache full:https://registry.npmjs.org/to-regex-range set size:61569 disposed:false
486 silly placeDep node_modules/pm2 color-name@1.1.4 OK for: color-convert@2.0.1 want: ~1.1.4
487 silly placeDep node_modules/pm2 ms@2.1.3 OK for: debug@4.4.0 want: ^2.1.3
488 silly placeDep node_modules/pm2 ansi-colors@4.1.3 OK for: enquirer@2.3.6 want: ^4.1.1
489 silly placeDep node_modules/pm2 follow-redirects@1.15.9 OK for: extrareqp2@1.0.0 want: ^1.14.0
490 silly placeDep node_modules/pm2 to-regex-range@5.0.1 OK for: fill-range@7.1.1 want: ^5.0.1
491 silly fetch manifest is-number@^7.0.0
492 silly packumentCache full:https://registry.npmjs.org/is-number cache-miss
493 http fetch GET 200 https://registry.npmjs.org/is-number 9ms (cache hit)
494 silly packumentCache full:https://registry.npmjs.org/is-number set size:36183 disposed:false
495 silly placeDep node_modules/pm2 binary-extensions@2.3.0 OK for: is-binary-path@2.1.0 want: ^2.0.0
496 silly placeDep node_modules/pm2 is-extglob@2.1.1 OK for: is-glob@4.0.3 want: ^2.1.1
497 silly placeDep node_modules/pm2 argparse@2.0.1 OK for: js-yaml@4.1.0 want: ^2.0.1
498 silly placeDep node_modules/pm2/node_modules/needle debug@3.2.7 OK for: needle@2.4.0 want: ^3.2.6
499 silly placeDep node_modules/pm2 iconv-lite@0.4.24 OK for: needle@2.4.0 want: ^0.4.4
500 silly placeDep node_modules/pm2 sax@1.4.1 OK for: needle@2.4.0 want: ^1.2.4
501 silly fetch manifest safer-buffer@>= 2.1.2 < 3
502 silly packumentCache full:https://registry.npmjs.org/safer-buffer cache-miss
503 http fetch GET 200 https://registry.npmjs.org/safer-buffer 14ms (cache hit)
504 silly packumentCache full:https://registry.npmjs.org/safer-buffer set size:18521 disposed:false
505 silly placeDep node_modules/pm2 safer-buffer@2.1.2 OK for: iconv-lite@0.4.24 want: >= 2.1.2 < 3
506 silly placeDep node_modules/pm2/node_modules/nssocket eventemitter2@0.4.14 OK for: nssocket@0.6.0 want: ~0.4.14
507 silly placeDep node_modules/pm2 lazy@1.0.11 OK for: nssocket@0.6.0 want: ~1.0.11
508 silly placeDep node_modules/pm2 safe-buffer@5.2.1 OK for: pidusage@3.0.2 want: ^5.2.1
509 silly placeDep node_modules/pm2 amp@0.3.1 OK for: pm2-axon@4.0.1 want: ~0.3.1
510 silly placeDep node_modules/pm2 amp-message@0.1.2 OK for: pm2-axon@4.0.1 want: ~0.1.1
511 silly placeDep node_modules/pm2 escape-string-regexp@4.0.0 OK for: pm2-axon@4.0.1 want: ^4.0.0
512 silly placeDep node_modules/pm2 run-series@1.1.9 OK for: pm2-deploy@1.0.2 want: ^1.1.8
513 silly placeDep node_modules/pm2 tv4@1.3.0 OK for: pm2-deploy@1.0.2 want: ^1.3.0
514 silly placeDep node_modules/pm2 charm@0.1.2 OK for: pm2-multimeter@0.1.2 want: ~0.1.1
515 silly placeDep node_modules/pm2/node_modules/pm2-sysmonit pidusage@2.0.21 OK for: pm2-sysmonit@1.2.8 want: ^2.0.21
516 silly placeDep node_modules/pm2 systeminformation@5.25.11 OK for: pm2-sysmonit@1.2.8 want: ^5.7
517 silly placeDep node_modules/pm2 tx2@1.0.5 OK for: pm2-sysmonit@1.2.8 want: ~1.0.4
518 silly fetch manifest json-stringify-safe@^5.0.1
519 silly packumentCache full:https://registry.npmjs.org/json-stringify-safe cache-miss
520 http fetch GET 200 https://registry.npmjs.org/json-stringify-safe 8ms (cache hit)
521 silly packumentCache full:https://registry.npmjs.org/json-stringify-safe set size:8806 disposed:false
522 silly placeDep node_modules/pm2 read@1.0.7 OK for: promptly@2.2.0 want: ^1.0.4
523 silly fetch manifest mute-stream@~0.0.4
524 silly packumentCache full:https://registry.npmjs.org/mute-stream cache-miss
525 http fetch GET 200 https://registry.npmjs.org/mute-stream 5ms (cache hit)
526 silly packumentCache full:https://registry.npmjs.org/mute-stream set size:19361 disposed:false
527 silly placeDep node_modules/pm2 agent-base@7.1.3 OK for: proxy-agent@6.3.1 want: ^7.0.2
528 silly placeDep node_modules/pm2 http-proxy-agent@7.0.2 OK for: proxy-agent@6.3.1 want: ^7.0.0
529 silly placeDep node_modules/pm2 https-proxy-agent@7.0.6 OK for: proxy-agent@6.3.1 want: ^7.0.2
530 silly placeDep node_modules/pm2 lru-cache@7.18.3 OK for: proxy-agent@6.3.1 want: ^7.14.1
531 silly placeDep node_modules/pm2 pac-proxy-agent@7.2.0 OK for: proxy-agent@6.3.1 want: ^7.0.1
532 silly placeDep node_modules/pm2 proxy-from-env@1.1.0 OK for: proxy-agent@6.3.1 want: ^1.1.0
533 silly placeDep node_modules/pm2 socks-proxy-agent@8.0.5 OK for: proxy-agent@6.3.1 want: ^8.0.2
534 silly fetch manifest @tootallnate/quickjs-emscripten@^0.23.0
535 silly packumentCache full:https://registry.npmjs.org/@tootallnate%2fquickjs-emscripten cache-miss
536 silly fetch manifest get-uri@^6.0.1
537 silly packumentCache full:https://registry.npmjs.org/get-uri cache-miss
538 silly fetch manifest pac-resolver@^7.0.1
539 silly packumentCache full:https://registry.npmjs.org/pac-resolver cache-miss
540 http fetch GET 200 https://registry.npmjs.org/get-uri 12ms (cache hit)
541 silly packumentCache full:https://registry.npmjs.org/get-uri set size:55262 disposed:false
542 silly fetch manifest socks-proxy-agent@^8.0.5
543 silly packumentCache full:https://registry.npmjs.org/socks-proxy-agent cache-hit
544 silly fetch manifest socks@^2.8.3
545 silly packumentCache full:https://registry.npmjs.org/socks cache-miss
546 http fetch GET 200 https://registry.npmjs.org/@tootallnate%2fquickjs-emscripten 20ms (cache hit)
547 silly packumentCache full:https://registry.npmjs.org/@tootallnate%2fquickjs-emscripten set size:27622 disposed:false
548 http fetch GET 200 https://registry.npmjs.org/pac-resolver 19ms (cache hit)
549 silly packumentCache full:https://registry.npmjs.org/pac-resolver set size:54112 disposed:false
550 http fetch GET 200 https://registry.npmjs.org/socks 11ms (cache hit)
551 silly packumentCache full:https://registry.npmjs.org/socks set size:161595 disposed:false
552 silly placeDep node_modules/pm2 @tootallnate/quickjs-emscripten@0.23.0 OK for: pac-proxy-agent@7.2.0 want: ^0.23.0
553 silly placeDep node_modules/pm2 get-uri@6.0.4 OK for: pac-proxy-agent@7.2.0 want: ^6.0.1
554 silly placeDep node_modules/pm2 pac-resolver@7.0.1 OK for: pac-proxy-agent@7.2.0 want: ^7.0.1
555 silly fetch manifest basic-ftp@^5.0.2
556 silly packumentCache full:https://registry.npmjs.org/basic-ftp cache-miss
557 silly fetch manifest data-uri-to-buffer@^6.0.2
558 silly packumentCache full:https://registry.npmjs.org/data-uri-to-buffer cache-miss
559 silly fetch manifest degenerator@^5.0.0
560 silly packumentCache full:https://registry.npmjs.org/degenerator cache-miss
561 http fetch GET 200 https://registry.npmjs.org/data-uri-to-buffer 20ms (cache hit)
562 silly packumentCache full:https://registry.npmjs.org/data-uri-to-buffer set size:43253 disposed:false
563 silly fetch manifest netmask@^2.0.2
564 silly packumentCache full:https://registry.npmjs.org/netmask cache-miss
565 http fetch GET 200 https://registry.npmjs.org/degenerator 23ms (cache hit)
566 silly packumentCache full:https://registry.npmjs.org/degenerator set size:71179 disposed:false
567 http fetch GET 200 https://registry.npmjs.org/basic-ftp 30ms (cache hit)
568 silly packumentCache full:https://registry.npmjs.org/basic-ftp set size:272247 disposed:false
569 http fetch GET 200 https://registry.npmjs.org/netmask 15ms (cache hit)
570 silly packumentCache full:https://registry.npmjs.org/netmask set size:21537 disposed:false
571 silly placeDep node_modules/pm2 basic-ftp@5.0.5 OK for: get-uri@6.0.4 want: ^5.0.2
572 silly placeDep node_modules/pm2 data-uri-to-buffer@6.0.2 OK for: get-uri@6.0.4 want: ^6.0.2
573 silly placeDep node_modules/pm2 degenerator@5.0.1 OK for: pac-resolver@7.0.1 want: ^5.0.0
574 silly placeDep node_modules/pm2 netmask@2.0.2 OK for: pac-resolver@7.0.1 want: ^2.0.2
575 silly fetch manifest ast-types@^0.13.4
576 silly packumentCache full:https://registry.npmjs.org/ast-types cache-miss
577 silly fetch manifest escodegen@^2.1.0
578 silly packumentCache full:https://registry.npmjs.org/escodegen cache-miss
579 silly fetch manifest esprima@^4.0.1
580 silly packumentCache full:https://registry.npmjs.org/esprima cache-miss
581 http fetch GET 200 https://registry.npmjs.org/ast-types 18ms (cache hit)
582 silly packumentCache full:https://registry.npmjs.org/ast-types set size:443020 disposed:false
583 http fetch GET 200 https://registry.npmjs.org/esprima 22ms (cache hit)
584 silly packumentCache full:https://registry.npmjs.org/esprima set size:118410 disposed:false
585 http fetch GET 200 https://registry.npmjs.org/escodegen 27ms (cache hit)
586 silly packumentCache full:https://registry.npmjs.org/escodegen set size:119723 disposed:false
587 silly placeDep node_modules/pm2 ast-types@0.13.4 OK for: degenerator@5.0.1 want: ^0.13.4
588 silly placeDep node_modules/pm2 escodegen@2.1.0 OK for: degenerator@5.0.1 want: ^2.1.0
589 silly placeDep node_modules/pm2 esprima@4.0.1 OK for: degenerator@5.0.1 want: ^4.0.1
590 silly fetch manifest tslib@^2.0.1
591 silly packumentCache full:https://registry.npmjs.org/tslib cache-hit
592 silly fetch manifest estraverse@^5.2.0
593 silly packumentCache full:https://registry.npmjs.org/estraverse cache-miss
594 silly fetch manifest esutils@^2.0.2
595 silly packumentCache full:https://registry.npmjs.org/esutils cache-miss
596 silly fetch manifest source-map@~0.6.1
597 silly packumentCache full:https://registry.npmjs.org/source-map cache-hit
598 http fetch GET 200 https://registry.npmjs.org/esutils 17ms (cache hit)
599 silly packumentCache full:https://registry.npmjs.org/esutils set size:29522 disposed:false
600 http fetch GET 200 https://registry.npmjs.org/estraverse 20ms (cache hit)
601 silly packumentCache full:https://registry.npmjs.org/estraverse set size:62412 disposed:false
602 silly placeDep node_modules/pm2/node_modules/ast-types tslib@2.8.1 OK for: ast-types@0.13.4 want: ^2.0.1
603 silly placeDep node_modules/pm2 estraverse@5.3.0 OK for: escodegen@2.1.0 want: ^5.2.0
604 silly placeDep node_modules/pm2 esutils@2.0.3 OK for: escodegen@2.1.0 want: ^2.0.2
605 silly placeDep node_modules/pm2 source-map@0.6.1 OK for: escodegen@2.1.0 want: ~0.6.1
606 silly placeDep node_modules/pm2 mute-stream@0.0.8 OK for: read@1.0.7 want: ~0.0.4
607 silly placeDep node_modules/pm2 module-details-from-path@1.0.3 OK for: require-in-the-middle@5.2.0 want: ^1.0.3
608 silly placeDep node_modules/pm2 resolve@1.22.10 OK for: require-in-the-middle@5.2.0 want: ^1.22.1
609 silly fetch manifest is-core-module@^2.16.0
610 silly packumentCache full:https://registry.npmjs.org/is-core-module cache-miss
611 silly fetch manifest path-parse@^1.0.7
612 silly packumentCache full:https://registry.npmjs.org/path-parse cache-miss
613 silly fetch manifest supports-preserve-symlinks-flag@^1.0.0
614 silly packumentCache full:https://registry.npmjs.org/supports-preserve-symlinks-flag cache-miss
615 http fetch GET 200 https://registry.npmjs.org/supports-preserve-symlinks-flag 8ms (cache hit)
616 silly packumentCache full:https://registry.npmjs.org/supports-preserve-symlinks-flag set size:6802 disposed:false
617 http fetch GET 200 https://registry.npmjs.org/path-parse 10ms (cache hit)
618 silly packumentCache full:https://registry.npmjs.org/path-parse set size:14523 disposed:false
619 http fetch GET 200 https://registry.npmjs.org/is-core-module 12ms (cache hit)
620 silly packumentCache full:https://registry.npmjs.org/is-core-module set size:71788 disposed:false
621 silly placeDep node_modules/pm2 is-core-module@2.16.1 OK for: resolve@1.22.10 want: ^2.16.0
622 silly placeDep node_modules/pm2 path-parse@1.0.7 OK for: resolve@1.22.10 want: ^1.0.7
623 silly placeDep node_modules/pm2 supports-preserve-symlinks-flag@1.0.0 OK for: resolve@1.22.10 want: ^1.0.0
624 silly fetch manifest hasown@^2.0.2
625 silly packumentCache full:https://registry.npmjs.org/hasown cache-miss
626 http fetch GET 200 https://registry.npmjs.org/hasown 5ms (cache hit)
627 silly packumentCache full:https://registry.npmjs.org/hasown set size:12476 disposed:false
628 silly placeDep node_modules/pm2 hasown@2.0.2 OK for: is-core-module@2.16.1 want: ^2.0.2
629 silly fetch manifest function-bind@^1.1.2
630 silly packumentCache full:https://registry.npmjs.org/function-bind cache-miss
631 http fetch GET 200 https://registry.npmjs.org/function-bind 4ms (cache hit)
632 silly packumentCache full:https://registry.npmjs.org/function-bind set size:15733 disposed:false
633 silly placeDep node_modules/pm2 function-bind@1.1.2 OK for: hasown@2.0.2 want: ^1.1.2
634 silly placeDep node_modules/pm2 socks@2.8.4 OK for: socks-proxy-agent@8.0.5 want: ^2.8.3
635 silly fetch manifest ip-address@^9.0.5
636 silly packumentCache full:https://registry.npmjs.org/ip-address cache-miss
637 silly fetch manifest smart-buffer@^4.2.0
638 silly packumentCache full:https://registry.npmjs.org/smart-buffer cache-miss
639 http fetch GET 200 https://registry.npmjs.org/smart-buffer 10ms (cache hit)
640 silly packumentCache full:https://registry.npmjs.org/smart-buffer set size:87065 disposed:false
641 http fetch GET 200 https://registry.npmjs.org/ip-address 13ms (cache hit)
642 silly packumentCache full:https://registry.npmjs.org/ip-address set size:132466 disposed:false
643 silly placeDep node_modules/pm2 ip-address@9.0.5 OK for: socks@2.8.4 want: ^9.0.5
644 silly placeDep node_modules/pm2 smart-buffer@4.2.0 OK for: socks@2.8.4 want: ^4.2.0
645 silly fetch manifest jsbn@1.1.0
646 silly packumentCache full:https://registry.npmjs.org/jsbn cache-miss
647 silly fetch manifest sprintf-js@^1.1.3
648 silly packumentCache full:https://registry.npmjs.org/sprintf-js cache-hit
649 http fetch GET 200 https://registry.npmjs.org/jsbn 4ms (cache hit)
650 silly packumentCache full:https://registry.npmjs.org/jsbn set size:8169 disposed:false
651 silly placeDep node_modules/pm2 jsbn@1.1.0 OK for: ip-address@9.0.5 want: 1.1.0
652 silly placeDep node_modules/pm2/node_modules/ip-address sprintf-js@1.1.3 OK for: ip-address@9.0.5 want: ^1.1.3
653 silly placeDep node_modules/pm2 buffer-from@1.1.2 OK for: source-map-support@0.5.21 want: ^1.0.0
654 silly placeDep node_modules/pm2 has-flag@4.0.0 OK for: supports-color@7.2.0 want: ^4.0.0
655 silly placeDep node_modules/pm2 is-number@7.0.0 OK for: to-regex-range@5.0.1 want: ^7.0.0
656 silly placeDep node_modules/pm2 json-stringify-safe@5.0.1 OK for: tx2@1.0.5 want: ^5.0.1
657 silly placeDep node_modules/pm2/node_modules/vizion async@2.6.4 OK for: vizion@2.2.1 want: ^2.6.3
658 silly placeDep node_modules/pm2 git-node-fs@1.0.0 OK for: vizion@2.2.1 want: ^1.0.0
659 silly placeDep node_modules/pm2 ini@1.3.8 OK for: vizion@2.2.1 want: ^1.3.5
660 silly placeDep node_modules/pm2 js-git@0.7.8 OK for: vizion@2.2.1 want: ^0.7.8
661 silly fetch manifest bodec@^0.1.0
662 silly packumentCache full:https://registry.npmjs.org/bodec cache-miss
663 silly fetch manifest culvert@^0.1.2
664 silly packumentCache full:https://registry.npmjs.org/culvert cache-miss
665 silly fetch manifest git-sha1@^0.1.2
666 silly packumentCache full:https://registry.npmjs.org/git-sha1 cache-miss
667 http fetch GET 200 https://registry.npmjs.org/culvert 18ms (cache hit)
668 silly packumentCache full:https://registry.npmjs.org/culvert set size:6953 disposed:false
669 silly fetch manifest pako@^0.2.5
670 silly packumentCache full:https://registry.npmjs.org/pako cache-miss
671 http fetch GET 200 https://registry.npmjs.org/bodec 25ms (cache hit)
672 silly packumentCache full:https://registry.npmjs.org/bodec set size:5489 disposed:false
673 http fetch GET 200 https://registry.npmjs.org/git-sha1 20ms (cache hit)
674 silly packumentCache full:https://registry.npmjs.org/git-sha1 set size:4199 disposed:false
675 http fetch GET 200 https://registry.npmjs.org/pako 10ms (cache hit)
676 silly packumentCache full:https://registry.npmjs.org/pako set size:74234 disposed:false
677 silly placeDep node_modules/pm2 bodec@0.1.0 OK for: js-git@0.7.8 want: ^0.1.0
678 silly placeDep node_modules/pm2 culvert@0.1.2 OK for: js-git@0.7.8 want: ^0.1.2
679 silly placeDep node_modules/pm2 git-sha1@0.1.2 OK for: js-git@0.7.8 want: ^0.1.2
680 silly placeDep node_modules/pm2 pako@0.2.9 OK for: js-git@0.7.8 want: ^0.2.5
681 silly placeDep node_modules/pm2/node_modules/@pm2/agent lru-cache@6.0.0 OK for: semver@7.5.4 want: ^6.0.0
682 silly fetch manifest yallist@^4.0.0
683 silly packumentCache full:https://registry.npmjs.org/yallist cache-miss
684 http fetch GET 200 https://registry.npmjs.org/yallist 7ms (cache hit)
685 silly packumentCache full:https://registry.npmjs.org/yallist set size:34610 disposed:false
686 silly placeDep node_modules/pm2 yallist@4.0.0 OK for: lru-cache@6.0.0 want: ^4.0.0
687 silly placeDep node_modules/pm2 lodash@4.17.21 OK for: async@2.6.4 want: ^4.17.14
688 silly placeDep node_modules/pm2/node_modules/@pm2/io lru-cache@6.0.0 OK for: semver@7.5.4 want: ^6.0.0
689 silly reify moves {}
690 verbose stack Error: EACCES: permission denied, mkdir '/usr/lib/node_modules/pm2'
691 error code EACCES
692 error syscall mkdir
693 error path /usr/lib/node_modules/pm2
694 error errno -13
695 error [Error: EACCES: permission denied, mkdir '/usr/lib/node_modules/pm2'] {
695 error   errno: -13,
695 error   code: 'EACCES',
695 error   syscall: 'mkdir',
695 error   path: '/usr/lib/node_modules/pm2'
695 error }
696 error
696 error The operation was rejected by your operating system.
696 error It is likely you do not have the permissions to access this file as the current user
696 error
696 error If you believe this might be a permissions issue, please double-check the
696 error permissions of the file and its containing directories, or try running
696 error the command again as root/Administrator.
697 silly unfinished npm timer reify 1740628796083
698 silly unfinished npm timer reify:createSparse 1740628797841
699 verbose cwd /home/miracle
700 verbose os Linux 6.8.0-52-generic
701 verbose node v18.20.6
702 verbose npm  v10.8.2
703 verbose exit -13
704 verbose code -13
705 error A complete log of this run can be found in: /home/miracle/.npm/_logs/2025-02-27T03_59_55_546Z-debug-0.log
