0 verbose cli /usr/bin/node /usr/bin/npm
1 info using npm@10.8.2
2 info using node@v18.20.6
3 silly config load:file:/usr/lib/node_modules/npm/npmrc
4 silly config load:file:/home/miracle/Simple-MERN-App/client/.npmrc
5 silly config load:file:/home/miracle/.npmrc
6 silly config load:file:/usr/etc/npmrc
7 verbose title npm install web-vitals
8 verbose argv "install" "web-vitals"
9 verbose logfile logs-max:10 dir:/home/miracle/.npm/_logs/2025-02-13T04_46_25_449Z-
10 verbose logfile /home/miracle/.npm/_logs/2025-02-13T04_46_25_449Z-debug-0.log
11 silly packumentCache heap:2197815296 maxSize:549453824 maxEntrySize:274726912
12 silly logfile done cleaning log files
13 silly idealTree buildDeps
14 silly fetch manifest web-vitals@*
15 silly packumentCache full:https://registry.npmjs.org/web-vitals cache-miss
16 http fetch GET 200 https://registry.npmjs.org/web-vitals 1476ms (cache updated)
17 silly packumentCache full:https://registry.npmjs.org/web-vitals set size:undefined disposed:false
18 silly placeDep ROOT web-vitals@4.2.4 OK for: my-react-app@0.0.0 want: *
19 silly reify moves {}
20 silly audit bulk request {
20 silly audit   '@aashutoshrathi/word-wrap': [ '1.2.6' ],
20 silly audit   '@ampproject/remapping': [ '2.2.1' ],
20 silly audit   '@babel/code-frame': [ '7.23.5' ],
20 silly audit   '@babel/compat-data': [ '7.23.5' ],
20 silly audit   '@babel/core': [ '7.23.6' ],
20 silly audit   '@babel/generator': [ '7.23.6' ],
20 silly audit   '@babel/helper-compilation-targets': [ '7.23.6' ],
20 silly audit   '@babel/helper-environment-visitor': [ '7.22.20' ],
20 silly audit   '@babel/helper-function-name': [ '7.23.0' ],
20 silly audit   '@babel/helper-hoist-variables': [ '7.22.5' ],
20 silly audit   '@babel/helper-module-imports': [ '7.22.15' ],
20 silly audit   '@babel/helper-module-transforms': [ '7.23.3' ],
20 silly audit   '@babel/helper-plugin-utils': [ '7.22.5' ],
20 silly audit   '@babel/helper-simple-access': [ '7.22.5' ],
20 silly audit   '@babel/helper-split-export-declaration': [ '7.22.6' ],
20 silly audit   '@babel/helper-string-parser': [ '7.23.4' ],
20 silly audit   '@babel/helper-validator-identifier': [ '7.22.20' ],
20 silly audit   '@babel/helper-validator-option': [ '7.23.5' ],
20 silly audit   '@babel/helpers': [ '7.23.6' ],
20 silly audit   '@babel/highlight': [ '7.23.4' ],
20 silly audit   '@babel/parser': [ '7.23.6' ],
20 silly audit   '@babel/plugin-transform-react-jsx-self': [ '7.23.3' ],
20 silly audit   '@babel/plugin-transform-react-jsx-source': [ '7.23.3' ],
20 silly audit   '@babel/template': [ '7.22.15' ],
20 silly audit   '@babel/traverse': [ '7.23.6' ],
20 silly audit   '@babel/types': [ '7.23.6' ],
20 silly audit   '@esbuild/aix-ppc64': [ '0.19.10' ],
20 silly audit   '@esbuild/android-arm': [ '0.19.10' ],
20 silly audit   '@esbuild/android-arm64': [ '0.19.10' ],
20 silly audit   '@esbuild/android-x64': [ '0.19.10' ],
20 silly audit   '@esbuild/darwin-arm64': [ '0.19.10' ],
20 silly audit   '@esbuild/darwin-x64': [ '0.19.10' ],
20 silly audit   '@esbuild/freebsd-arm64': [ '0.19.10' ],
20 silly audit   '@esbuild/freebsd-x64': [ '0.19.10' ],
20 silly audit   '@esbuild/linux-arm': [ '0.19.10' ],
20 silly audit   '@esbuild/linux-arm64': [ '0.19.10' ],
20 silly audit   '@esbuild/linux-ia32': [ '0.19.10' ],
20 silly audit   '@esbuild/linux-loong64': [ '0.19.10' ],
20 silly audit   '@esbuild/linux-mips64el': [ '0.19.10' ],
20 silly audit   '@esbuild/linux-ppc64': [ '0.19.10' ],
20 silly audit   '@esbuild/linux-riscv64': [ '0.19.10' ],
20 silly audit   '@esbuild/linux-s390x': [ '0.19.10' ],
20 silly audit   '@esbuild/linux-x64': [ '0.19.10' ],
20 silly audit   '@esbuild/netbsd-x64': [ '0.19.10' ],
20 silly audit   '@esbuild/openbsd-x64': [ '0.19.10' ],
20 silly audit   '@esbuild/sunos-x64': [ '0.19.10' ],
20 silly audit   '@esbuild/win32-arm64': [ '0.19.10' ],
20 silly audit   '@esbuild/win32-ia32': [ '0.19.10' ],
20 silly audit   '@esbuild/win32-x64': [ '0.19.10' ],
20 silly audit   '@eslint-community/eslint-utils': [ '4.4.0' ],
20 silly audit   '@eslint-community/regexpp': [ '4.10.0' ],
20 silly audit   '@eslint/eslintrc': [ '2.1.4' ],
20 silly audit   globals: [ '13.24.0', '11.12.0' ],
20 silly audit   '@eslint/js': [ '8.56.0' ],
20 silly audit   '@humanwhocodes/config-array': [ '0.11.13' ],
20 silly audit   '@humanwhocodes/module-importer': [ '1.0.1' ],
20 silly audit   '@humanwhocodes/object-schema': [ '2.0.1' ],
20 silly audit   '@jridgewell/gen-mapping': [ '0.3.3' ],
20 silly audit   '@jridgewell/resolve-uri': [ '3.1.1' ],
20 silly audit   '@jridgewell/set-array': [ '1.1.2' ],
20 silly audit   '@jridgewell/sourcemap-codec': [ '1.4.15' ],
20 silly audit   '@jridgewell/trace-mapping': [ '0.3.20' ],
20 silly audit   '@nodelib/fs.scandir': [ '2.1.5' ],
20 silly audit   '@nodelib/fs.stat': [ '2.0.5' ],
20 silly audit   '@nodelib/fs.walk': [ '1.2.8' ],
20 silly audit   '@reduxjs/toolkit': [ '2.0.1' ],
20 silly audit   '@rollup/rollup-android-arm-eabi': [ '4.9.1' ],
20 silly audit   '@rollup/rollup-android-arm64': [ '4.9.1' ],
20 silly audit   '@rollup/rollup-darwin-arm64': [ '4.9.1' ],
20 silly audit   '@rollup/rollup-darwin-x64': [ '4.9.1' ],
20 silly audit   '@rollup/rollup-linux-arm-gnueabihf': [ '4.9.1' ],
20 silly audit   '@rollup/rollup-linux-arm64-gnu': [ '4.9.1' ],
20 silly audit   '@rollup/rollup-linux-arm64-musl': [ '4.9.1' ],
20 silly audit   '@rollup/rollup-linux-riscv64-gnu': [ '4.9.1' ],
20 silly audit   '@rollup/rollup-linux-x64-gnu': [ '4.9.1' ],
20 silly audit   '@rollup/rollup-linux-x64-musl': [ '4.9.1' ],
20 silly audit   '@rollup/rollup-win32-arm64-msvc': [ '4.9.1' ],
20 silly audit   '@rollup/rollup-win32-ia32-msvc': [ '4.9.1' ],
20 silly audit   '@rollup/rollup-win32-x64-msvc': [ '4.9.1' ],
20 silly audit   '@types/babel__core': [ '7.20.5' ],
20 silly audit   '@types/babel__generator': [ '7.6.8' ],
20 silly audit   '@types/babel__template': [ '7.4.4' ],
20 silly audit   '@types/babel__traverse': [ '7.20.4' ],
20 silly audit   '@types/prop-types': [ '15.7.11' ],
20 silly audit   '@types/react': [ '18.2.45' ],
20 silly audit   '@types/react-dom': [ '18.2.18' ],
20 silly audit   '@types/scheduler': [ '0.16.8' ],
20 silly audit   '@types/use-sync-external-store': [ '0.0.3' ],
20 silly audit   '@ungap/structured-clone': [ '1.2.0' ],
20 silly audit   '@vitejs/plugin-react': [ '4.2.1' ],
20 silly audit   acorn: [ '8.11.2' ],
20 silly audit   'acorn-jsx': [ '5.3.2' ],
20 silly audit   ajv: [ '6.12.6' ],
20 silly audit   'ansi-regex': [ '5.0.1' ],
20 silly audit   'ansi-styles': [ '3.2.1', '4.3.0' ],
20 silly audit   argparse: [ '2.0.1' ],
20 silly audit   'array-buffer-byte-length': [ '1.0.0' ],
20 silly audit   'array-includes': [ '3.1.7' ],
20 silly audit   'array.prototype.flat': [ '1.3.2' ],
20 silly audit   'array.prototype.flatmap': [ '1.3.2' ],
20 silly audit   'array.prototype.tosorted': [ '1.1.2' ],
20 silly audit   'arraybuffer.prototype.slice': [ '1.0.2' ],
20 silly audit   'asynciterator.prototype': [ '1.0.0' ],
20 silly audit   asynckit: [ '0.4.0' ],
20 silly audit   'available-typed-arrays': [ '1.0.5' ],
20 silly audit   axios: [ '1.6.2' ],
20 silly audit   'balanced-match': [ '1.0.2' ],
20 silly audit   'brace-expansion': [ '1.1.11' ],
20 silly audit   browserslist: [ '4.22.2' ],
20 silly audit   'call-bind': [ '1.0.5' ],
20 silly audit   callsites: [ '3.1.0' ],
20 silly audit   'caniuse-lite': [ '1.0.30001571' ],
20 silly audit   chalk: [ '2.4.2', '4.1.2' ],
20 silly audit   clsx: [ '1.2.1' ],
20 silly audit   'color-convert': [ '1.9.3', '2.0.1' ],
20 silly audit   'color-name': [ '1.1.3', '1.1.4' ],
20 silly audit   'combined-stream': [ '1.0.8' ],
20 silly audit   'concat-map': [ '0.0.1' ],
20 silly audit   'convert-source-map': [ '2.0.0' ],
20 silly audit   'cross-spawn': [ '7.0.3' ],
20 silly audit   csstype: [ '3.1.3' ],
20 silly audit   debug: [ '4.3.4' ],
20 silly audit   'deep-is': [ '0.1.4' ],
20 silly audit   'define-data-property': [ '1.1.1' ],
20 silly audit   'define-properties': [ '1.2.1' ],
20 silly audit   'delayed-stream': [ '1.0.0' ],
20 silly audit   doctrine: [ '3.0.0', '2.1.0' ],
20 silly audit   'electron-to-chromium': [ '1.4.616' ],
20 silly audit   'es-abstract': [ '1.22.3' ],
20 silly audit   'es-iterator-helpers': [ '1.0.15' ],
20 silly audit   'es-set-tostringtag': [ '2.0.2' ],
20 silly audit   'es-shim-unscopables': [ '1.0.2' ],
20 silly audit   'es-to-primitive': [ '1.2.1' ],
20 silly audit   esbuild: [ '0.19.10' ],
20 silly audit   escalade: [ '3.1.1' ],
20 silly audit   'escape-string-regexp': [ '1.0.5', '4.0.0' ],
20 silly audit   eslint: [ '8.56.0' ],
20 silly audit   'eslint-plugin-react': [ '7.33.2' ],
20 silly audit   'eslint-plugin-react-hooks': [ '4.6.0' ],
20 silly audit   'eslint-plugin-react-refresh': [ '0.4.5' ],
20 silly audit   'eslint-scope': [ '7.2.2' ],
20 silly audit   'eslint-visitor-keys': [ '3.4.3' ],
20 silly audit   'has-flag': [ '4.0.0', '3.0.0' ],
20 silly audit   'supports-color': [ '7.2.0', '5.5.0' ],
20 silly audit   espree: [ '9.6.1' ],
20 silly audit   esquery: [ '1.5.0' ],
20 silly audit   esrecurse: [ '4.3.0' ],
20 silly audit   estraverse: [ '5.3.0' ],
20 silly audit   esutils: [ '2.0.3' ],
20 silly audit   'fast-deep-equal': [ '3.1.3' ],
20 silly audit   'fast-json-stable-stringify': [ '2.1.0' ],
20 silly audit   'fast-levenshtein': [ '2.0.6' ],
20 silly audit   fastq: [ '1.16.0' ],
20 silly audit   'file-entry-cache': [ '6.0.1' ],
20 silly audit   'find-up': [ '5.0.0' ],
20 silly audit   'flat-cache': [ '3.2.0' ],
20 silly audit   flatted: [ '3.2.9' ],
20 silly audit   'follow-redirects': [ '1.15.3' ],
20 silly audit   'for-each': [ '0.3.3' ],
20 silly audit   'form-data': [ '4.0.0' ],
20 silly audit   'fs.realpath': [ '1.0.0' ],
20 silly audit   fsevents: [ '2.3.3' ],
20 silly audit   'function-bind': [ '1.1.2' ],
20 silly audit   'function.prototype.name': [ '1.1.6' ],
20 silly audit   'functions-have-names': [ '1.2.3' ],
20 silly audit   gensync: [ '1.0.0-beta.2' ],
20 silly audit   'get-intrinsic': [ '1.2.2' ],
20 silly audit   'get-symbol-description': [ '1.0.0' ],
20 silly audit   glob: [ '7.2.3' ],
20 silly audit   'glob-parent': [ '6.0.2' ],
20 silly audit   globalthis: [ '1.0.3' ],
20 silly audit   gopd: [ '1.0.1' ],
20 silly audit   graphemer: [ '1.4.0' ],
20 silly audit   'has-bigints': [ '1.0.2' ],
20 silly audit   'has-property-descriptors': [ '1.0.1' ],
20 silly audit   'has-proto': [ '1.0.1' ],
20 silly audit   'has-symbols': [ '1.0.3' ],
20 silly audit   'has-tostringtag': [ '1.0.0' ],
20 silly audit   hasown: [ '2.0.0' ],
20 silly audit   ignore: [ '5.3.0' ],
20 silly audit   immer: [ '10.0.3' ],
20 silly audit   'import-fresh': [ '3.3.0' ],
20 silly audit   imurmurhash: [ '0.1.4' ],
20 silly audit   inflight: [ '1.0.6' ],
20 silly audit   inherits: [ '2.0.4' ],
20 silly audit   'internal-slot': [ '1.0.6' ],
20 silly audit   'is-array-buffer': [ '3.0.2' ],
20 silly audit   'is-async-function': [ '2.0.0' ],
20 silly audit   'is-bigint': [ '1.0.4' ],
20 silly audit   'is-boolean-object': [ '1.1.2' ],
20 silly audit   'is-callable': [ '1.2.7' ],
20 silly audit   'is-core-module': [ '2.13.1' ],
20 silly audit   'is-date-object': [ '1.0.5' ],
20 silly audit   'is-extglob': [ '2.1.1' ],
20 silly audit   'is-finalizationregistry': [ '1.0.2' ],
20 silly audit   'is-generator-function': [ '1.0.10' ],
20 silly audit   'is-glob': [ '4.0.3' ],
20 silly audit   'is-map': [ '2.0.2' ],
20 silly audit   'is-negative-zero': [ '2.0.2' ],
20 silly audit   'is-number-object': [ '1.0.7' ],
20 silly audit   'is-path-inside': [ '3.0.3' ],
20 silly audit   'is-regex': [ '1.1.4' ],
20 silly audit   'is-set': [ '2.0.2' ],
20 silly audit   'is-shared-array-buffer': [ '1.0.2' ],
20 silly audit   'is-string': [ '1.0.7' ],
20 silly audit   'is-symbol': [ '1.0.4' ],
20 silly audit   'is-typed-array': [ '1.1.12' ],
20 silly audit   'is-weakmap': [ '2.0.1' ],
20 silly audit   'is-weakref': [ '1.0.2' ],
20 silly audit   'is-weakset': [ '2.0.2' ],
20 silly audit   isarray: [ '2.0.5' ],
20 silly audit   isexe: [ '2.0.0' ],
20 silly audit   'iterator.prototype': [ '1.1.2' ],
20 silly audit   'js-tokens': [ '4.0.0' ],
20 silly audit   'js-yaml': [ '4.1.0' ],
20 silly audit   jsesc: [ '2.5.2' ],
20 silly audit   'json-buffer': [ '3.0.1' ],
20 silly audit   'json-schema-traverse': [ '0.4.1' ],
20 silly audit   'json-stable-stringify-without-jsonify': [ '1.0.1' ],
20 silly audit   json5: [ '2.2.3' ],
20 silly audit   'jsx-ast-utils': [ '3.3.5' ],
20 silly audit   keyv: [ '4.5.4' ],
20 silly audit   levn: [ '0.4.1' ],
20 silly audit   'locate-path': [ '6.0.0' ],
20 silly audit   'lodash.merge': [ '4.6.2' ],
20 silly audit   'loose-envify': [ '1.4.0' ],
20 silly audit   'lru-cache': [ '5.1.1' ],
20 silly audit   'mime-db': [ '1.52.0' ],
20 silly audit   'mime-types': [ '2.1.35' ],
20 silly audit   minimatch: [ '3.1.2' ],
20 silly audit   ms: [ '2.1.2' ],
20 silly audit   nanoid: [ '3.3.7' ],
20 silly audit   'natural-compare': [ '1.4.0' ],
20 silly audit   'node-releases': [ '2.0.14' ],
20 silly audit   'object-assign': [ '4.1.1' ],
20 silly audit   'object-inspect': [ '1.13.1' ],
20 silly audit   'object-keys': [ '1.1.1' ],
20 silly audit   'object.assign': [ '4.1.5' ],
20 silly audit   'object.entries': [ '1.1.7' ],
20 silly audit   'object.fromentries': [ '2.0.7' ],
20 silly audit   'object.hasown': [ '1.1.3' ],
20 silly audit   'object.values': [ '1.1.7' ],
20 silly audit   once: [ '1.4.0' ],
20 silly audit   optionator: [ '0.9.3' ],
20 silly audit   'p-limit': [ '3.1.0' ],
20 silly audit   'p-locate': [ '5.0.0' ],
20 silly audit   'parent-module': [ '1.0.1' ],
20 silly audit   'path-exists': [ '4.0.0' ],
20 silly audit   'path-is-absolute': [ '1.0.1' ],
20 silly audit   'path-key': [ '3.1.1' ],
20 silly audit   'path-parse': [ '1.0.7' ],
20 silly audit   picocolors: [ '1.0.0' ],
20 silly audit   postcss: [ '8.4.32' ],
20 silly audit   'prelude-ls': [ '1.2.1' ],
20 silly audit   'prop-types': [ '15.8.1' ],
20 silly audit   'proxy-from-env': [ '1.1.0' ],
20 silly audit   punycode: [ '2.3.1' ],
20 silly audit   'queue-microtask': [ '1.2.3' ],
20 silly audit   react: [ '18.2.0' ],
20 silly audit   'react-dom': [ '18.2.0' ],
20 silly audit   'react-is': [ '16.13.1' ],
20 silly audit   'react-redux': [ '9.0.4' ],
20 silly audit   'react-refresh': [ '0.14.0' ],
20 silly audit   'react-toastify': [ '9.1.3' ],
20 silly audit   redux: [ '5.0.1' ],
20 silly audit   'redux-thunk': [ '3.1.0' ],
20 silly audit   'reflect.getprototypeof': [ '1.0.4' ],
20 silly audit   'regexp.prototype.flags': [ '1.5.1' ],
20 silly audit   reselect: [ '5.0.1' ],
20 silly audit   resolve: [ '2.0.0-next.5' ],
20 silly audit   'resolve-from': [ '4.0.0' ],
20 silly audit   reusify: [ '1.0.4' ],
20 silly audit   rimraf: [ '3.0.2' ],
20 silly audit   rollup: [ '4.9.1' ],
20 silly audit   'run-parallel': [ '1.2.0' ],
20 silly audit   'safe-array-concat': [ '1.0.1' ],
20 silly audit   'safe-regex-test': [ '1.0.0' ],
20 silly audit   scheduler: [ '0.23.0' ],
20 silly audit   semver: [ '6.3.1' ],
20 silly audit   'set-function-length': [ '1.1.1' ],
20 silly audit   'set-function-name': [ '2.0.1' ],
20 silly audit   'shebang-command': [ '2.0.0' ],
20 silly audit   'shebang-regex': [ '3.0.0' ],
20 silly audit   'side-channel': [ '1.0.4' ],
20 silly audit   'source-map-js': [ '1.0.2' ],
20 silly audit   'string.prototype.matchall': [ '4.0.10' ],
20 silly audit   'string.prototype.trim': [ '1.2.8' ],
20 silly audit   'string.prototype.trimend': [ '1.0.7' ],
20 silly audit   'string.prototype.trimstart': [ '1.0.7' ],
20 silly audit   'strip-ansi': [ '6.0.1' ],
20 silly audit   'strip-json-comments': [ '3.1.1' ],
20 silly audit   'supports-preserve-symlinks-flag': [ '1.0.0' ],
20 silly audit   'text-table': [ '0.2.0' ],
20 silly audit   'to-fast-properties': [ '2.0.0' ],
20 silly audit   'type-check': [ '0.4.0' ],
20 silly audit   'type-fest': [ '0.20.2' ],
20 silly audit   'typed-array-buffer': [ '1.0.0' ],
20 silly audit   'typed-array-byte-length': [ '1.0.0' ],
20 silly audit   'typed-array-byte-offset': [ '1.0.0' ],
20 silly audit   'typed-array-length': [ '1.0.4' ],
20 silly audit   'unbox-primitive': [ '1.0.2' ],
20 silly audit   'update-browserslist-db': [ '1.0.13' ],
20 silly audit   'uri-js': [ '4.4.1' ],
20 silly audit   'use-sync-external-store': [ '1.2.0' ],
20 silly audit   vite: [ '5.0.10' ],
20 silly audit   which: [ '2.0.2' ],
20 silly audit   'which-boxed-primitive': [ '1.0.2' ],
20 silly audit   'which-builtin-type': [ '1.1.3' ],
20 silly audit   'which-collection': [ '1.0.1' ],
20 silly audit   'which-typed-array': [ '1.1.13' ],
20 silly audit   wrappy: [ '1.0.2' ],
20 silly audit   yallist: [ '3.1.1' ],
20 silly audit   'yocto-queue': [ '0.1.0' ],
20 silly audit   'web-vitals': [ '4.2.4' ]
20 silly audit }
21 verbose reify failed optional dependency /home/miracle/Simple-MERN-App/client/node_modules/fsevents
22 silly reify mark deleted [ '/home/miracle/Simple-MERN-App/client/node_modules/fsevents' ]
23 verbose reify failed optional dependency /home/miracle/Simple-MERN-App/client/node_modules/@rollup/rollup-win32-x64-msvc
24 silly reify mark deleted [
24 silly reify   '/home/miracle/Simple-MERN-App/client/node_modules/@rollup/rollup-win32-x64-msvc'
24 silly reify ]
25 verbose reify failed optional dependency /home/miracle/Simple-MERN-App/client/node_modules/@rollup/rollup-win32-ia32-msvc
26 silly reify mark deleted [
26 silly reify   '/home/miracle/Simple-MERN-App/client/node_modules/@rollup/rollup-win32-ia32-msvc'
26 silly reify ]
27 verbose reify failed optional dependency /home/miracle/Simple-MERN-App/client/node_modules/@rollup/rollup-win32-arm64-msvc
28 silly reify mark deleted [
28 silly reify   '/home/miracle/Simple-MERN-App/client/node_modules/@rollup/rollup-win32-arm64-msvc'
28 silly reify ]
29 verbose reify failed optional dependency /home/miracle/Simple-MERN-App/client/node_modules/@rollup/rollup-linux-riscv64-gnu
30 silly reify mark deleted [
30 silly reify   '/home/miracle/Simple-MERN-App/client/node_modules/@rollup/rollup-linux-riscv64-gnu'
30 silly reify ]
31 verbose reify failed optional dependency /home/miracle/Simple-MERN-App/client/node_modules/@rollup/rollup-linux-arm64-musl
32 silly reify mark deleted [
32 silly reify   '/home/miracle/Simple-MERN-App/client/node_modules/@rollup/rollup-linux-arm64-musl'
32 silly reify ]
33 verbose reify failed optional dependency /home/miracle/Simple-MERN-App/client/node_modules/@rollup/rollup-linux-arm64-gnu
34 silly reify mark deleted [
34 silly reify   '/home/miracle/Simple-MERN-App/client/node_modules/@rollup/rollup-linux-arm64-gnu'
34 silly reify ]
35 verbose reify failed optional dependency /home/miracle/Simple-MERN-App/client/node_modules/@rollup/rollup-linux-arm-gnueabihf
36 silly reify mark deleted [
36 silly reify   '/home/miracle/Simple-MERN-App/client/node_modules/@rollup/rollup-linux-arm-gnueabihf'
36 silly reify ]
37 verbose reify failed optional dependency /home/miracle/Simple-MERN-App/client/node_modules/@rollup/rollup-darwin-x64
38 silly reify mark deleted [
38 silly reify   '/home/miracle/Simple-MERN-App/client/node_modules/@rollup/rollup-darwin-x64'
38 silly reify ]
39 verbose reify failed optional dependency /home/miracle/Simple-MERN-App/client/node_modules/@rollup/rollup-darwin-arm64
40 silly reify mark deleted [
40 silly reify   '/home/miracle/Simple-MERN-App/client/node_modules/@rollup/rollup-darwin-arm64'
40 silly reify ]
41 verbose reify failed optional dependency /home/miracle/Simple-MERN-App/client/node_modules/@rollup/rollup-android-arm64
42 silly reify mark deleted [
42 silly reify   '/home/miracle/Simple-MERN-App/client/node_modules/@rollup/rollup-android-arm64'
42 silly reify ]
43 verbose reify failed optional dependency /home/miracle/Simple-MERN-App/client/node_modules/@rollup/rollup-android-arm-eabi
44 silly reify mark deleted [
44 silly reify   '/home/miracle/Simple-MERN-App/client/node_modules/@rollup/rollup-android-arm-eabi'
44 silly reify ]
45 verbose reify failed optional dependency /home/miracle/Simple-MERN-App/client/node_modules/@esbuild/win32-x64
46 silly reify mark deleted [
46 silly reify   '/home/miracle/Simple-MERN-App/client/node_modules/@esbuild/win32-x64'
46 silly reify ]
47 verbose reify failed optional dependency /home/miracle/Simple-MERN-App/client/node_modules/@esbuild/win32-ia32
48 silly reify mark deleted [
48 silly reify   '/home/miracle/Simple-MERN-App/client/node_modules/@esbuild/win32-ia32'
48 silly reify ]
49 verbose reify failed optional dependency /home/miracle/Simple-MERN-App/client/node_modules/@esbuild/win32-arm64
50 silly reify mark deleted [
50 silly reify   '/home/miracle/Simple-MERN-App/client/node_modules/@esbuild/win32-arm64'
50 silly reify ]
51 verbose reify failed optional dependency /home/miracle/Simple-MERN-App/client/node_modules/@esbuild/sunos-x64
52 silly reify mark deleted [
52 silly reify   '/home/miracle/Simple-MERN-App/client/node_modules/@esbuild/sunos-x64'
52 silly reify ]
53 verbose reify failed optional dependency /home/miracle/Simple-MERN-App/client/node_modules/@esbuild/openbsd-x64
54 silly reify mark deleted [
54 silly reify   '/home/miracle/Simple-MERN-App/client/node_modules/@esbuild/openbsd-x64'
54 silly reify ]
55 verbose reify failed optional dependency /home/miracle/Simple-MERN-App/client/node_modules/@esbuild/netbsd-x64
56 silly reify mark deleted [
56 silly reify   '/home/miracle/Simple-MERN-App/client/node_modules/@esbuild/netbsd-x64'
56 silly reify ]
57 verbose reify failed optional dependency /home/miracle/Simple-MERN-App/client/node_modules/@esbuild/linux-s390x
58 silly reify mark deleted [
58 silly reify   '/home/miracle/Simple-MERN-App/client/node_modules/@esbuild/linux-s390x'
58 silly reify ]
59 verbose reify failed optional dependency /home/miracle/Simple-MERN-App/client/node_modules/@esbuild/linux-riscv64
60 silly reify mark deleted [
60 silly reify   '/home/miracle/Simple-MERN-App/client/node_modules/@esbuild/linux-riscv64'
60 silly reify ]
61 verbose reify failed optional dependency /home/miracle/Simple-MERN-App/client/node_modules/@esbuild/linux-ppc64
62 silly reify mark deleted [
62 silly reify   '/home/miracle/Simple-MERN-App/client/node_modules/@esbuild/linux-ppc64'
62 silly reify ]
63 verbose reify failed optional dependency /home/miracle/Simple-MERN-App/client/node_modules/@esbuild/linux-mips64el
64 silly reify mark deleted [
64 silly reify   '/home/miracle/Simple-MERN-App/client/node_modules/@esbuild/linux-mips64el'
64 silly reify ]
65 verbose reify failed optional dependency /home/miracle/Simple-MERN-App/client/node_modules/@esbuild/linux-loong64
66 silly reify mark deleted [
66 silly reify   '/home/miracle/Simple-MERN-App/client/node_modules/@esbuild/linux-loong64'
66 silly reify ]
67 verbose reify failed optional dependency /home/miracle/Simple-MERN-App/client/node_modules/@esbuild/linux-ia32
68 silly reify mark deleted [
68 silly reify   '/home/miracle/Simple-MERN-App/client/node_modules/@esbuild/linux-ia32'
68 silly reify ]
69 verbose reify failed optional dependency /home/miracle/Simple-MERN-App/client/node_modules/@esbuild/linux-arm64
70 silly reify mark deleted [
70 silly reify   '/home/miracle/Simple-MERN-App/client/node_modules/@esbuild/linux-arm64'
70 silly reify ]
71 verbose reify failed optional dependency /home/miracle/Simple-MERN-App/client/node_modules/@esbuild/linux-arm
72 silly reify mark deleted [
72 silly reify   '/home/miracle/Simple-MERN-App/client/node_modules/@esbuild/linux-arm'
72 silly reify ]
73 verbose reify failed optional dependency /home/miracle/Simple-MERN-App/client/node_modules/@esbuild/freebsd-x64
74 silly reify mark deleted [
74 silly reify   '/home/miracle/Simple-MERN-App/client/node_modules/@esbuild/freebsd-x64'
74 silly reify ]
75 verbose reify failed optional dependency /home/miracle/Simple-MERN-App/client/node_modules/@esbuild/freebsd-arm64
76 silly reify mark deleted [
76 silly reify   '/home/miracle/Simple-MERN-App/client/node_modules/@esbuild/freebsd-arm64'
76 silly reify ]
77 verbose reify failed optional dependency /home/miracle/Simple-MERN-App/client/node_modules/@esbuild/darwin-x64
78 silly reify mark deleted [
78 silly reify   '/home/miracle/Simple-MERN-App/client/node_modules/@esbuild/darwin-x64'
78 silly reify ]
79 verbose reify failed optional dependency /home/miracle/Simple-MERN-App/client/node_modules/@esbuild/darwin-arm64
80 silly reify mark deleted [
80 silly reify   '/home/miracle/Simple-MERN-App/client/node_modules/@esbuild/darwin-arm64'
80 silly reify ]
81 verbose reify failed optional dependency /home/miracle/Simple-MERN-App/client/node_modules/@esbuild/android-x64
82 silly reify mark deleted [
82 silly reify   '/home/miracle/Simple-MERN-App/client/node_modules/@esbuild/android-x64'
82 silly reify ]
83 verbose reify failed optional dependency /home/miracle/Simple-MERN-App/client/node_modules/@esbuild/android-arm64
84 silly reify mark deleted [
84 silly reify   '/home/miracle/Simple-MERN-App/client/node_modules/@esbuild/android-arm64'
84 silly reify ]
85 verbose reify failed optional dependency /home/miracle/Simple-MERN-App/client/node_modules/@esbuild/android-arm
86 silly reify mark deleted [
86 silly reify   '/home/miracle/Simple-MERN-App/client/node_modules/@esbuild/android-arm'
86 silly reify ]
87 verbose reify failed optional dependency /home/miracle/Simple-MERN-App/client/node_modules/@esbuild/aix-ppc64
88 silly reify mark deleted [
88 silly reify   '/home/miracle/Simple-MERN-App/client/node_modules/@esbuild/aix-ppc64'
88 silly reify ]
89 silly tarball no local data for which-typed-array@https://registry.npmjs.org/which-typed-array/-/which-typed-array-1.1.13.tgz. Extracting by manifest.
90 silly tarball no local data for which-collection@https://registry.npmjs.org/which-collection/-/which-collection-1.0.1.tgz. Extracting by manifest.
91 silly tarball no local data for which-builtin-type@https://registry.npmjs.org/which-builtin-type/-/which-builtin-type-1.1.3.tgz. Extracting by manifest.
92 silly tarball no local data for which-boxed-primitive@https://registry.npmjs.org/which-boxed-primitive/-/which-boxed-primitive-1.0.2.tgz. Extracting by manifest.
93 silly tarball no local data for use-sync-external-store@https://registry.npmjs.org/use-sync-external-store/-/use-sync-external-store-1.2.0.tgz. Extracting by manifest.
94 silly tarball no local data for vite@https://registry.npmjs.org/vite/-/vite-5.0.10.tgz. Extracting by manifest.
95 silly tarball no local data for update-browserslist-db@https://registry.npmjs.org/update-browserslist-db/-/update-browserslist-db-1.0.13.tgz. Extracting by manifest.
96 silly tarball no local data for unbox-primitive@https://registry.npmjs.org/unbox-primitive/-/unbox-primitive-1.0.2.tgz. Extracting by manifest.
97 silly tarball no local data for typed-array-length@https://registry.npmjs.org/typed-array-length/-/typed-array-length-1.0.4.tgz. Extracting by manifest.
98 silly tarball no local data for typed-array-byte-offset@https://registry.npmjs.org/typed-array-byte-offset/-/typed-array-byte-offset-1.0.0.tgz. Extracting by manifest.
99 silly tarball no local data for typed-array-buffer@https://registry.npmjs.org/typed-array-buffer/-/typed-array-buffer-1.0.0.tgz. Extracting by manifest.
100 silly tarball no local data for typed-array-byte-length@https://registry.npmjs.org/typed-array-byte-length/-/typed-array-byte-length-1.0.0.tgz. Extracting by manifest.
101 silly tarball no local data for to-fast-properties@https://registry.npmjs.org/to-fast-properties/-/to-fast-properties-2.0.0.tgz. Extracting by manifest.
102 silly tarball no local data for string.prototype.trimstart@https://registry.npmjs.org/string.prototype.trimstart/-/string.prototype.trimstart-1.0.7.tgz. Extracting by manifest.
103 silly tarball no local data for string.prototype.trimend@https://registry.npmjs.org/string.prototype.trimend/-/string.prototype.trimend-1.0.7.tgz. Extracting by manifest.
104 silly tarball no local data for string.prototype.trim@https://registry.npmjs.org/string.prototype.trim/-/string.prototype.trim-1.2.8.tgz. Extracting by manifest.
105 silly tarball no local data for source-map-js@https://registry.npmjs.org/source-map-js/-/source-map-js-1.0.2.tgz. Extracting by manifest.
106 silly tarball no local data for string.prototype.matchall@https://registry.npmjs.org/string.prototype.matchall/-/string.prototype.matchall-4.0.10.tgz. Extracting by manifest.
107 silly tarball no local data for side-channel@https://registry.npmjs.org/side-channel/-/side-channel-1.0.4.tgz. Extracting by manifest.
108 silly tarball no local data for set-function-name@https://registry.npmjs.org/set-function-name/-/set-function-name-2.0.1.tgz. Extracting by manifest.
109 silly tarball no local data for set-function-length@https://registry.npmjs.org/set-function-length/-/set-function-length-1.1.1.tgz. Extracting by manifest.
110 silly tarball no local data for safe-array-concat@https://registry.npmjs.org/safe-array-concat/-/safe-array-concat-1.0.1.tgz. Extracting by manifest.
111 silly tarball no local data for scheduler@https://registry.npmjs.org/scheduler/-/scheduler-0.23.0.tgz. Extracting by manifest.
112 silly tarball no local data for safe-regex-test@https://registry.npmjs.org/safe-regex-test/-/safe-regex-test-1.0.0.tgz. Extracting by manifest.
113 silly tarball no local data for rollup@https://registry.npmjs.org/rollup/-/rollup-4.9.1.tgz. Extracting by manifest.
114 silly tarball no local data for regexp.prototype.flags@https://registry.npmjs.org/regexp.prototype.flags/-/regexp.prototype.flags-1.5.1.tgz. Extracting by manifest.
115 silly tarball no local data for redux-thunk@https://registry.npmjs.org/redux-thunk/-/redux-thunk-3.1.0.tgz. Extracting by manifest.
116 silly tarball no local data for reselect@https://registry.npmjs.org/reselect/-/reselect-5.0.1.tgz. Extracting by manifest.
117 silly tarball no local data for reflect.getprototypeof@https://registry.npmjs.org/reflect.getprototypeof/-/reflect.getprototypeof-1.0.4.tgz. Extracting by manifest.
118 silly tarball no local data for redux@https://registry.npmjs.org/redux/-/redux-5.0.1.tgz. Extracting by manifest.
119 silly tarball no local data for react-redux@https://registry.npmjs.org/react-redux/-/react-redux-9.0.4.tgz. Extracting by manifest.
120 silly tarball no local data for react-toastify@https://registry.npmjs.org/react-toastify/-/react-toastify-9.1.3.tgz. Extracting by manifest.
121 silly tarball no local data for react-refresh@https://registry.npmjs.org/react-refresh/-/react-refresh-0.14.0.tgz. Extracting by manifest.
122 silly tarball no local data for react-dom@https://registry.npmjs.org/react-dom/-/react-dom-18.2.0.tgz. Extracting by manifest.
123 silly tarball no local data for react@https://registry.npmjs.org/react/-/react-18.2.0.tgz. Extracting by manifest.
124 silly tarball no local data for proxy-from-env@https://registry.npmjs.org/proxy-from-env/-/proxy-from-env-1.1.0.tgz. Extracting by manifest.
125 silly tarball no local data for postcss@https://registry.npmjs.org/postcss/-/postcss-8.4.32.tgz. Extracting by manifest.
126 silly tarball no local data for picocolors@https://registry.npmjs.org/picocolors/-/picocolors-1.0.0.tgz. Extracting by manifest.
127 silly tarball no local data for optionator@https://registry.npmjs.org/optionator/-/optionator-0.9.3.tgz. Extracting by manifest.
128 silly tarball no local data for object.hasown@https://registry.npmjs.org/object.hasown/-/object.hasown-1.1.3.tgz. Extracting by manifest.
129 silly tarball no local data for object.assign@https://registry.npmjs.org/object.assign/-/object.assign-4.1.5.tgz. Extracting by manifest.
130 silly tarball no local data for object-inspect@https://registry.npmjs.org/object-inspect/-/object-inspect-1.13.1.tgz. Extracting by manifest.
131 silly tarball no local data for object.values@https://registry.npmjs.org/object.values/-/object.values-1.1.7.tgz. Extracting by manifest.
132 silly tarball no local data for object.entries@https://registry.npmjs.org/object.entries/-/object.entries-1.1.7.tgz. Extracting by manifest.
133 silly tarball no local data for object.fromentries@https://registry.npmjs.org/object.fromentries/-/object.fromentries-2.0.7.tgz. Extracting by manifest.
134 silly tarball no local data for nanoid@https://registry.npmjs.org/nanoid/-/nanoid-3.3.7.tgz. Extracting by manifest.
135 silly tarball no local data for ms@https://registry.npmjs.org/ms/-/ms-2.1.2.tgz. Extracting by manifest.
136 silly tarball no local data for node-releases@https://registry.npmjs.org/node-releases/-/node-releases-2.0.14.tgz. Extracting by manifest.
137 silly tarball no local data for jsesc@https://registry.npmjs.org/jsesc/-/jsesc-2.5.2.tgz. Extracting by manifest.
138 silly tarball no local data for iterator.prototype@https://registry.npmjs.org/iterator.prototype/-/iterator.prototype-1.1.2.tgz. Extracting by manifest.
139 silly tarball no local data for is-weakset@https://registry.npmjs.org/is-weakset/-/is-weakset-2.0.2.tgz. Extracting by manifest.
140 silly tarball no local data for is-weakmap@https://registry.npmjs.org/is-weakmap/-/is-weakmap-2.0.1.tgz. Extracting by manifest.
141 silly tarball no local data for is-weakref@https://registry.npmjs.org/is-weakref/-/is-weakref-1.0.2.tgz. Extracting by manifest.
142 silly tarball no local data for is-symbol@https://registry.npmjs.org/is-symbol/-/is-symbol-1.0.4.tgz. Extracting by manifest.
143 silly tarball no local data for is-string@https://registry.npmjs.org/is-string/-/is-string-1.0.7.tgz. Extracting by manifest.
144 silly tarball no local data for is-typed-array@https://registry.npmjs.org/is-typed-array/-/is-typed-array-1.1.12.tgz. Extracting by manifest.
145 silly tarball no local data for is-shared-array-buffer@https://registry.npmjs.org/is-shared-array-buffer/-/is-shared-array-buffer-1.0.2.tgz. Extracting by manifest.
146 silly tarball no local data for is-set@https://registry.npmjs.org/is-set/-/is-set-2.0.2.tgz. Extracting by manifest.
147 silly tarball no local data for is-regex@https://registry.npmjs.org/is-regex/-/is-regex-1.1.4.tgz. Extracting by manifest.
148 silly tarball no local data for is-negative-zero@https://registry.npmjs.org/is-negative-zero/-/is-negative-zero-2.0.2.tgz. Extracting by manifest.
149 silly tarball no local data for is-number-object@https://registry.npmjs.org/is-number-object/-/is-number-object-1.0.7.tgz. Extracting by manifest.
150 silly tarball no local data for is-map@https://registry.npmjs.org/is-map/-/is-map-2.0.2.tgz. Extracting by manifest.
151 silly tarball no local data for is-generator-function@https://registry.npmjs.org/is-generator-function/-/is-generator-function-1.0.10.tgz. Extracting by manifest.
152 silly tarball no local data for is-finalizationregistry@https://registry.npmjs.org/is-finalizationregistry/-/is-finalizationregistry-1.0.2.tgz. Extracting by manifest.
153 silly tarball no local data for is-date-object@https://registry.npmjs.org/is-date-object/-/is-date-object-1.0.5.tgz. Extracting by manifest.
154 silly tarball no local data for is-core-module@https://registry.npmjs.org/is-core-module/-/is-core-module-2.13.1.tgz. Extracting by manifest.
155 silly tarball no local data for is-boolean-object@https://registry.npmjs.org/is-boolean-object/-/is-boolean-object-1.1.2.tgz. Extracting by manifest.
156 silly tarball no local data for is-array-buffer@https://registry.npmjs.org/is-array-buffer/-/is-array-buffer-3.0.2.tgz. Extracting by manifest.
157 silly tarball no local data for internal-slot@https://registry.npmjs.org/internal-slot/-/internal-slot-1.0.6.tgz. Extracting by manifest.
158 silly tarball no local data for is-bigint@https://registry.npmjs.org/is-bigint/-/is-bigint-1.0.4.tgz. Extracting by manifest.
159 silly tarball no local data for import-fresh@https://registry.npmjs.org/import-fresh/-/import-fresh-3.3.0.tgz. Extracting by manifest.
160 silly tarball no local data for hasown@https://registry.npmjs.org/hasown/-/hasown-2.0.0.tgz. Extracting by manifest.
161 silly tarball no local data for has-tostringtag@https://registry.npmjs.org/has-tostringtag/-/has-tostringtag-1.0.0.tgz. Extracting by manifest.
162 silly tarball no local data for has-symbols@https://registry.npmjs.org/has-symbols/-/has-symbols-1.0.3.tgz. Extracting by manifest.
163 silly tarball no local data for has-proto@https://registry.npmjs.org/has-proto/-/has-proto-1.0.1.tgz. Extracting by manifest.
164 silly tarball no local data for has-property-descriptors@https://registry.npmjs.org/has-property-descriptors/-/has-property-descriptors-1.0.1.tgz. Extracting by manifest.
165 silly tarball no local data for is-async-function@https://registry.npmjs.org/is-async-function/-/is-async-function-2.0.0.tgz. Extracting by manifest.
166 silly tarball no local data for ignore@https://registry.npmjs.org/ignore/-/ignore-5.3.0.tgz. Extracting by manifest.
167 silly tarball no local data for immer@https://registry.npmjs.org/immer/-/immer-10.0.3.tgz. Extracting by manifest.
168 silly tarball no local data for globalthis@https://registry.npmjs.org/globalthis/-/globalthis-1.0.3.tgz. Extracting by manifest.
169 silly tarball no local data for has-bigints@https://registry.npmjs.org/has-bigints/-/has-bigints-1.0.2.tgz. Extracting by manifest.
170 silly tarball no local data for gopd@https://registry.npmjs.org/gopd/-/gopd-1.0.1.tgz. Extracting by manifest.
171 silly tarball no local data for get-symbol-description@https://registry.npmjs.org/get-symbol-description/-/get-symbol-description-1.0.0.tgz. Extracting by manifest.
172 silly tarball no local data for function.prototype.name@https://registry.npmjs.org/function.prototype.name/-/function.prototype.name-1.1.6.tgz. Extracting by manifest.
173 silly tarball no local data for get-intrinsic@https://registry.npmjs.org/get-intrinsic/-/get-intrinsic-1.2.2.tgz. Extracting by manifest.
174 silly tarball no local data for for-each@https://registry.npmjs.org/for-each/-/for-each-0.3.3.tgz. Extracting by manifest.
175 silly tarball no local data for follow-redirects@https://registry.npmjs.org/follow-redirects/-/follow-redirects-1.15.3.tgz. Extracting by manifest.
176 silly tarball no local data for flatted@https://registry.npmjs.org/flatted/-/flatted-3.2.9.tgz. Extracting by manifest.
177 silly tarball no local data for form-data@https://registry.npmjs.org/form-data/-/form-data-4.0.0.tgz. Extracting by manifest.
178 silly tarball no local data for fastq@https://registry.npmjs.org/fastq/-/fastq-1.16.0.tgz. Extracting by manifest.
179 silly tarball no local data for esquery@https://registry.npmjs.org/esquery/-/esquery-1.5.0.tgz. Extracting by manifest.
180 silly tarball no local data for eslint-plugin-react-refresh@https://registry.npmjs.org/eslint-plugin-react-refresh/-/eslint-plugin-react-refresh-0.4.5.tgz. Extracting by manifest.
181 silly tarball no local data for eslint-plugin-react@https://registry.npmjs.org/eslint-plugin-react/-/eslint-plugin-react-7.33.2.tgz. Extracting by manifest.
182 silly tarball no local data for eslint-plugin-react-hooks@https://registry.npmjs.org/eslint-plugin-react-hooks/-/eslint-plugin-react-hooks-4.6.0.tgz. Extracting by manifest.
183 silly tarball no local data for escalade@https://registry.npmjs.org/escalade/-/escalade-3.1.1.tgz. Extracting by manifest.
184 silly tarball no local data for eslint@https://registry.npmjs.org/eslint/-/eslint-8.56.0.tgz. Extracting by manifest.
185 silly tarball no local data for es-shim-unscopables@https://registry.npmjs.org/es-shim-unscopables/-/es-shim-unscopables-1.0.2.tgz. Extracting by manifest.
186 silly tarball no local data for esbuild@https://registry.npmjs.org/esbuild/-/esbuild-0.19.10.tgz. Extracting by manifest.
187 silly tarball no local data for es-abstract@https://registry.npmjs.org/es-abstract/-/es-abstract-1.22.3.tgz. Extracting by manifest.
188 silly tarball no local data for es-iterator-helpers@https://registry.npmjs.org/es-iterator-helpers/-/es-iterator-helpers-1.0.15.tgz. Extracting by manifest.
189 silly tarball no local data for es-to-primitive@https://registry.npmjs.org/es-to-primitive/-/es-to-primitive-1.2.1.tgz. Extracting by manifest.
190 silly tarball no local data for es-set-tostringtag@https://registry.npmjs.org/es-set-tostringtag/-/es-set-tostringtag-2.0.2.tgz. Extracting by manifest.
191 silly tarball no local data for define-data-property@https://registry.npmjs.org/define-data-property/-/define-data-property-1.1.1.tgz. Extracting by manifest.
192 silly tarball no local data for electron-to-chromium@https://registry.npmjs.org/electron-to-chromium/-/electron-to-chromium-1.4.616.tgz. Extracting by manifest.
193 silly tarball no local data for csstype@https://registry.npmjs.org/csstype/-/csstype-3.1.3.tgz. Extracting by manifest.
194 silly tarball no local data for cross-spawn@https://registry.npmjs.org/cross-spawn/-/cross-spawn-7.0.3.tgz. Extracting by manifest.
195 silly tarball no local data for debug@https://registry.npmjs.org/debug/-/debug-4.3.4.tgz. Extracting by manifest.
196 silly tarball no local data for clsx@https://registry.npmjs.org/clsx/-/clsx-1.2.1.tgz. Extracting by manifest.
197 silly tarball no local data for caniuse-lite@https://registry.npmjs.org/caniuse-lite/-/caniuse-lite-1.0.30001571.tgz. Extracting by manifest.
198 silly tarball no local data for call-bind@https://registry.npmjs.org/call-bind/-/call-bind-1.0.5.tgz. Extracting by manifest.
199 silly tarball no local data for browserslist@https://registry.npmjs.org/browserslist/-/browserslist-4.22.2.tgz. Extracting by manifest.
200 silly tarball no local data for axios@https://registry.npmjs.org/axios/-/axios-1.6.2.tgz. Extracting by manifest.
201 silly tarball no local data for available-typed-arrays@https://registry.npmjs.org/available-typed-arrays/-/available-typed-arrays-1.0.5.tgz. Extracting by manifest.
202 silly tarball no local data for arraybuffer.prototype.slice@https://registry.npmjs.org/arraybuffer.prototype.slice/-/arraybuffer.prototype.slice-1.0.2.tgz. Extracting by manifest.
203 silly tarball no local data for array.prototype.flat@https://registry.npmjs.org/array.prototype.flat/-/array.prototype.flat-1.3.2.tgz. Extracting by manifest.
204 silly tarball no local data for array.prototype.flatmap@https://registry.npmjs.org/array.prototype.flatmap/-/array.prototype.flatmap-1.3.2.tgz. Extracting by manifest.
205 silly tarball no local data for array-includes@https://registry.npmjs.org/array-includes/-/array-includes-3.1.7.tgz. Extracting by manifest.
206 silly tarball no local data for array-buffer-byte-length@https://registry.npmjs.org/array-buffer-byte-length/-/array-buffer-byte-length-1.0.0.tgz. Extracting by manifest.
207 silly tarball no local data for asynciterator.prototype@https://registry.npmjs.org/asynciterator.prototype/-/asynciterator.prototype-1.0.0.tgz. Extracting by manifest.
208 silly tarball no local data for array.prototype.tosorted@https://registry.npmjs.org/array.prototype.tosorted/-/array.prototype.tosorted-1.1.2.tgz. Extracting by manifest.
209 silly tarball no local data for @vitejs/plugin-react@https://registry.npmjs.org/@vitejs/plugin-react/-/plugin-react-4.2.1.tgz. Extracting by manifest.
210 silly tarball no local data for acorn@https://registry.npmjs.org/acorn/-/acorn-8.11.2.tgz. Extracting by manifest.
211 silly tarball no local data for @ungap/structured-clone@https://registry.npmjs.org/@ungap/structured-clone/-/structured-clone-1.2.0.tgz. Extracting by manifest.
212 silly tarball no local data for @types/use-sync-external-store@https://registry.npmjs.org/@types/use-sync-external-store/-/use-sync-external-store-0.0.3.tgz. Extracting by manifest.
213 silly tarball no local data for @types/react-dom@https://registry.npmjs.org/@types/react-dom/-/react-dom-18.2.18.tgz. Extracting by manifest.
214 silly tarball no local data for @types/scheduler@https://registry.npmjs.org/@types/scheduler/-/scheduler-0.16.8.tgz. Extracting by manifest.
215 silly tarball no local data for @types/react@https://registry.npmjs.org/@types/react/-/react-18.2.45.tgz. Extracting by manifest.
216 silly tarball no local data for @types/prop-types@https://registry.npmjs.org/@types/prop-types/-/prop-types-15.7.11.tgz. Extracting by manifest.
217 silly tarball no local data for @types/babel__traverse@https://registry.npmjs.org/@types/babel__traverse/-/babel__traverse-7.20.4.tgz. Extracting by manifest.
218 silly tarball no local data for @rollup/rollup-linux-x64-musl@https://registry.npmjs.org/@rollup/rollup-linux-x64-musl/-/rollup-linux-x64-musl-4.9.1.tgz. Extracting by manifest.
219 silly tarball no local data for @rollup/rollup-linux-x64-gnu@https://registry.npmjs.org/@rollup/rollup-linux-x64-gnu/-/rollup-linux-x64-gnu-4.9.1.tgz. Extracting by manifest.
220 silly tarball no local data for @reduxjs/toolkit@https://registry.npmjs.org/@reduxjs/toolkit/-/toolkit-2.0.1.tgz. Extracting by manifest.
221 silly tarball no local data for @jridgewell/sourcemap-codec@https://registry.npmjs.org/@jridgewell/sourcemap-codec/-/sourcemap-codec-1.4.15.tgz. Extracting by manifest.
222 silly tarball no local data for @jridgewell/trace-mapping@https://registry.npmjs.org/@jridgewell/trace-mapping/-/trace-mapping-0.3.20.tgz. Extracting by manifest.
223 silly tarball no local data for @jridgewell/set-array@https://registry.npmjs.org/@jridgewell/set-array/-/set-array-1.1.2.tgz. Extracting by manifest.
224 silly tarball no local data for @humanwhocodes/object-schema@https://registry.npmjs.org/@humanwhocodes/object-schema/-/object-schema-2.0.1.tgz. Extracting by manifest.
225 silly tarball no local data for @jridgewell/resolve-uri@https://registry.npmjs.org/@jridgewell/resolve-uri/-/resolve-uri-3.1.1.tgz. Extracting by manifest.
226 silly tarball no local data for @jridgewell/gen-mapping@https://registry.npmjs.org/@jridgewell/gen-mapping/-/gen-mapping-0.3.3.tgz. Extracting by manifest.
227 silly tarball no local data for @humanwhocodes/config-array@https://registry.npmjs.org/@humanwhocodes/config-array/-/config-array-0.11.13.tgz. Extracting by manifest.
228 silly tarball no local data for @eslint/js@https://registry.npmjs.org/@eslint/js/-/js-8.56.0.tgz. Extracting by manifest.
229 silly tarball no local data for @eslint-community/regexpp@https://registry.npmjs.org/@eslint-community/regexpp/-/regexpp-4.10.0.tgz. Extracting by manifest.
230 silly tarball no local data for @eslint-community/eslint-utils@https://registry.npmjs.org/@eslint-community/eslint-utils/-/eslint-utils-4.4.0.tgz. Extracting by manifest.
231 silly tarball no local data for @esbuild/linux-x64@https://registry.npmjs.org/@esbuild/linux-x64/-/linux-x64-0.19.10.tgz. Extracting by manifest.
232 silly tarball no local data for @babel/types@https://registry.npmjs.org/@babel/types/-/types-7.23.6.tgz. Extracting by manifest.
233 silly tarball no local data for @babel/template@https://registry.npmjs.org/@babel/template/-/template-7.22.15.tgz. Extracting by manifest.
234 silly tarball no local data for @babel/traverse@https://registry.npmjs.org/@babel/traverse/-/traverse-7.23.6.tgz. Extracting by manifest.
235 silly tarball no local data for @babel/plugin-transform-react-jsx-self@https://registry.npmjs.org/@babel/plugin-transform-react-jsx-self/-/plugin-transform-react-jsx-self-7.23.3.tgz. Extracting by manifest.
236 silly tarball no local data for @babel/plugin-transform-react-jsx-source@https://registry.npmjs.org/@babel/plugin-transform-react-jsx-source/-/plugin-transform-react-jsx-source-7.23.3.tgz. Extracting by manifest.
237 silly tarball no local data for @babel/parser@https://registry.npmjs.org/@babel/parser/-/parser-7.23.6.tgz. Extracting by manifest.
238 silly tarball no local data for @babel/highlight@https://registry.npmjs.org/@babel/highlight/-/highlight-7.23.4.tgz. Extracting by manifest.
239 silly tarball no local data for @babel/helpers@https://registry.npmjs.org/@babel/helpers/-/helpers-7.23.6.tgz. Extracting by manifest.
240 silly tarball no local data for @babel/helper-validator-option@https://registry.npmjs.org/@babel/helper-validator-option/-/helper-validator-option-7.23.5.tgz. Extracting by manifest.
241 silly tarball no local data for @babel/helper-validator-identifier@https://registry.npmjs.org/@babel/helper-validator-identifier/-/helper-validator-identifier-7.22.20.tgz. Extracting by manifest.
242 silly tarball no local data for @babel/helper-string-parser@https://registry.npmjs.org/@babel/helper-string-parser/-/helper-string-parser-7.23.4.tgz. Extracting by manifest.
243 silly tarball no local data for @babel/helper-split-export-declaration@https://registry.npmjs.org/@babel/helper-split-export-declaration/-/helper-split-export-declaration-7.22.6.tgz. Extracting by manifest.
244 silly tarball no local data for @babel/helper-simple-access@https://registry.npmjs.org/@babel/helper-simple-access/-/helper-simple-access-7.22.5.tgz. Extracting by manifest.
245 silly tarball no local data for @babel/helper-module-imports@https://registry.npmjs.org/@babel/helper-module-imports/-/helper-module-imports-7.22.15.tgz. Extracting by manifest.
246 silly tarball no local data for @babel/helper-plugin-utils@https://registry.npmjs.org/@babel/helper-plugin-utils/-/helper-plugin-utils-7.22.5.tgz. Extracting by manifest.
247 silly tarball no local data for @babel/helper-module-transforms@https://registry.npmjs.org/@babel/helper-module-transforms/-/helper-module-transforms-7.23.3.tgz. Extracting by manifest.
248 silly tarball no local data for @babel/helper-hoist-variables@https://registry.npmjs.org/@babel/helper-hoist-variables/-/helper-hoist-variables-7.22.5.tgz. Extracting by manifest.
249 silly tarball no local data for @babel/helper-function-name@https://registry.npmjs.org/@babel/helper-function-name/-/helper-function-name-7.23.0.tgz. Extracting by manifest.
250 silly tarball no local data for @babel/helper-compilation-targets@https://registry.npmjs.org/@babel/helper-compilation-targets/-/helper-compilation-targets-7.23.6.tgz. Extracting by manifest.
251 silly tarball no local data for @babel/helper-environment-visitor@https://registry.npmjs.org/@babel/helper-environment-visitor/-/helper-environment-visitor-7.22.20.tgz. Extracting by manifest.
252 silly tarball no local data for @babel/generator@https://registry.npmjs.org/@babel/generator/-/generator-7.23.6.tgz. Extracting by manifest.
253 silly tarball no local data for @babel/core@https://registry.npmjs.org/@babel/core/-/core-7.23.6.tgz. Extracting by manifest.
254 silly tarball no local data for @babel/code-frame@https://registry.npmjs.org/@babel/code-frame/-/code-frame-7.23.5.tgz. Extracting by manifest.
255 silly tarball no local data for @ampproject/remapping@https://registry.npmjs.org/@ampproject/remapping/-/remapping-2.2.1.tgz. Extracting by manifest.
256 silly tarball no local data for @babel/compat-data@https://registry.npmjs.org/@babel/compat-data/-/compat-data-7.23.5.tgz. Extracting by manifest.
257 silly tarball no local data for @aashutoshrathi/word-wrap@https://registry.npmjs.org/@aashutoshrathi/word-wrap/-/word-wrap-1.2.6.tgz. Extracting by manifest.
258 http fetch POST 200 https://registry.npmjs.org/-/npm/v1/security/advisories/bulk 806ms
259 silly audit report {
259 silly audit report   axios: [
259 silly audit report     {
259 silly audit report       id: 1098583,
259 silly audit report       url: 'https://github.com/advisories/GHSA-8hc4-vh64-cxmj',
259 silly audit report       title: 'Server-Side Request Forgery in axios',
259 silly audit report       severity: 'high',
259 silly audit report       vulnerable_versions: '>=1.3.2 <=1.7.3',
259 silly audit report       cwe: [Array],
259 silly audit report       cvss: [Object]
259 silly audit report     }
259 silly audit report   ],
259 silly audit report   'cross-spawn': [
259 silly audit report     {
259 silly audit report       id: 1100563,
259 silly audit report       url: 'https://github.com/advisories/GHSA-3xgq-45jj-v275',
259 silly audit report       title: 'Regular Expression Denial of Service (ReDoS) in cross-spawn',
259 silly audit report       severity: 'high',
259 silly audit report       vulnerable_versions: '>=7.0.0 <7.0.5',
259 silly audit report       cwe: [Array],
259 silly audit report       cvss: [Object]
259 silly audit report     }
259 silly audit report   ],
259 silly audit report   'follow-redirects': [
259 silly audit report     {
259 silly audit report       id: 1096856,
259 silly audit report       url: 'https://github.com/advisories/GHSA-cxjh-pqwp-8mfp',
259 silly audit report       title: "follow-redirects' Proxy-Authorization header kept across hosts",
259 silly audit report       severity: 'moderate',
259 silly audit report       vulnerable_versions: '<=1.15.5',
259 silly audit report       cwe: [Array],
259 silly audit report       cvss: [Object]
259 silly audit report     },
259 silly audit report     {
259 silly audit report       id: 1096353,
259 silly audit report       url: 'https://github.com/advisories/GHSA-jchw-25xp-jwwc',
259 silly audit report       title: 'Follow Redirects improperly handles URLs in the url.parse() function',
259 silly audit report       severity: 'moderate',
259 silly audit report       vulnerable_versions: '<1.15.4',
259 silly audit report       cwe: [Array],
259 silly audit report       cvss: [Object]
259 silly audit report     }
259 silly audit report   ],
259 silly audit report   nanoid: [
259 silly audit report     {
259 silly audit report       id: 1101163,
259 silly audit report       url: 'https://github.com/advisories/GHSA-mwcw-c2x4-8c55',
259 silly audit report       title: 'Predictable results in nanoid generation when given non-integer values',
259 silly audit report       severity: 'moderate',
259 silly audit report       vulnerable_versions: '<3.3.8',
259 silly audit report       cwe: [Array],
259 silly audit report       cvss: [Object]
259 silly audit report     }
259 silly audit report   ],
259 silly audit report   rollup: [
259 silly audit report     {
259 silly audit report       id: 1099764,
259 silly audit report       url: 'https://github.com/advisories/GHSA-gcx4-mw62-g8wm',
259 silly audit report       title: 'DOM Clobbering Gadget found in rollup bundled scripts that leads to XSS',
259 silly audit report       severity: 'high',
259 silly audit report       vulnerable_versions: '>=4.0.0 <4.22.4',
259 silly audit report       cwe: [Array],
259 silly audit report       cvss: [Object]
259 silly audit report     }
259 silly audit report   ],
259 silly audit report   vite: [
259 silly audit report     {
259 silly audit report       id: 1099687,
259 silly audit report       url: 'https://github.com/advisories/GHSA-9cwx-2883-4wfx',
259 silly audit report       title: "Vite's `server.fs.deny` is bypassed when using `?import&raw`",
259 silly audit report       severity: 'moderate',
259 silly audit report       vulnerable_versions: '>=5.0.0 <=5.1.7',
259 silly audit report       cwe: [Array],
259 silly audit report       cvss: [Object]
259 silly audit report     },
259 silly audit report     {
259 silly audit report       id: 1099689,
259 silly audit report       url: 'https://github.com/advisories/GHSA-64vr-g452-qvp3',
259 silly audit report       title: 'Vite DOM Clobbering gadget found in vite bundled scripts that leads to XSS',
259 silly audit report       severity: 'moderate',
259 silly audit report       vulnerable_versions: '>=5.0.0 <5.1.8',
259 silly audit report       cwe: [Array],
259 silly audit report       cvss: [Object]
259 silly audit report     },
259 silly audit report     {
259 silly audit report       id: 1101618,
259 silly audit report       url: 'https://github.com/advisories/GHSA-vg6x-rcgg-rjx6',
259 silly audit report       title: 'Websites were able to send any requests to the development server and read the response in vite',
259 silly audit report       severity: 'moderate',
259 silly audit report       vulnerable_versions: '>=5.0.0 <=5.4.11',
259 silly audit report       cwe: [Array],
259 silly audit report       cvss: [Object]
259 silly audit report     },
259 silly audit report     {
259 silly audit report       id: 1095466,
259 silly audit report       url: 'https://github.com/advisories/GHSA-c24v-8rfc-w8vw',
259 silly audit report       title: 'Vite dev server option `server.fs.deny` can be bypassed when hosted on case-insensitive filesystem',
259 silly audit report       severity: 'high',
259 silly audit report       vulnerable_versions: '>=5.0.0 <=5.0.11',
259 silly audit report       cwe: [Array],
259 silly audit report       cvss: [Object]
259 silly audit report     },
259 silly audit report     {
259 silly audit report       id: 1096894,
259 silly audit report       url: 'https://github.com/advisories/GHSA-8jhw-289h-jh2g',
259 silly audit report       title: "Vite's `server.fs.deny` did not deny requests for patterns with directories.",
259 silly audit report       severity: 'moderate',
259 silly audit report       vulnerable_versions: '>=5.0.0 <=5.0.12',
259 silly audit report       cwe: [Array],
259 silly audit report       cvss: [Object]
259 silly audit report     }
259 silly audit report   ]
259 silly audit report }
260 silly packumentCache corgi:https://registry.npmjs.org/axios cache-miss
261 silly packumentCache corgi:https://registry.npmjs.org/cross-spawn cache-miss
262 silly packumentCache corgi:https://registry.npmjs.org/follow-redirects cache-miss
263 silly packumentCache corgi:https://registry.npmjs.org/nanoid cache-miss
264 silly packumentCache corgi:https://registry.npmjs.org/rollup cache-miss
265 silly packumentCache corgi:https://registry.npmjs.org/vite cache-miss
266 http fetch GET 200 https://registry.npmjs.org/string.prototype.trimend/-/string.prototype.trimend-1.0.7.tgz 892ms (cache miss)
267 http fetch GET 200 https://registry.npmjs.org/typed-array-byte-length/-/typed-array-byte-length-1.0.0.tgz 1038ms (cache miss)
268 http fetch GET 200 https://registry.npmjs.org/unbox-primitive/-/unbox-primitive-1.0.2.tgz 1056ms (cache miss)
269 http fetch GET 200 https://registry.npmjs.org/which-boxed-primitive/-/which-boxed-primitive-1.0.2.tgz 1065ms (cache miss)
270 http fetch GET 200 https://registry.npmjs.org/typed-array-buffer/-/typed-array-buffer-1.0.0.tgz 1066ms (cache miss)
271 http fetch GET 200 https://registry.npmjs.org/which-builtin-type/-/which-builtin-type-1.1.3.tgz 1086ms (cache miss)
272 http fetch GET 200 https://registry.npmjs.org/which-collection/-/which-collection-1.0.1.tgz 1110ms (cache miss)
273 http fetch GET 200 https://registry.npmjs.org/use-sync-external-store/-/use-sync-external-store-1.2.0.tgz 1137ms (cache miss)
274 http fetch GET 200 https://registry.npmjs.org/set-function-length/-/set-function-length-1.1.1.tgz 1134ms (cache miss)
275 http fetch GET 200 https://registry.npmjs.org/set-function-name/-/set-function-name-2.0.1.tgz 1141ms (cache miss)
276 http fetch GET 200 https://registry.npmjs.org/which-typed-array/-/which-typed-array-1.1.13.tgz 1170ms (cache miss)
277 http fetch GET 200 https://registry.npmjs.org/side-channel/-/side-channel-1.0.4.tgz 1166ms (cache miss)
278 http fetch GET 200 https://registry.npmjs.org/to-fast-properties/-/to-fast-properties-2.0.0.tgz 1181ms (cache miss)
279 http fetch GET 200 https://registry.npmjs.org/string.prototype.trim/-/string.prototype.trim-1.2.8.tgz 1178ms (cache miss)
280 http fetch GET 200 https://registry.npmjs.org/safe-regex-test/-/safe-regex-test-1.0.0.tgz 1168ms (cache miss)
281 http fetch GET 200 https://registry.npmjs.org/typed-array-byte-offset/-/typed-array-byte-offset-1.0.0.tgz 1191ms (cache miss)
282 http fetch GET 200 https://registry.npmjs.org/update-browserslist-db/-/update-browserslist-db-1.0.13.tgz 1196ms (cache miss)
283 http fetch GET 200 https://registry.npmjs.org/safe-array-concat/-/safe-array-concat-1.0.1.tgz 1179ms (cache miss)
284 http fetch GET 200 https://registry.npmjs.org/source-map-js/-/source-map-js-1.0.2.tgz 1193ms (cache miss)
285 http fetch GET 200 https://registry.npmjs.org/typed-array-length/-/typed-array-length-1.0.4.tgz 1206ms (cache miss)
286 http fetch GET 200 https://registry.npmjs.org/regexp.prototype.flags/-/regexp.prototype.flags-1.5.1.tgz 1179ms (cache miss)
287 http fetch GET 200 https://registry.npmjs.org/string.prototype.matchall/-/string.prototype.matchall-4.0.10.tgz 1200ms (cache miss)
288 http fetch GET 200 https://registry.npmjs.org/string.prototype.trimstart/-/string.prototype.trimstart-1.0.7.tgz 1216ms (cache miss)
289 http fetch GET 200 https://registry.npmjs.org/scheduler/-/scheduler-0.23.0.tgz 1218ms (cache miss)
290 http fetch GET 200 https://registry.npmjs.org/reflect.getprototypeof/-/reflect.getprototypeof-1.0.4.tgz 1354ms (cache miss)
291 http fetch GET 200 https://registry.npmjs.org/picocolors/-/picocolors-1.0.0.tgz 1396ms (cache miss)
292 http fetch GET 200 https://registry.npmjs.org/optionator/-/optionator-0.9.3.tgz 1408ms (cache miss)
293 http fetch GET 200 https://registry.npmjs.org/proxy-from-env/-/proxy-from-env-1.1.0.tgz 1416ms (cache miss)
294 http fetch GET 200 https://registry.npmjs.org/redux-thunk/-/redux-thunk-3.1.0.tgz 1429ms (cache miss)
295 http fetch GET 200 https://registry.npmjs.org/react-refresh/-/react-refresh-0.14.0.tgz 1436ms (cache miss)
296 http fetch GET 200 https://registry.npmjs.org/redux/-/redux-5.0.1.tgz 1498ms (cache miss)
297 http fetch GET 200 https://registry.npmjs.org/reselect/-/reselect-5.0.1.tgz 1567ms (cache miss)
298 http fetch GET 200 https://registry.npmjs.org/react-toastify/-/react-toastify-9.1.3.tgz 1588ms (cache miss)
299 http fetch GET 200 https://registry.npmjs.org/postcss/-/postcss-8.4.32.tgz 1587ms (cache miss)
300 http fetch GET 200 https://registry.npmjs.org/object.assign/-/object.assign-4.1.5.tgz 1586ms (cache miss)
301 http fetch GET 200 https://registry.npmjs.org/object.hasown/-/object.hasown-1.1.3.tgz 1590ms (cache miss)
302 http fetch GET 200 https://registry.npmjs.org/react/-/react-18.2.0.tgz 1606ms (cache miss)
303 http fetch GET 200 https://registry.npmjs.org/jsesc/-/jsesc-2.5.2.tgz 1621ms (cache miss)
304 http fetch GET 200 https://registry.npmjs.org/ms/-/ms-2.1.2.tgz 1661ms (cache miss)
305 http fetch GET 200 https://registry.npmjs.org/object.values/-/object.values-1.1.7.tgz 1667ms (cache miss)
306 http fetch GET 200 https://registry.npmjs.org/node-releases/-/node-releases-2.0.14.tgz 1664ms (cache miss)
307 http fetch GET 200 https://registry.npmjs.org/rollup/-/rollup-4.9.1.tgz 1699ms (cache miss)
308 http fetch GET 200 https://registry.npmjs.org/iterator.prototype/-/iterator.prototype-1.1.2.tgz 1691ms (cache miss)
309 http fetch GET 200 https://registry.npmjs.org/is-weakmap/-/is-weakmap-2.0.1.tgz 1697ms (cache miss)
310 http fetch GET 200 https://registry.npmjs.org/object.fromentries/-/object.fromentries-2.0.7.tgz 1709ms (cache miss)
311 http fetch GET 200 https://registry.npmjs.org/is-weakref/-/is-weakref-1.0.2.tgz 1705ms (cache miss)
312 http fetch GET 200 https://registry.npmjs.org/is-string/-/is-string-1.0.7.tgz 1704ms (cache miss)
313 http fetch GET 200 https://registry.npmjs.org/react-redux/-/react-redux-9.0.4.tgz 1740ms (cache miss)
314 http fetch GET 200 https://registry.npmjs.org/is-weakset/-/is-weakset-2.0.2.tgz 1719ms (cache miss)
315 http fetch GET 200 https://registry.npmjs.org/nanoid/-/nanoid-3.3.7.tgz 1726ms (cache miss)
316 http fetch GET 200 https://registry.npmjs.org/object-inspect/-/object-inspect-1.13.1.tgz 1731ms (cache miss)
317 http fetch GET 200 https://registry.npmjs.org/object.entries/-/object.entries-1.1.7.tgz 1729ms (cache miss)
318 http fetch GET 200 https://registry.npmjs.org/is-symbol/-/is-symbol-1.0.4.tgz 1714ms (cache miss)
319 http fetch GET 200 https://registry.npmjs.org/vite/-/vite-5.0.10.tgz 1797ms (cache miss)
320 http fetch GET 200 https://registry.npmjs.org/is-typed-array/-/is-typed-array-1.1.12.tgz 1907ms (cache miss)
321 http fetch GET 200 https://registry.npmjs.org/is-finalizationregistry/-/is-finalizationregistry-1.0.2.tgz 2039ms (cache miss)
322 http fetch GET 200 https://registry.npmjs.org/is-shared-array-buffer/-/is-shared-array-buffer-1.0.2.tgz 2091ms (cache miss)
323 http fetch GET 200 https://registry.npmjs.org/is-date-object/-/is-date-object-1.0.5.tgz 2083ms (cache miss)
324 http fetch GET 200 https://registry.npmjs.org/is-negative-zero/-/is-negative-zero-2.0.2.tgz 2094ms (cache miss)
325 http fetch GET 200 https://registry.npmjs.org/is-regex/-/is-regex-1.1.4.tgz 2097ms (cache miss)
326 http fetch GET 200 https://registry.npmjs.org/is-map/-/is-map-2.0.2.tgz 2110ms (cache miss)
327 http fetch GET 200 https://registry.npmjs.org/is-core-module/-/is-core-module-2.13.1.tgz 2103ms (cache miss)
328 http fetch GET 200 https://registry.npmjs.org/is-boolean-object/-/is-boolean-object-1.1.2.tgz 2106ms (cache miss)
329 http fetch GET 200 https://registry.npmjs.org/is-set/-/is-set-2.0.2.tgz 2122ms (cache miss)
330 http fetch GET 200 https://registry.npmjs.org/is-generator-function/-/is-generator-function-1.0.10.tgz 2116ms (cache miss)
331 http fetch GET 200 https://registry.npmjs.org/is-number-object/-/is-number-object-1.0.7.tgz 2128ms (cache miss)
332 http fetch GET 200 https://registry.npmjs.org/is-array-buffer/-/is-array-buffer-3.0.2.tgz 2119ms (cache miss)
333 http fetch GET 200 https://registry.npmjs.org/internal-slot/-/internal-slot-1.0.6.tgz 2124ms (cache miss)
334 http fetch GET 200 https://registry.npmjs.org/is-bigint/-/is-bigint-1.0.4.tgz 2271ms (cache miss)
335 http fetch GET 200 https://registry.npmjs.org/hasown/-/hasown-2.0.0.tgz 2533ms (cache miss)
336 http fetch GET 200 https://registry.npmjs.org/import-fresh/-/import-fresh-3.3.0.tgz 2556ms (cache miss)
337 http fetch GET 200 https://registry.npmjs.org/has-bigints/-/has-bigints-1.0.2.tgz 2654ms (cache miss)
338 http fetch GET 200 https://registry.npmjs.org/for-each/-/for-each-0.3.3.tgz 2653ms (cache miss)
339 http fetch GET 200 https://registry.npmjs.org/has-property-descriptors/-/has-property-descriptors-1.0.1.tgz 2689ms (cache miss)
340 http fetch GET 200 https://registry.npmjs.org/has-proto/-/has-proto-1.0.1.tgz 2693ms (cache miss)
341 http fetch GET 200 https://registry.npmjs.org/has-symbols/-/has-symbols-1.0.3.tgz 2707ms (cache miss)
342 http fetch GET 200 https://registry.npmjs.org/get-symbol-description/-/get-symbol-description-1.0.0.tgz 2694ms (cache miss)
343 http fetch GET 200 https://registry.npmjs.org/gopd/-/gopd-1.0.1.tgz 2695ms (cache miss)
344 http fetch GET 200 https://registry.npmjs.org/escalade/-/escalade-3.1.1.tgz 2674ms (cache miss)
345 http fetch GET 200 https://registry.npmjs.org/form-data/-/form-data-4.0.0.tgz 2682ms (cache miss)
346 http fetch GET 200 https://registry.npmjs.org/follow-redirects/-/follow-redirects-1.15.3.tgz 2692ms (cache miss)
347 http fetch GET 200 https://registry.npmjs.org/eslint-plugin-react-refresh/-/eslint-plugin-react-refresh-0.4.5.tgz 2687ms (cache miss)
348 http fetch GET 200 https://registry.npmjs.org/es-set-tostringtag/-/es-set-tostringtag-2.0.2.tgz 2689ms (cache miss)
349 http fetch GET 200 https://registry.npmjs.org/es-shim-unscopables/-/es-shim-unscopables-1.0.2.tgz 2696ms (cache miss)
350 http fetch GET 200 https://registry.npmjs.org/debug/-/debug-4.3.4.tgz 2687ms (cache miss)
351 http fetch GET 200 https://registry.npmjs.org/is-async-function/-/is-async-function-2.0.0.tgz 2740ms (cache miss)
352 http fetch GET 200 https://registry.npmjs.org/cross-spawn/-/cross-spawn-7.0.3.tgz 2700ms (cache miss)
353 http fetch GET 200 https://registry.npmjs.org/clsx/-/clsx-1.2.1.tgz 2699ms (cache miss)
354 http fetch GET 200 https://registry.npmjs.org/globalthis/-/globalthis-1.0.3.tgz 2756ms (cache miss)
355 http fetch GET 200 https://registry.npmjs.org/arraybuffer.prototype.slice/-/arraybuffer.prototype.slice-1.0.2.tgz 2712ms (cache miss)
356 http fetch GET 200 https://registry.npmjs.org/available-typed-arrays/-/available-typed-arrays-1.0.5.tgz 2713ms (cache miss)
357 http fetch GET 200 https://registry.npmjs.org/array-includes/-/array-includes-3.1.7.tgz 2710ms (cache miss)
358 http fetch GET 200 https://registry.npmjs.org/asynciterator.prototype/-/asynciterator.prototype-1.0.0.tgz 2708ms (cache miss)
359 http fetch GET 200 https://registry.npmjs.org/array.prototype.tosorted/-/array.prototype.tosorted-1.1.2.tgz 2708ms (cache miss)
360 http fetch GET 200 https://registry.npmjs.org/get-intrinsic/-/get-intrinsic-1.2.2.tgz 2756ms (cache miss)
361 http fetch GET 200 https://registry.npmjs.org/esbuild/-/esbuild-0.19.10.tgz 2742ms (cache miss)
362 http fetch GET 200 https://registry.npmjs.org/define-data-property/-/define-data-property-1.1.1.tgz 2737ms (cache miss)
363 http fetch GET 200 https://registry.npmjs.org/array.prototype.flatmap/-/array.prototype.flatmap-1.3.2.tgz 2716ms (cache miss)
364 http fetch GET 200 https://registry.npmjs.org/array-buffer-byte-length/-/array-buffer-byte-length-1.0.0.tgz 2716ms (cache miss)
365 http fetch GET 200 https://registry.npmjs.org/has-tostringtag/-/has-tostringtag-1.0.0.tgz 2787ms (cache miss)
366 http fetch GET 200 https://registry.npmjs.org/eslint-plugin-react-hooks/-/eslint-plugin-react-hooks-4.6.0.tgz 2752ms (cache miss)
367 http fetch GET 200 https://registry.npmjs.org/call-bind/-/call-bind-1.0.5.tgz 2736ms (cache miss)
368 http fetch GET 200 https://registry.npmjs.org/function.prototype.name/-/function.prototype.name-1.1.6.tgz 2771ms (cache miss)
369 http fetch GET 200 https://registry.npmjs.org/flatted/-/flatted-3.2.9.tgz 2768ms (cache miss)
370 http fetch GET 200 https://registry.npmjs.org/browserslist/-/browserslist-4.22.2.tgz 2743ms (cache miss)
371 http fetch GET 200 https://registry.npmjs.org/ignore/-/ignore-5.3.0.tgz 2794ms (cache miss)
372 http fetch GET 200 https://registry.npmjs.org/es-to-primitive/-/es-to-primitive-1.2.1.tgz 2759ms (cache miss)
373 http fetch GET 200 https://registry.npmjs.org/fastq/-/fastq-1.16.0.tgz 2774ms (cache miss)
374 http fetch GET 200 https://registry.npmjs.org/array.prototype.flat/-/array.prototype.flat-1.3.2.tgz 2740ms (cache miss)
375 http fetch GET 200 https://registry.npmjs.org/@types/use-sync-external-store/-/use-sync-external-store-0.0.3.tgz 2735ms (cache miss)
376 http fetch GET 200 https://registry.npmjs.org/@types/react-dom/-/react-dom-18.2.18.tgz 2736ms (cache miss)
377 http fetch GET 200 https://registry.npmjs.org/@types/scheduler/-/scheduler-0.16.8.tgz 2741ms (cache miss)
378 http fetch GET 200 https://registry.npmjs.org/electron-to-chromium/-/electron-to-chromium-1.4.616.tgz 2793ms (cache miss)
379 http fetch GET 200 https://registry.npmjs.org/@types/react/-/react-18.2.45.tgz 2824ms (cache miss)
380 http fetch GET 200 https://registry.npmjs.org/acorn/-/acorn-8.11.2.tgz 2872ms (cache miss)
381 http fetch GET 200 https://registry.npmjs.org/react-dom/-/react-dom-18.2.0.tgz 3013ms (cache miss)
382 http fetch GET 200 https://registry.npmjs.org/esquery/-/esquery-1.5.0.tgz 2952ms (cache miss)
383 http fetch GET 200 https://registry.npmjs.org/immer/-/immer-10.0.3.tgz 2991ms (cache miss)
384 http fetch GET 200 https://registry.npmjs.org/csstype/-/csstype-3.1.3.tgz 2953ms (cache miss)
385 http fetch GET 200 https://registry.npmjs.org/@types/prop-types/-/prop-types-15.7.11.tgz 2984ms (cache miss)
386 http fetch GET 200 https://registry.npmjs.org/@vitejs/plugin-react/-/plugin-react-4.2.1.tgz 3005ms (cache miss)
387 http fetch GET 200 https://registry.npmjs.org/es-iterator-helpers/-/es-iterator-helpers-1.0.15.tgz 3086ms (cache miss)
388 http fetch GET 200 https://registry.npmjs.org/@ungap/structured-clone/-/structured-clone-1.2.0.tgz 3105ms (cache miss)
389 http fetch GET 200 https://registry.npmjs.org/eslint-plugin-react/-/eslint-plugin-react-7.33.2.tgz 3261ms (cache miss)
390 http fetch GET 200 https://registry.npmjs.org/axios/-/axios-1.6.2.tgz 3240ms (cache miss)
391 http fetch GET 200 https://registry.npmjs.org/@jridgewell/set-array/-/set-array-1.1.2.tgz 3340ms (cache miss)
392 http fetch GET 200 https://registry.npmjs.org/@jridgewell/trace-mapping/-/trace-mapping-0.3.20.tgz 3365ms (cache miss)
393 http fetch GET 200 https://registry.npmjs.org/@eslint-community/regexpp/-/regexpp-4.10.0.tgz 3369ms (cache miss)
394 http fetch GET 200 https://registry.npmjs.org/@types/babel__traverse/-/babel__traverse-7.20.4.tgz 3452ms (cache miss)
395 http fetch GET 200 https://registry.npmjs.org/@jridgewell/resolve-uri/-/resolve-uri-3.1.1.tgz 3449ms (cache miss)
396 http fetch GET 200 https://registry.npmjs.org/@jridgewell/sourcemap-codec/-/sourcemap-codec-1.4.15.tgz 3519ms (cache miss)
397 http fetch GET 200 https://registry.npmjs.org/@humanwhocodes/object-schema/-/object-schema-2.0.1.tgz 3776ms (cache miss)
398 http fetch GET 200 https://registry.npmjs.org/@eslint/js/-/js-8.56.0.tgz 3774ms (cache miss)
399 http fetch GET 200 https://registry.npmjs.org/@jridgewell/gen-mapping/-/gen-mapping-0.3.3.tgz 3777ms (cache miss)
400 http fetch GET 200 https://registry.npmjs.org/@humanwhocodes/config-array/-/config-array-0.11.13.tgz 3790ms (cache miss)
401 http fetch GET 200 https://registry.npmjs.org/@eslint-community/eslint-utils/-/eslint-utils-4.4.0.tgz 3814ms (cache miss)
402 http fetch GET 200 https://registry.npmjs.org/@babel/template/-/template-7.22.15.tgz 3812ms (cache miss)
403 http fetch GET 200 https://registry.npmjs.org/@rollup/rollup-linux-x64-musl/-/rollup-linux-x64-musl-4.9.1.tgz 3902ms (cache miss)
404 http fetch GET 200 https://registry.npmjs.org/@babel/traverse/-/traverse-7.23.6.tgz 3920ms (cache miss)
405 http fetch GET 200 https://registry.npmjs.org/eslint/-/eslint-8.56.0.tgz 4014ms (cache miss)
406 http fetch GET 200 https://registry.npmjs.org/@babel/plugin-transform-react-jsx-source/-/plugin-transform-react-jsx-source-7.23.3.tgz 4039ms (cache miss)
407 http fetch GET 200 https://registry.npmjs.org/caniuse-lite/-/caniuse-lite-1.0.30001571.tgz 4156ms (cache miss)
408 http fetch GET 200 https://registry.npmjs.org/@babel/plugin-transform-react-jsx-self/-/plugin-transform-react-jsx-self-7.23.3.tgz 4163ms (cache miss)
409 http fetch GET 200 https://registry.npmjs.org/@rollup/rollup-linux-x64-gnu/-/rollup-linux-x64-gnu-4.9.1.tgz 4215ms (cache miss)
410 http fetch GET 200 https://registry.npmjs.org/@babel/highlight/-/highlight-7.23.4.tgz 4232ms (cache miss)
411 http fetch GET 200 https://registry.npmjs.org/@reduxjs/toolkit/-/toolkit-2.0.1.tgz 4304ms (cache miss)
412 http fetch GET 200 https://registry.npmjs.org/es-abstract/-/es-abstract-1.22.3.tgz 4443ms (cache miss)
413 http fetch GET 200 https://registry.npmjs.org/@babel/types/-/types-7.23.6.tgz 4729ms (cache miss)
414 http fetch GET 200 https://registry.npmjs.org/@babel/helper-validator-identifier/-/helper-validator-identifier-7.22.20.tgz 4928ms (cache miss)
415 http fetch GET 200 https://registry.npmjs.org/@babel/helper-validator-option/-/helper-validator-option-7.23.5.tgz 4930ms (cache miss)
416 http fetch GET 200 https://registry.npmjs.org/@babel/helpers/-/helpers-7.23.6.tgz 4969ms (cache miss)
417 http fetch GET 200 https://registry.npmjs.org/@babel/helper-string-parser/-/helper-string-parser-7.23.4.tgz 5045ms (cache miss)
418 http fetch GET 200 https://registry.npmjs.org/@babel/helper-simple-access/-/helper-simple-access-7.22.5.tgz 5073ms (cache miss)
419 http fetch GET 200 https://registry.npmjs.org/@babel/parser/-/parser-7.23.6.tgz 5168ms (cache miss)
420 http fetch GET 200 https://registry.npmjs.org/@babel/helper-plugin-utils/-/helper-plugin-utils-7.22.5.tgz 5181ms (cache miss)
421 http fetch GET 200 https://registry.npmjs.org/@babel/helper-module-imports/-/helper-module-imports-7.22.15.tgz 5350ms (cache miss)
422 http fetch GET 200 https://registry.npmjs.org/@babel/helper-hoist-variables/-/helper-hoist-variables-7.22.5.tgz 5377ms (cache miss)
423 http fetch GET 200 https://registry.npmjs.org/@babel/helper-compilation-targets/-/helper-compilation-targets-7.23.6.tgz 5378ms (cache miss)
424 http fetch GET 200 https://registry.npmjs.org/@babel/helper-function-name/-/helper-function-name-7.23.0.tgz 5393ms (cache miss)
425 http fetch GET 200 https://registry.npmjs.org/@babel/helper-environment-visitor/-/helper-environment-visitor-7.22.20.tgz 5452ms (cache miss)
426 http fetch GET 200 https://registry.npmjs.org/@babel/code-frame/-/code-frame-7.23.5.tgz 5458ms (cache miss)
427 http fetch GET 200 https://registry.npmjs.org/axios 5027ms (cache miss)
428 silly packumentCache corgi:https://registry.npmjs.org/axios set size:undefined disposed:false
429 http fetch GET 200 https://registry.npmjs.org/@babel/helper-split-export-declaration/-/helper-split-export-declaration-7.22.6.tgz 5518ms (cache miss)
430 http fetch GET 200 https://registry.npmjs.org/@aashutoshrathi/word-wrap/-/word-wrap-1.2.6.tgz 5541ms (cache miss)
431 http fetch GET 200 https://registry.npmjs.org/cross-spawn 5199ms (cache miss)
432 silly packumentCache corgi:https://registry.npmjs.org/cross-spawn set size:undefined disposed:false
433 http fetch GET 200 https://registry.npmjs.org/@babel/compat-data/-/compat-data-7.23.5.tgz 5641ms (cache miss)
434 http fetch GET 200 https://registry.npmjs.org/@babel/core/-/core-7.23.6.tgz 5655ms (cache miss)
435 http fetch GET 200 https://registry.npmjs.org/@babel/helper-module-transforms/-/helper-module-transforms-7.23.3.tgz 5731ms (cache miss)
436 http fetch GET 200 https://registry.npmjs.org/@ampproject/remapping/-/remapping-2.2.1.tgz 5744ms (cache miss)
437 http fetch GET 200 https://registry.npmjs.org/nanoid 5408ms (cache miss)
438 silly packumentCache corgi:https://registry.npmjs.org/nanoid set size:undefined disposed:false
439 http fetch GET 200 https://registry.npmjs.org/@babel/generator/-/generator-7.23.6.tgz 5887ms (cache miss)
440 http fetch GET 200 https://registry.npmjs.org/follow-redirects 5543ms (cache miss)
441 silly packumentCache corgi:https://registry.npmjs.org/follow-redirects set size:undefined disposed:false
442 http fetch GET 200 https://registry.npmjs.org/rollup 6074ms (cache miss)
443 silly packumentCache corgi:https://registry.npmjs.org/rollup set size:undefined disposed:false
444 http fetch GET 200 https://registry.npmjs.org/vite 6784ms (cache miss)
445 silly packumentCache corgi:https://registry.npmjs.org/vite set size:undefined disposed:false
446 silly packumentCache corgi:https://registry.npmjs.org/eslint cache-miss
447 http fetch GET 200 https://registry.npmjs.org/eslint 156ms (cache miss)
448 silly packumentCache corgi:https://registry.npmjs.org/eslint set size:undefined disposed:false
449 silly packumentCache corgi:https://registry.npmjs.org/postcss cache-miss
450 http fetch GET 200 https://registry.npmjs.org/@esbuild/linux-x64/-/linux-x64-0.19.10.tgz 7816ms (cache miss)
451 info run esbuild@0.19.10 postinstall node_modules/esbuild node install.js
452 http fetch GET 200 https://registry.npmjs.org/postcss 128ms (cache updated)
453 silly packumentCache corgi:https://registry.npmjs.org/postcss set size:undefined disposed:false
454 info run esbuild@0.19.10 postinstall { code: 0, signal: null }
455 silly packumentCache corgi:https://registry.npmjs.org/@vitejs%2fplugin-react cache-miss
456 http fetch GET 200 https://registry.npmjs.org/@vitejs%2fplugin-react 100ms (cache miss)
457 silly packumentCache corgi:https://registry.npmjs.org/@vitejs%2fplugin-react set size:undefined disposed:false
458 silly ADD node_modules/web-vitals
459 silly ADD node_modules/yocto-queue
460 silly ADD node_modules/yallist
461 silly ADD node_modules/wrappy
462 silly ADD node_modules/which-typed-array
463 silly ADD node_modules/which-collection
464 silly ADD node_modules/which-builtin-type
465 silly ADD node_modules/which-boxed-primitive
466 silly ADD node_modules/which
467 silly ADD node_modules/vite
468 silly ADD node_modules/use-sync-external-store
469 silly ADD node_modules/uri-js
470 silly ADD node_modules/update-browserslist-db
471 silly ADD node_modules/unbox-primitive
472 silly ADD node_modules/typed-array-length
473 silly ADD node_modules/typed-array-byte-offset
474 silly ADD node_modules/typed-array-byte-length
475 silly ADD node_modules/typed-array-buffer
476 silly ADD node_modules/type-fest
477 silly ADD node_modules/type-check
478 silly ADD node_modules/to-fast-properties
479 silly ADD node_modules/text-table
480 silly ADD node_modules/supports-preserve-symlinks-flag
481 silly ADD node_modules/supports-color
482 silly ADD node_modules/strip-json-comments
483 silly ADD node_modules/strip-ansi
484 silly ADD node_modules/string.prototype.trimstart
485 silly ADD node_modules/string.prototype.trimend
486 silly ADD node_modules/string.prototype.trim
487 silly ADD node_modules/string.prototype.matchall
488 silly ADD node_modules/source-map-js
489 silly ADD node_modules/side-channel
490 silly ADD node_modules/shebang-regex
491 silly ADD node_modules/shebang-command
492 silly ADD node_modules/set-function-name
493 silly ADD node_modules/set-function-length
494 silly ADD node_modules/semver
495 silly ADD node_modules/scheduler
496 silly ADD node_modules/safe-regex-test
497 silly ADD node_modules/safe-array-concat
498 silly ADD node_modules/run-parallel
499 silly ADD node_modules/rollup
500 silly ADD node_modules/rimraf
501 silly ADD node_modules/reusify
502 silly ADD node_modules/resolve-from
503 silly ADD node_modules/resolve
504 silly ADD node_modules/reselect
505 silly ADD node_modules/regexp.prototype.flags
506 silly ADD node_modules/reflect.getprototypeof
507 silly ADD node_modules/redux-thunk
508 silly ADD node_modules/redux
509 silly ADD node_modules/react-toastify
510 silly ADD node_modules/react-refresh
511 silly ADD node_modules/react-redux
512 silly ADD node_modules/react-is
513 silly ADD node_modules/react-dom
514 silly ADD node_modules/react
515 silly ADD node_modules/queue-microtask
516 silly ADD node_modules/punycode
517 silly ADD node_modules/proxy-from-env
518 silly ADD node_modules/prop-types
519 silly ADD node_modules/prelude-ls
520 silly ADD node_modules/postcss
521 silly ADD node_modules/picocolors
522 silly ADD node_modules/path-parse
523 silly ADD node_modules/path-key
524 silly ADD node_modules/path-is-absolute
525 silly ADD node_modules/path-exists
526 silly ADD node_modules/parent-module
527 silly ADD node_modules/p-locate
528 silly ADD node_modules/p-limit
529 silly ADD node_modules/optionator
530 silly ADD node_modules/once
531 silly ADD node_modules/object.values
532 silly ADD node_modules/object.hasown
533 silly ADD node_modules/object.fromentries
534 silly ADD node_modules/object.entries
535 silly ADD node_modules/object.assign
536 silly ADD node_modules/object-keys
537 silly ADD node_modules/object-inspect
538 silly ADD node_modules/object-assign
539 silly ADD node_modules/node-releases
540 silly ADD node_modules/natural-compare
541 silly ADD node_modules/nanoid
542 silly ADD node_modules/ms
543 silly ADD node_modules/minimatch
544 silly ADD node_modules/mime-types
545 silly ADD node_modules/mime-db
546 silly ADD node_modules/lru-cache
547 silly ADD node_modules/loose-envify
548 silly ADD node_modules/lodash.merge
549 silly ADD node_modules/locate-path
550 silly ADD node_modules/levn
551 silly ADD node_modules/keyv
552 silly ADD node_modules/jsx-ast-utils
553 silly ADD node_modules/json5
554 silly ADD node_modules/json-stable-stringify-without-jsonify
555 silly ADD node_modules/json-schema-traverse
556 silly ADD node_modules/json-buffer
557 silly ADD node_modules/jsesc
558 silly ADD node_modules/js-yaml
559 silly ADD node_modules/js-tokens
560 silly ADD node_modules/iterator.prototype
561 silly ADD node_modules/isexe
562 silly ADD node_modules/isarray
563 silly ADD node_modules/is-weakset
564 silly ADD node_modules/is-weakref
565 silly ADD node_modules/is-weakmap
566 silly ADD node_modules/is-typed-array
567 silly ADD node_modules/is-symbol
568 silly ADD node_modules/is-string
569 silly ADD node_modules/is-shared-array-buffer
570 silly ADD node_modules/is-set
571 silly ADD node_modules/is-regex
572 silly ADD node_modules/is-path-inside
573 silly ADD node_modules/is-number-object
574 silly ADD node_modules/is-negative-zero
575 silly ADD node_modules/is-map
576 silly ADD node_modules/is-glob
577 silly ADD node_modules/is-generator-function
578 silly ADD node_modules/is-finalizationregistry
579 silly ADD node_modules/is-extglob
580 silly ADD node_modules/is-date-object
581 silly ADD node_modules/is-core-module
582 silly ADD node_modules/is-callable
583 silly ADD node_modules/is-boolean-object
584 silly ADD node_modules/is-bigint
585 silly ADD node_modules/is-async-function
586 silly ADD node_modules/is-array-buffer
587 silly ADD node_modules/internal-slot
588 silly ADD node_modules/inherits
589 silly ADD node_modules/inflight
590 silly ADD node_modules/imurmurhash
591 silly ADD node_modules/import-fresh
592 silly ADD node_modules/immer
593 silly ADD node_modules/ignore
594 silly ADD node_modules/hasown
595 silly ADD node_modules/has-tostringtag
596 silly ADD node_modules/has-symbols
597 silly ADD node_modules/has-proto
598 silly ADD node_modules/has-property-descriptors
599 silly ADD node_modules/has-flag
600 silly ADD node_modules/has-bigints
601 silly ADD node_modules/graphemer
602 silly ADD node_modules/gopd
603 silly ADD node_modules/globalthis
604 silly ADD node_modules/globals
605 silly ADD node_modules/glob-parent
606 silly ADD node_modules/glob
607 silly ADD node_modules/get-symbol-description
608 silly ADD node_modules/get-intrinsic
609 silly ADD node_modules/gensync
610 silly ADD node_modules/functions-have-names
611 silly ADD node_modules/function.prototype.name
612 silly ADD node_modules/function-bind
613 silly ADD
614 silly ADD node_modules/fs.realpath
615 silly ADD node_modules/form-data
616 silly ADD node_modules/for-each
617 silly ADD node_modules/follow-redirects
618 silly ADD node_modules/flatted
619 silly ADD node_modules/flat-cache
620 silly ADD node_modules/find-up
621 silly ADD node_modules/file-entry-cache
622 silly ADD node_modules/fastq
623 silly ADD node_modules/fast-levenshtein
624 silly ADD node_modules/fast-json-stable-stringify
625 silly ADD node_modules/fast-deep-equal
626 silly ADD node_modules/esutils
627 silly ADD node_modules/estraverse
628 silly ADD node_modules/esrecurse
629 silly ADD node_modules/esquery
630 silly ADD node_modules/espree
631 silly ADD node_modules/eslint-visitor-keys
632 silly ADD node_modules/eslint-scope
633 silly ADD node_modules/eslint-plugin-react-refresh
634 silly ADD node_modules/eslint-plugin-react-hooks
635 silly ADD node_modules/eslint-plugin-react
636 silly ADD node_modules/eslint-plugin-react/node_modules/doctrine
637 silly ADD node_modules/eslint
638 silly ADD node_modules/eslint/node_modules/supports-color
639 silly ADD node_modules/eslint/node_modules/has-flag
640 silly ADD node_modules/eslint/node_modules/globals
641 silly ADD node_modules/eslint/node_modules/escape-string-regexp
642 silly ADD node_modules/eslint/node_modules/color-name
643 silly ADD node_modules/eslint/node_modules/color-convert
644 silly ADD node_modules/eslint/node_modules/chalk
645 silly ADD node_modules/eslint/node_modules/ansi-styles
646 silly ADD node_modules/escape-string-regexp
647 silly ADD node_modules/escalade
648 silly ADD node_modules/esbuild
649 silly ADD node_modules/es-to-primitive
650 silly ADD node_modules/es-shim-unscopables
651 silly ADD node_modules/es-set-tostringtag
652 silly ADD node_modules/es-iterator-helpers
653 silly ADD node_modules/es-abstract
654 silly ADD node_modules/electron-to-chromium
655 silly ADD node_modules/doctrine
656 silly ADD node_modules/delayed-stream
657 silly ADD node_modules/define-properties
658 silly ADD node_modules/define-data-property
659 silly ADD node_modules/deep-is
660 silly ADD node_modules/debug
661 silly ADD node_modules/csstype
662 silly ADD node_modules/cross-spawn
663 silly ADD node_modules/convert-source-map
664 silly ADD node_modules/concat-map
665 silly ADD node_modules/combined-stream
666 silly ADD node_modules/color-name
667 silly ADD node_modules/color-convert
668 silly ADD node_modules/clsx
669 silly ADD node_modules/chalk
670 silly ADD node_modules/caniuse-lite
671 silly ADD node_modules/callsites
672 silly ADD node_modules/call-bind
673 silly ADD node_modules/browserslist
674 silly ADD node_modules/brace-expansion
675 silly ADD node_modules/balanced-match
676 silly ADD node_modules/axios
677 silly ADD node_modules/available-typed-arrays
678 silly ADD node_modules/asynckit
679 silly ADD node_modules/asynciterator.prototype
680 silly ADD node_modules/arraybuffer.prototype.slice
681 silly ADD node_modules/array.prototype.tosorted
682 silly ADD node_modules/array.prototype.flatmap
683 silly ADD node_modules/array.prototype.flat
684 silly ADD node_modules/array-includes
685 silly ADD node_modules/array-buffer-byte-length
686 silly ADD node_modules/argparse
687 silly ADD node_modules/ansi-styles
688 silly ADD node_modules/ansi-regex
689 silly ADD node_modules/ajv
690 silly ADD node_modules/acorn-jsx
691 silly ADD node_modules/acorn
692 silly ADD node_modules/@vitejs/plugin-react
693 silly ADD node_modules/@ungap/structured-clone
694 silly ADD node_modules/@types/use-sync-external-store
695 silly ADD node_modules/@types/scheduler
696 silly ADD node_modules/@types/react-dom
697 silly ADD node_modules/@types/react
698 silly ADD node_modules/@types/prop-types
699 silly ADD node_modules/@types/babel__traverse
700 silly ADD node_modules/@types/babel__template
701 silly ADD node_modules/@types/babel__generator
702 silly ADD node_modules/@types/babel__core
703 silly ADD
704 silly ADD
705 silly ADD
706 silly ADD node_modules/@rollup/rollup-linux-x64-musl
707 silly ADD node_modules/@rollup/rollup-linux-x64-gnu
708 silly ADD
709 silly ADD
710 silly ADD
711 silly ADD
712 silly ADD
713 silly ADD
714 silly ADD
715 silly ADD
716 silly ADD node_modules/@reduxjs/toolkit
717 silly ADD node_modules/@nodelib/fs.walk
718 silly ADD node_modules/@nodelib/fs.stat
719 silly ADD node_modules/@nodelib/fs.scandir
720 silly ADD node_modules/@jridgewell/trace-mapping
721 silly ADD node_modules/@jridgewell/sourcemap-codec
722 silly ADD node_modules/@jridgewell/set-array
723 silly ADD node_modules/@jridgewell/resolve-uri
724 silly ADD node_modules/@jridgewell/gen-mapping
725 silly ADD node_modules/@humanwhocodes/object-schema
726 silly ADD node_modules/@humanwhocodes/module-importer
727 silly ADD node_modules/@humanwhocodes/config-array
728 silly ADD node_modules/@eslint/js
729 silly ADD node_modules/@eslint/eslintrc
730 silly ADD node_modules/@eslint/eslintrc/node_modules/globals
731 silly ADD node_modules/@eslint-community/regexpp
732 silly ADD node_modules/@eslint-community/eslint-utils
733 silly ADD
734 silly ADD
735 silly ADD
736 silly ADD
737 silly ADD
738 silly ADD
739 silly ADD node_modules/@esbuild/linux-x64
740 silly ADD
741 silly ADD
742 silly ADD
743 silly ADD
744 silly ADD
745 silly ADD
746 silly ADD
747 silly ADD
748 silly ADD
749 silly ADD
750 silly ADD
751 silly ADD
752 silly ADD
753 silly ADD
754 silly ADD
755 silly ADD
756 silly ADD node_modules/@babel/types
757 silly ADD node_modules/@babel/traverse
758 silly ADD node_modules/@babel/template
759 silly ADD node_modules/@babel/plugin-transform-react-jsx-source
760 silly ADD node_modules/@babel/plugin-transform-react-jsx-self
761 silly ADD node_modules/@babel/parser
762 silly ADD node_modules/@babel/highlight
763 silly ADD node_modules/@babel/helpers
764 silly ADD node_modules/@babel/helper-validator-option
765 silly ADD node_modules/@babel/helper-validator-identifier
766 silly ADD node_modules/@babel/helper-string-parser
767 silly ADD node_modules/@babel/helper-split-export-declaration
768 silly ADD node_modules/@babel/helper-simple-access
769 silly ADD node_modules/@babel/helper-plugin-utils
770 silly ADD node_modules/@babel/helper-module-transforms
771 silly ADD node_modules/@babel/helper-module-imports
772 silly ADD node_modules/@babel/helper-hoist-variables
773 silly ADD node_modules/@babel/helper-function-name
774 silly ADD node_modules/@babel/helper-environment-visitor
775 silly ADD node_modules/@babel/helper-compilation-targets
776 silly ADD node_modules/@babel/generator
777 silly ADD node_modules/@babel/core
778 silly ADD node_modules/@babel/compat-data
779 silly ADD node_modules/@babel/code-frame
780 silly ADD node_modules/@ampproject/remapping
781 silly ADD node_modules/@aashutoshrathi/word-wrap
782 verbose cwd /home/miracle/Simple-MERN-App/client
783 verbose os Linux 6.8.0-52-generic
784 verbose node v18.20.6
785 verbose npm  v10.8.2
786 verbose exit 0
787 info ok
